{"/home/oliver/apps/osrs-market/server/mongoDataPersistence.js": {"path":"/home/oliver/apps/osrs-market/server/mongoDataPersistence.js","statementMap":{"0":{"start":{"line":12,"column":24},"end":{"line":12,"column":42}},"1":{"start":{"line":20,"column":4},"end":{"line":29,"column":6}},"2":{"start":{"line":31,"column":4},"end":{"line":31,"column":23}},"3":{"start":{"line":32,"column":4},"end":{"line":32,"column":25}},"4":{"start":{"line":33,"column":4},"end":{"line":33,"column":29}},"5":{"start":{"line":34,"column":4},"end":{"line":34,"column":31}},"6":{"start":{"line":35,"column":4},"end":{"line":35,"column":34}},"7":{"start":{"line":42,"column":4},"end":{"line":56,"column":5}},"8":{"start":{"line":43,"column":6},"end":{"line":43,"column":87}},"9":{"start":{"line":44,"column":6},"end":{"line":44,"column":34}},"10":{"start":{"line":45,"column":6},"end":{"line":45,"column":63}},"11":{"start":{"line":46,"column":6},"end":{"line":46,"column":30}},"12":{"start":{"line":49,"column":6},"end":{"line":49,"column":33}},"13":{"start":{"line":51,"column":6},"end":{"line":51,"column":67}},"14":{"start":{"line":52,"column":6},"end":{"line":52,"column":18}},"15":{"start":{"line":54,"column":6},"end":{"line":54,"column":59}},"16":{"start":{"line":55,"column":6},"end":{"line":55,"column":19}},"17":{"start":{"line":63,"column":4},"end":{"line":107,"column":5}},"18":{"start":{"line":64,"column":26},"end":{"line":97,"column":7}},"19":{"start":{"line":99,"column":6},"end":{"line":104,"column":7}},"20":{"start":{"line":100,"column":27},"end":{"line":100,"column":67}},"21":{"start":{"line":101,"column":8},"end":{"line":103,"column":9}},"22":{"start":{"line":102,"column":10},"end":{"line":102,"column":46}},"23":{"start":{"line":106,"column":6},"end":{"line":106,"column":54}},"24":{"start":{"line":114,"column":4},"end":{"line":116,"column":5}},"25":{"start":{"line":115,"column":6},"end":{"line":115,"column":48}},"26":{"start":{"line":118,"column":4},"end":{"line":131,"column":5}},"27":{"start":{"line":119,"column":25},"end":{"line":119,"column":64}},"28":{"start":{"line":120,"column":23},"end":{"line":124,"column":7}},"29":{"start":{"line":126,"column":21},"end":{"line":126,"column":57}},"30":{"start":{"line":127,"column":6},"end":{"line":127,"column":31}},"31":{"start":{"line":129,"column":6},"end":{"line":129,"column":56}},"32":{"start":{"line":130,"column":6},"end":{"line":130,"column":18}},"33":{"start":{"line":138,"column":4},"end":{"line":140,"column":5}},"34":{"start":{"line":139,"column":6},"end":{"line":139,"column":48}},"35":{"start":{"line":142,"column":4},"end":{"line":161,"column":5}},"36":{"start":{"line":143,"column":25},"end":{"line":143,"column":64}},"37":{"start":{"line":144,"column":20},"end":{"line":144,"column":44}},"38":{"start":{"line":145,"column":21},"end":{"line":145,"column":43}},"39":{"start":{"line":147,"column":6},"end":{"line":149,"column":7}},"40":{"start":{"line":148,"column":8},"end":{"line":148,"column":34}},"41":{"start":{"line":150,"column":6},"end":{"line":152,"column":7}},"42":{"start":{"line":151,"column":8},"end":{"line":151,"column":36}},"43":{"start":{"line":153,"column":6},"end":{"line":155,"column":7}},"44":{"start":{"line":154,"column":8},"end":{"line":154,"column":34}},"45":{"start":{"line":157,"column":6},"end":{"line":157,"column":36}},"46":{"start":{"line":159,"column":6},"end":{"line":159,"column":57}},"47":{"start":{"line":160,"column":6},"end":{"line":160,"column":18}},"48":{"start":{"line":168,"column":4},"end":{"line":170,"column":5}},"49":{"start":{"line":169,"column":6},"end":{"line":169,"column":48}},"50":{"start":{"line":172,"column":4},"end":{"line":185,"column":5}},"51":{"start":{"line":173,"column":25},"end":{"line":173,"column":67}},"52":{"start":{"line":174,"column":23},"end":{"line":178,"column":7}},"53":{"start":{"line":180,"column":21},"end":{"line":180,"column":57}},"54":{"start":{"line":181,"column":6},"end":{"line":181,"column":31}},"55":{"start":{"line":183,"column":6},"end":{"line":183,"column":58}},"56":{"start":{"line":184,"column":6},"end":{"line":184,"column":18}},"57":{"start":{"line":192,"column":4},"end":{"line":194,"column":5}},"58":{"start":{"line":193,"column":6},"end":{"line":193,"column":48}},"59":{"start":{"line":196,"column":4},"end":{"line":209,"column":5}},"60":{"start":{"line":197,"column":25},"end":{"line":197,"column":69}},"61":{"start":{"line":198,"column":23},"end":{"line":202,"column":7}},"62":{"start":{"line":204,"column":21},"end":{"line":204,"column":57}},"63":{"start":{"line":205,"column":6},"end":{"line":205,"column":31}},"64":{"start":{"line":207,"column":6},"end":{"line":207,"column":61}},"65":{"start":{"line":208,"column":6},"end":{"line":208,"column":18}},"66":{"start":{"line":216,"column":4},"end":{"line":218,"column":5}},"67":{"start":{"line":217,"column":6},"end":{"line":217,"column":48}},"68":{"start":{"line":220,"column":4},"end":{"line":233,"column":5}},"69":{"start":{"line":221,"column":25},"end":{"line":221,"column":68}},"70":{"start":{"line":222,"column":23},"end":{"line":226,"column":7}},"71":{"start":{"line":228,"column":21},"end":{"line":228,"column":57}},"72":{"start":{"line":229,"column":6},"end":{"line":229,"column":31}},"73":{"start":{"line":231,"column":6},"end":{"line":231,"column":65}},"74":{"start":{"line":232,"column":6},"end":{"line":232,"column":18}},"75":{"start":{"line":240,"column":4},"end":{"line":242,"column":5}},"76":{"start":{"line":241,"column":6},"end":{"line":241,"column":48}},"77":{"start":{"line":244,"column":4},"end":{"line":254,"column":5}},"78":{"start":{"line":245,"column":25},"end":{"line":245,"column":68}},"79":{"start":{"line":246,"column":6},"end":{"line":250,"column":19}},"80":{"start":{"line":252,"column":6},"end":{"line":252,"column":66}},"81":{"start":{"line":253,"column":6},"end":{"line":253,"column":18}},"82":{"start":{"line":261,"column":18},"end":{"line":261,"column":20}},"83":{"start":{"line":263,"column":4},"end":{"line":265,"column":5}},"84":{"start":{"line":264,"column":6},"end":{"line":264,"column":36}},"85":{"start":{"line":266,"column":4},"end":{"line":271,"column":5}},"86":{"start":{"line":267,"column":6},"end":{"line":270,"column":8}},"87":{"start":{"line":272,"column":4},"end":{"line":274,"column":5}},"88":{"start":{"line":273,"column":6},"end":{"line":273,"column":50}},"89":{"start":{"line":275,"column":4},"end":{"line":277,"column":5}},"90":{"start":{"line":276,"column":6},"end":{"line":276,"column":42}},"91":{"start":{"line":278,"column":4},"end":{"line":280,"column":5}},"92":{"start":{"line":279,"column":6},"end":{"line":279,"column":38}},"93":{"start":{"line":282,"column":4},"end":{"line":282,"column":17}},"94":{"start":{"line":289,"column":4},"end":{"line":291,"column":5}},"95":{"start":{"line":290,"column":6},"end":{"line":290,"column":48}},"96":{"start":{"line":293,"column":4},"end":{"line":327,"column":5}},"97":{"start":{"line":294,"column":35},"end":{"line":294,"column":74}},"98":{"start":{"line":295,"column":39},"end":{"line":295,"column":82}},"99":{"start":{"line":297,"column":45},"end":{"line":318,"column":8}},"100":{"start":{"line":320,"column":6},"end":{"line":323,"column":8}},"101":{"start":{"line":325,"column":6},"end":{"line":325,"column":62}},"102":{"start":{"line":326,"column":6},"end":{"line":326,"column":18}},"103":{"start":{"line":338,"column":4},"end":{"line":340,"column":5}},"104":{"start":{"line":339,"column":6},"end":{"line":339,"column":48}},"105":{"start":{"line":342,"column":4},"end":{"line":355,"column":5}},"106":{"start":{"line":343,"column":25},"end":{"line":343,"column":65}},"107":{"start":{"line":344,"column":23},"end":{"line":348,"column":7}},"108":{"start":{"line":350,"column":21},"end":{"line":350,"column":57}},"109":{"start":{"line":351,"column":6},"end":{"line":351,"column":31}},"110":{"start":{"line":353,"column":6},"end":{"line":353,"column":56}},"111":{"start":{"line":354,"column":6},"end":{"line":354,"column":18}},"112":{"start":{"line":362,"column":4},"end":{"line":364,"column":5}},"113":{"start":{"line":363,"column":6},"end":{"line":363,"column":48}},"114":{"start":{"line":366,"column":4},"end":{"line":387,"column":5}},"115":{"start":{"line":367,"column":25},"end":{"line":367,"column":65}},"116":{"start":{"line":368,"column":20},"end":{"line":368,"column":22}},"117":{"start":{"line":370,"column":6},"end":{"line":370,"column":65}},"118":{"start":{"line":370,"column":29},"end":{"line":370,"column":65}},"119":{"start":{"line":371,"column":6},"end":{"line":371,"column":56}},"120":{"start":{"line":371,"column":26},"end":{"line":371,"column":56}},"121":{"start":{"line":372,"column":6},"end":{"line":372,"column":56}},"122":{"start":{"line":372,"column":26},"end":{"line":372,"column":56}},"123":{"start":{"line":373,"column":6},"end":{"line":375,"column":7}},"124":{"start":{"line":374,"column":8},"end":{"line":374,"column":77}},"125":{"start":{"line":377,"column":21},"end":{"line":377,"column":43}},"126":{"start":{"line":379,"column":6},"end":{"line":379,"column":50}},"127":{"start":{"line":379,"column":24},"end":{"line":379,"column":50}},"128":{"start":{"line":380,"column":6},"end":{"line":380,"column":53}},"129":{"start":{"line":380,"column":25},"end":{"line":380,"column":53}},"130":{"start":{"line":381,"column":6},"end":{"line":381,"column":50}},"131":{"start":{"line":381,"column":24},"end":{"line":381,"column":50}},"132":{"start":{"line":383,"column":6},"end":{"line":383,"column":36}},"133":{"start":{"line":385,"column":6},"end":{"line":385,"column":58}},"134":{"start":{"line":386,"column":6},"end":{"line":386,"column":18}},"135":{"start":{"line":394,"column":4},"end":{"line":396,"column":5}},"136":{"start":{"line":395,"column":6},"end":{"line":395,"column":48}},"137":{"start":{"line":398,"column":4},"end":{"line":413,"column":5}},"138":{"start":{"line":399,"column":25},"end":{"line":399,"column":65}},"139":{"start":{"line":400,"column":21},"end":{"line":408,"column":7}},"140":{"start":{"line":409,"column":6},"end":{"line":409,"column":38}},"141":{"start":{"line":411,"column":6},"end":{"line":411,"column":66}},"142":{"start":{"line":412,"column":6},"end":{"line":412,"column":18}},"143":{"start":{"line":424,"column":4},"end":{"line":426,"column":5}},"144":{"start":{"line":425,"column":6},"end":{"line":425,"column":48}},"145":{"start":{"line":428,"column":4},"end":{"line":441,"column":5}},"146":{"start":{"line":429,"column":25},"end":{"line":429,"column":70}},"147":{"start":{"line":430,"column":23},"end":{"line":434,"column":7}},"148":{"start":{"line":436,"column":21},"end":{"line":436,"column":57}},"149":{"start":{"line":437,"column":6},"end":{"line":437,"column":31}},"150":{"start":{"line":439,"column":6},"end":{"line":439,"column":61}},"151":{"start":{"line":440,"column":6},"end":{"line":440,"column":18}},"152":{"start":{"line":448,"column":4},"end":{"line":450,"column":5}},"153":{"start":{"line":449,"column":6},"end":{"line":449,"column":48}},"154":{"start":{"line":452,"column":4},"end":{"line":468,"column":5}},"155":{"start":{"line":453,"column":25},"end":{"line":453,"column":70}},"156":{"start":{"line":454,"column":24},"end":{"line":458,"column":9}},"157":{"start":{"line":454,"column":50},"end":{"line":458,"column":7}},"158":{"start":{"line":460,"column":21},"end":{"line":460,"column":79}},"159":{"start":{"line":461,"column":6},"end":{"line":464,"column":8}},"160":{"start":{"line":466,"column":6},"end":{"line":466,"column":67}},"161":{"start":{"line":467,"column":6},"end":{"line":467,"column":18}},"162":{"start":{"line":475,"column":4},"end":{"line":477,"column":5}},"163":{"start":{"line":476,"column":6},"end":{"line":476,"column":48}},"164":{"start":{"line":479,"column":4},"end":{"line":491,"column":5}},"165":{"start":{"line":480,"column":25},"end":{"line":480,"column":70}},"166":{"start":{"line":481,"column":20},"end":{"line":481,"column":40}},"167":{"start":{"line":483,"column":6},"end":{"line":487,"column":19}},"168":{"start":{"line":489,"column":6},"end":{"line":489,"column":63}},"169":{"start":{"line":490,"column":6},"end":{"line":490,"column":18}},"170":{"start":{"line":498,"column":4},"end":{"line":500,"column":5}},"171":{"start":{"line":499,"column":6},"end":{"line":499,"column":48}},"172":{"start":{"line":502,"column":4},"end":{"line":519,"column":5}},"173":{"start":{"line":503,"column":25},"end":{"line":503,"column":70}},"174":{"start":{"line":504,"column":24},"end":{"line":504,"column":65}},"175":{"start":{"line":506,"column":20},"end":{"line":510,"column":7}},"176":{"start":{"line":512,"column":6},"end":{"line":515,"column":19}},"177":{"start":{"line":517,"column":6},"end":{"line":517,"column":68}},"178":{"start":{"line":518,"column":6},"end":{"line":518,"column":18}},"179":{"start":{"line":530,"column":4},"end":{"line":532,"column":5}},"180":{"start":{"line":531,"column":6},"end":{"line":531,"column":48}},"181":{"start":{"line":534,"column":4},"end":{"line":547,"column":5}},"182":{"start":{"line":535,"column":25},"end":{"line":535,"column":70}},"183":{"start":{"line":536,"column":23},"end":{"line":540,"column":7}},"184":{"start":{"line":542,"column":21},"end":{"line":542,"column":57}},"185":{"start":{"line":543,"column":6},"end":{"line":543,"column":31}},"186":{"start":{"line":545,"column":6},"end":{"line":545,"column":61}},"187":{"start":{"line":546,"column":6},"end":{"line":546,"column":18}},"188":{"start":{"line":554,"column":4},"end":{"line":556,"column":5}},"189":{"start":{"line":555,"column":6},"end":{"line":555,"column":48}},"190":{"start":{"line":558,"column":4},"end":{"line":602,"column":5}},"191":{"start":{"line":559,"column":34},"end":{"line":559,"column":74}},"192":{"start":{"line":560,"column":33},"end":{"line":560,"column":75}},"193":{"start":{"line":563,"column":23},"end":{"line":596,"column":7}},"194":{"start":{"line":598,"column":6},"end":{"line":598,"column":69}},"195":{"start":{"line":600,"column":6},"end":{"line":600,"column":65}},"196":{"start":{"line":601,"column":6},"end":{"line":601,"column":18}},"197":{"start":{"line":609,"column":4},"end":{"line":613,"column":5}},"198":{"start":{"line":610,"column":6},"end":{"line":610,"column":32}},"199":{"start":{"line":611,"column":6},"end":{"line":611,"column":31}},"200":{"start":{"line":612,"column":6},"end":{"line":612,"column":49}},"201":{"start":{"line":617,"column":0},"end":{"line":617,"column":42}}},"fnMap":{"0":{"name":"(anonymous_0)","decl":{"start":{"line":19,"column":2},"end":{"line":19,"column":3}},"loc":{"start":{"line":19,"column":22},"end":{"line":36,"column":3}},"line":19},"1":{"name":"(anonymous_1)","decl":{"start":{"line":41,"column":2},"end":{"line":41,"column":3}},"loc":{"start":{"line":41,"column":21},"end":{"line":57,"column":3}},"line":41},"2":{"name":"(anonymous_2)","decl":{"start":{"line":62,"column":2},"end":{"line":62,"column":3}},"loc":{"start":{"line":62,"column":24},"end":{"line":108,"column":3}},"line":62},"3":{"name":"(anonymous_3)","decl":{"start":{"line":113,"column":2},"end":{"line":113,"column":3}},"loc":{"start":{"line":113,"column":35},"end":{"line":132,"column":3}},"line":113},"4":{"name":"(anonymous_4)","decl":{"start":{"line":137,"column":2},"end":{"line":137,"column":3}},"loc":{"start":{"line":137,"column":50},"end":{"line":162,"column":3}},"line":137},"5":{"name":"(anonymous_5)","decl":{"start":{"line":167,"column":2},"end":{"line":167,"column":3}},"loc":{"start":{"line":167,"column":39},"end":{"line":186,"column":3}},"line":167},"6":{"name":"(anonymous_6)","decl":{"start":{"line":191,"column":2},"end":{"line":191,"column":3}},"loc":{"start":{"line":191,"column":37},"end":{"line":210,"column":3}},"line":191},"7":{"name":"(anonymous_7)","decl":{"start":{"line":215,"column":2},"end":{"line":215,"column":3}},"loc":{"start":{"line":215,"column":37},"end":{"line":234,"column":3}},"line":215},"8":{"name":"(anonymous_8)","decl":{"start":{"line":239,"column":2},"end":{"line":239,"column":3}},"loc":{"start":{"line":239,"column":42},"end":{"line":255,"column":3}},"line":239},"9":{"name":"(anonymous_9)","decl":{"start":{"line":260,"column":2},"end":{"line":260,"column":3}},"loc":{"start":{"line":260,"column":22},"end":{"line":283,"column":3}},"line":260},"10":{"name":"(anonymous_10)","decl":{"start":{"line":288,"column":2},"end":{"line":288,"column":3}},"loc":{"start":{"line":288,"column":29},"end":{"line":328,"column":3}},"line":288},"11":{"name":"(anonymous_11)","decl":{"start":{"line":337,"column":2},"end":{"line":337,"column":3}},"loc":{"start":{"line":337,"column":33},"end":{"line":356,"column":3}},"line":337},"12":{"name":"(anonymous_12)","decl":{"start":{"line":361,"column":2},"end":{"line":361,"column":3}},"loc":{"start":{"line":361,"column":51},"end":{"line":388,"column":3}},"line":361},"13":{"name":"(anonymous_13)","decl":{"start":{"line":393,"column":2},"end":{"line":393,"column":3}},"loc":{"start":{"line":393,"column":53},"end":{"line":414,"column":3}},"line":393},"14":{"name":"(anonymous_14)","decl":{"start":{"line":423,"column":2},"end":{"line":423,"column":3}},"loc":{"start":{"line":423,"column":39},"end":{"line":442,"column":3}},"line":423},"15":{"name":"(anonymous_15)","decl":{"start":{"line":447,"column":2},"end":{"line":447,"column":3}},"loc":{"start":{"line":447,"column":46},"end":{"line":469,"column":3}},"line":447},"16":{"name":"(anonymous_16)","decl":{"start":{"line":454,"column":40},"end":{"line":454,"column":41}},"loc":{"start":{"line":454,"column":50},"end":{"line":458,"column":7}},"line":454},"17":{"name":"(anonymous_17)","decl":{"start":{"line":474,"column":2},"end":{"line":474,"column":3}},"loc":{"start":{"line":474,"column":69},"end":{"line":492,"column":3}},"line":474},"18":{"name":"(anonymous_18)","decl":{"start":{"line":497,"column":2},"end":{"line":497,"column":3}},"loc":{"start":{"line":497,"column":76},"end":{"line":520,"column":3}},"line":497},"19":{"name":"(anonymous_19)","decl":{"start":{"line":529,"column":2},"end":{"line":529,"column":3}},"loc":{"start":{"line":529,"column":37},"end":{"line":548,"column":3}},"line":529},"20":{"name":"(anonymous_20)","decl":{"start":{"line":553,"column":2},"end":{"line":553,"column":3}},"loc":{"start":{"line":553,"column":61},"end":{"line":603,"column":3}},"line":553},"21":{"name":"(anonymous_21)","decl":{"start":{"line":608,"column":2},"end":{"line":608,"column":3}},"loc":{"start":{"line":608,"column":16},"end":{"line":614,"column":3}},"line":608}},"branchMap":{"0":{"loc":{"start":{"line":21,"column":24},"end":{"line":21,"column":78}},"type":"binary-expr","locations":[{"start":{"line":21,"column":24},"end":{"line":21,"column":47}},{"start":{"line":21,"column":51},"end":{"line":21,"column":78}}],"line":21},"1":{"loc":{"start":{"line":22,"column":20},"end":{"line":22,"column":61}},"type":"binary-expr","locations":[{"start":{"line":22,"column":20},"end":{"line":22,"column":39}},{"start":{"line":22,"column":43},"end":{"line":22,"column":61}}],"line":22},"2":{"loc":{"start":{"line":23,"column":15},"end":{"line":28,"column":7}},"type":"binary-expr","locations":[{"start":{"line":23,"column":15},"end":{"line":23,"column":29}},{"start":{"line":23,"column":33},"end":{"line":28,"column":7}}],"line":23},"3":{"loc":{"start":{"line":114,"column":4},"end":{"line":116,"column":5}},"type":"if","locations":[{"start":{"line":114,"column":4},"end":{"line":116,"column":5}},{"start":{},"end":{}}],"line":114},"4":{"loc":{"start":{"line":122,"column":19},"end":{"line":122,"column":53}},"type":"binary-expr","locations":[{"start":{"line":122,"column":19},"end":{"line":122,"column":39}},{"start":{"line":122,"column":43},"end":{"line":122,"column":53}}],"line":122},"5":{"loc":{"start":{"line":137,"column":22},"end":{"line":137,"column":34}},"type":"default-arg","locations":[{"start":{"line":137,"column":32},"end":{"line":137,"column":34}}],"line":137},"6":{"loc":{"start":{"line":137,"column":36},"end":{"line":137,"column":48}},"type":"default-arg","locations":[{"start":{"line":137,"column":46},"end":{"line":137,"column":48}}],"line":137},"7":{"loc":{"start":{"line":138,"column":4},"end":{"line":140,"column":5}},"type":"if","locations":[{"start":{"line":138,"column":4},"end":{"line":140,"column":5}},{"start":{},"end":{}}],"line":138},"8":{"loc":{"start":{"line":147,"column":6},"end":{"line":149,"column":7}},"type":"if","locations":[{"start":{"line":147,"column":6},"end":{"line":149,"column":7}},{"start":{},"end":{}}],"line":147},"9":{"loc":{"start":{"line":150,"column":6},"end":{"line":152,"column":7}},"type":"if","locations":[{"start":{"line":150,"column":6},"end":{"line":152,"column":7}},{"start":{},"end":{}}],"line":150},"10":{"loc":{"start":{"line":153,"column":6},"end":{"line":155,"column":7}},"type":"if","locations":[{"start":{"line":153,"column":6},"end":{"line":155,"column":7}},{"start":{},"end":{}}],"line":153},"11":{"loc":{"start":{"line":168,"column":4},"end":{"line":170,"column":5}},"type":"if","locations":[{"start":{"line":168,"column":4},"end":{"line":170,"column":5}},{"start":{},"end":{}}],"line":168},"12":{"loc":{"start":{"line":176,"column":19},"end":{"line":176,"column":55}},"type":"binary-expr","locations":[{"start":{"line":176,"column":19},"end":{"line":176,"column":41}},{"start":{"line":176,"column":45},"end":{"line":176,"column":55}}],"line":176},"13":{"loc":{"start":{"line":192,"column":4},"end":{"line":194,"column":5}},"type":"if","locations":[{"start":{"line":192,"column":4},"end":{"line":194,"column":5}},{"start":{},"end":{}}],"line":192},"14":{"loc":{"start":{"line":200,"column":19},"end":{"line":200,"column":50}},"type":"binary-expr","locations":[{"start":{"line":200,"column":19},"end":{"line":200,"column":36}},{"start":{"line":200,"column":40},"end":{"line":200,"column":50}}],"line":200},"15":{"loc":{"start":{"line":216,"column":4},"end":{"line":218,"column":5}},"type":"if","locations":[{"start":{"line":216,"column":4},"end":{"line":218,"column":5}},{"start":{},"end":{}}],"line":216},"16":{"loc":{"start":{"line":224,"column":19},"end":{"line":224,"column":47}},"type":"binary-expr","locations":[{"start":{"line":224,"column":19},"end":{"line":224,"column":33}},{"start":{"line":224,"column":37},"end":{"line":224,"column":47}}],"line":224},"17":{"loc":{"start":{"line":239,"column":30},"end":{"line":239,"column":40}},"type":"default-arg","locations":[{"start":{"line":239,"column":38},"end":{"line":239,"column":40}}],"line":239},"18":{"loc":{"start":{"line":240,"column":4},"end":{"line":242,"column":5}},"type":"if","locations":[{"start":{"line":240,"column":4},"end":{"line":242,"column":5}},{"start":{},"end":{}}],"line":240},"19":{"loc":{"start":{"line":263,"column":4},"end":{"line":265,"column":5}},"type":"if","locations":[{"start":{"line":263,"column":4},"end":{"line":265,"column":5}},{"start":{},"end":{}}],"line":263},"20":{"loc":{"start":{"line":266,"column":4},"end":{"line":271,"column":5}},"type":"if","locations":[{"start":{"line":266,"column":4},"end":{"line":271,"column":5}},{"start":{},"end":{}}],"line":266},"21":{"loc":{"start":{"line":266,"column":8},"end":{"line":266,"column":44}},"type":"binary-expr","locations":[{"start":{"line":266,"column":8},"end":{"line":266,"column":25}},{"start":{"line":266,"column":29},"end":{"line":266,"column":44}}],"line":266},"22":{"loc":{"start":{"line":272,"column":4},"end":{"line":274,"column":5}},"type":"if","locations":[{"start":{"line":272,"column":4},"end":{"line":274,"column":5}},{"start":{},"end":{}}],"line":272},"23":{"loc":{"start":{"line":275,"column":4},"end":{"line":277,"column":5}},"type":"if","locations":[{"start":{"line":275,"column":4},"end":{"line":277,"column":5}},{"start":{},"end":{}}],"line":275},"24":{"loc":{"start":{"line":278,"column":4},"end":{"line":280,"column":5}},"type":"if","locations":[{"start":{"line":278,"column":4},"end":{"line":280,"column":5}},{"start":{},"end":{}}],"line":278},"25":{"loc":{"start":{"line":289,"column":4},"end":{"line":291,"column":5}},"type":"if","locations":[{"start":{"line":289,"column":4},"end":{"line":291,"column":5}},{"start":{},"end":{}}],"line":289},"26":{"loc":{"start":{"line":321,"column":20},"end":{"line":321,"column":40}},"type":"binary-expr","locations":[{"start":{"line":321,"column":20},"end":{"line":321,"column":34}},{"start":{"line":321,"column":38},"end":{"line":321,"column":40}}],"line":321},"27":{"loc":{"start":{"line":322,"column":20},"end":{"line":322,"column":44}},"type":"binary-expr","locations":[{"start":{"line":322,"column":20},"end":{"line":322,"column":38}},{"start":{"line":322,"column":42},"end":{"line":322,"column":44}}],"line":322},"28":{"loc":{"start":{"line":338,"column":4},"end":{"line":340,"column":5}},"type":"if","locations":[{"start":{"line":338,"column":4},"end":{"line":340,"column":5}},{"start":{},"end":{}}],"line":338},"29":{"loc":{"start":{"line":346,"column":19},"end":{"line":346,"column":51}},"type":"binary-expr","locations":[{"start":{"line":346,"column":19},"end":{"line":346,"column":37}},{"start":{"line":346,"column":41},"end":{"line":346,"column":51}}],"line":346},"30":{"loc":{"start":{"line":361,"column":23},"end":{"line":361,"column":35}},"type":"default-arg","locations":[{"start":{"line":361,"column":33},"end":{"line":361,"column":35}}],"line":361},"31":{"loc":{"start":{"line":361,"column":37},"end":{"line":361,"column":49}},"type":"default-arg","locations":[{"start":{"line":361,"column":47},"end":{"line":361,"column":49}}],"line":361},"32":{"loc":{"start":{"line":362,"column":4},"end":{"line":364,"column":5}},"type":"if","locations":[{"start":{"line":362,"column":4},"end":{"line":364,"column":5}},{"start":{},"end":{}}],"line":362},"33":{"loc":{"start":{"line":370,"column":6},"end":{"line":370,"column":65}},"type":"if","locations":[{"start":{"line":370,"column":6},"end":{"line":370,"column":65}},{"start":{},"end":{}}],"line":370},"34":{"loc":{"start":{"line":371,"column":6},"end":{"line":371,"column":56}},"type":"if","locations":[{"start":{"line":371,"column":6},"end":{"line":371,"column":56}},{"start":{},"end":{}}],"line":371},"35":{"loc":{"start":{"line":372,"column":6},"end":{"line":372,"column":56}},"type":"if","locations":[{"start":{"line":372,"column":6},"end":{"line":372,"column":56}},{"start":{},"end":{}}],"line":372},"36":{"loc":{"start":{"line":373,"column":6},"end":{"line":375,"column":7}},"type":"if","locations":[{"start":{"line":373,"column":6},"end":{"line":375,"column":7}},{"start":{},"end":{}}],"line":373},"37":{"loc":{"start":{"line":373,"column":10},"end":{"line":373,"column":46}},"type":"binary-expr","locations":[{"start":{"line":373,"column":10},"end":{"line":373,"column":27}},{"start":{"line":373,"column":31},"end":{"line":373,"column":46}}],"line":373},"38":{"loc":{"start":{"line":379,"column":6},"end":{"line":379,"column":50}},"type":"if","locations":[{"start":{"line":379,"column":6},"end":{"line":379,"column":50}},{"start":{},"end":{}}],"line":379},"39":{"loc":{"start":{"line":380,"column":6},"end":{"line":380,"column":53}},"type":"if","locations":[{"start":{"line":380,"column":6},"end":{"line":380,"column":53}},{"start":{},"end":{}}],"line":380},"40":{"loc":{"start":{"line":381,"column":6},"end":{"line":381,"column":50}},"type":"if","locations":[{"start":{"line":381,"column":6},"end":{"line":381,"column":50}},{"start":{},"end":{}}],"line":381},"41":{"loc":{"start":{"line":394,"column":4},"end":{"line":396,"column":5}},"type":"if","locations":[{"start":{"line":394,"column":4},"end":{"line":396,"column":5}},{"start":{},"end":{}}],"line":394},"42":{"loc":{"start":{"line":424,"column":4},"end":{"line":426,"column":5}},"type":"if","locations":[{"start":{"line":424,"column":4},"end":{"line":426,"column":5}},{"start":{},"end":{}}],"line":424},"43":{"loc":{"start":{"line":432,"column":19},"end":{"line":432,"column":52}},"type":"binary-expr","locations":[{"start":{"line":432,"column":19},"end":{"line":432,"column":38}},{"start":{"line":432,"column":42},"end":{"line":432,"column":52}}],"line":432},"44":{"loc":{"start":{"line":448,"column":4},"end":{"line":450,"column":5}},"type":"if","locations":[{"start":{"line":448,"column":4},"end":{"line":450,"column":5}},{"start":{},"end":{}}],"line":448},"45":{"loc":{"start":{"line":456,"column":19},"end":{"line":456,"column":48}},"type":"binary-expr","locations":[{"start":{"line":456,"column":19},"end":{"line":456,"column":34}},{"start":{"line":456,"column":38},"end":{"line":456,"column":48}}],"line":456},"46":{"loc":{"start":{"line":474,"column":36},"end":{"line":474,"column":53}},"type":"default-arg","locations":[{"start":{"line":474,"column":47},"end":{"line":474,"column":53}}],"line":474},"47":{"loc":{"start":{"line":474,"column":55},"end":{"line":474,"column":67}},"type":"default-arg","locations":[{"start":{"line":474,"column":63},"end":{"line":474,"column":67}}],"line":474},"48":{"loc":{"start":{"line":475,"column":4},"end":{"line":477,"column":5}},"type":"if","locations":[{"start":{"line":475,"column":4},"end":{"line":477,"column":5}},{"start":{},"end":{}}],"line":475},"49":{"loc":{"start":{"line":497,"column":41},"end":{"line":497,"column":58}},"type":"default-arg","locations":[{"start":{"line":497,"column":52},"end":{"line":497,"column":58}}],"line":497},"50":{"loc":{"start":{"line":497,"column":60},"end":{"line":497,"column":74}},"type":"default-arg","locations":[{"start":{"line":497,"column":72},"end":{"line":497,"column":74}}],"line":497},"51":{"loc":{"start":{"line":498,"column":4},"end":{"line":500,"column":5}},"type":"if","locations":[{"start":{"line":498,"column":4},"end":{"line":500,"column":5}},{"start":{},"end":{}}],"line":498},"52":{"loc":{"start":{"line":530,"column":4},"end":{"line":532,"column":5}},"type":"if","locations":[{"start":{"line":530,"column":4},"end":{"line":532,"column":5}},{"start":{},"end":{}}],"line":530},"53":{"loc":{"start":{"line":538,"column":19},"end":{"line":538,"column":50}},"type":"binary-expr","locations":[{"start":{"line":538,"column":19},"end":{"line":538,"column":36}},{"start":{"line":538,"column":40},"end":{"line":538,"column":50}}],"line":538},"54":{"loc":{"start":{"line":553,"column":30},"end":{"line":553,"column":46}},"type":"default-arg","locations":[{"start":{"line":553,"column":42},"end":{"line":553,"column":46}}],"line":553},"55":{"loc":{"start":{"line":553,"column":48},"end":{"line":553,"column":59}},"type":"default-arg","locations":[{"start":{"line":553,"column":56},"end":{"line":553,"column":59}}],"line":553},"56":{"loc":{"start":{"line":554,"column":4},"end":{"line":556,"column":5}},"type":"if","locations":[{"start":{"line":554,"column":4},"end":{"line":556,"column":5}},{"start":{},"end":{}}],"line":554},"57":{"loc":{"start":{"line":564,"column":12},"end":{"line":564,"column":56}},"type":"cond-expr","locations":[{"start":{"line":564,"column":24},"end":{"line":564,"column":51}},{"start":{"line":564,"column":54},"end":{"line":564,"column":56}}],"line":564},"58":{"loc":{"start":{"line":609,"column":4},"end":{"line":613,"column":5}},"type":"if","locations":[{"start":{"line":609,"column":4},"end":{"line":613,"column":5}},{"start":{},"end":{}}],"line":609}},"s":{"0":2,"1":19,"2":19,"3":19,"4":19,"5":19,"6":19,"7":19,"8":19,"9":19,"10":19,"11":19,"12":19,"13":16,"14":16,"15":0,"16":0,"17":19,"18":19,"19":19,"20":103,"21":103,"22":338,"23":0,"24":0,"25":0,"26":0,"27":0,"28":0,"29":0,"30":0,"31":0,"32":0,"33":0,"34":0,"35":0,"36":0,"37":0,"38":0,"39":0,"40":0,"41":0,"42":0,"43":0,"44":0,"45":0,"46":0,"47":0,"48":0,"49":0,"50":0,"51":0,"52":0,"53":0,"54":0,"55":0,"56":0,"57":0,"58":0,"59":0,"60":0,"61":0,"62":0,"63":0,"64":0,"65":0,"66":0,"67":0,"68":0,"69":0,"70":0,"71":0,"72":0,"73":0,"74":0,"75":0,"76":0,"77":0,"78":0,"79":0,"80":0,"81":0,"82":0,"83":0,"84":0,"85":0,"86":0,"87":0,"88":0,"89":0,"90":0,"91":0,"92":0,"93":0,"94":0,"95":0,"96":0,"97":0,"98":0,"99":0,"100":0,"101":0,"102":0,"103":0,"104":0,"105":0,"106":0,"107":0,"108":0,"109":0,"110":0,"111":0,"112":0,"113":0,"114":0,"115":0,"116":0,"117":0,"118":0,"119":0,"120":0,"121":0,"122":0,"123":0,"124":0,"125":0,"126":0,"127":0,"128":0,"129":0,"130":0,"131":0,"132":0,"133":0,"134":0,"135":0,"136":0,"137":0,"138":0,"139":0,"140":0,"141":0,"142":0,"143":0,"144":0,"145":0,"146":0,"147":0,"148":0,"149":0,"150":0,"151":0,"152":0,"153":0,"154":0,"155":0,"156":0,"157":0,"158":0,"159":0,"160":0,"161":0,"162":0,"163":0,"164":0,"165":0,"166":0,"167":0,"168":0,"169":0,"170":0,"171":0,"172":0,"173":0,"174":0,"175":0,"176":0,"177":0,"178":0,"179":0,"180":0,"181":0,"182":0,"183":0,"184":0,"185":0,"186":0,"187":0,"188":0,"189":0,"190":0,"191":0,"192":0,"193":0,"194":0,"195":0,"196":0,"197":0,"198":0,"199":0,"200":0,"201":2},"f":{"0":19,"1":19,"2":19,"3":0,"4":0,"5":0,"6":0,"7":0,"8":0,"9":0,"10":0,"11":0,"12":0,"13":0,"14":0,"15":0,"16":0,"17":0,"18":0,"19":0,"20":0,"21":0},"b":{"0":[19,0],"1":[19,0],"2":[19,19],"3":[0,0],"4":[0,0],"5":[0],"6":[0],"7":[0,0],"8":[0,0],"9":[0,0],"10":[0,0],"11":[0,0],"12":[0,0],"13":[0,0],"14":[0,0],"15":[0,0],"16":[0,0],"17":[0],"18":[0,0],"19":[0,0],"20":[0,0],"21":[0,0],"22":[0,0],"23":[0,0],"24":[0,0],"25":[0,0],"26":[0,0],"27":[0,0],"28":[0,0],"29":[0,0],"30":[0],"31":[0],"32":[0,0],"33":[0,0],"34":[0,0],"35":[0,0],"36":[0,0],"37":[0,0],"38":[0,0],"39":[0,0],"40":[0,0],"41":[0,0],"42":[0,0],"43":[0,0],"44":[0,0],"45":[0,0],"46":[0],"47":[0],"48":[0,0],"49":[0],"50":[0],"51":[0,0],"52":[0,0],"53":[0,0],"54":[0],"55":[0],"56":[0,0],"57":[0,0],"58":[0,0]},"_coverageSchema":"1a1c01bbd47fc00a2c39e90264f33305004495a9","hash":"847c95ce97f46990882f65810221b4c3947c03a2"}
,"/home/oliver/apps/osrs-market/server/domain/adapters/ItemModelAdapter.js": {"path":"/home/oliver/apps/osrs-market/server/domain/adapters/ItemModelAdapter.js","statementMap":{"0":{"start":{"line":10,"column":17},"end":{"line":10,"column":44}},"1":{"start":{"line":11,"column":19},"end":{"line":11,"column":53}},"2":{"start":{"line":12,"column":22},"end":{"line":12,"column":55}},"3":{"start":{"line":13,"column":19},"end":{"line":13,"column":48}},"4":{"start":{"line":23,"column":4},"end":{"line":23,"column":50}},"5":{"start":{"line":32,"column":4},"end":{"line":32,"column":31}},"6":{"start":{"line":32,"column":19},"end":{"line":32,"column":31}},"7":{"start":{"line":34,"column":4},"end":{"line":66,"column":5}},"8":{"start":{"line":36,"column":27},"end":{"line":52,"column":7}},"9":{"start":{"line":54,"column":6},"end":{"line":60,"column":9}},"10":{"start":{"line":62,"column":6},"end":{"line":64,"column":9}},"11":{"start":{"line":65,"column":6},"end":{"line":65,"column":18}},"12":{"start":{"line":75,"column":4},"end":{"line":82,"column":5}},"13":{"start":{"line":76,"column":6},"end":{"line":76,"column":44}},"14":{"start":{"line":78,"column":6},"end":{"line":80,"column":9}},"15":{"start":{"line":81,"column":6},"end":{"line":81,"column":18}},"16":{"start":{"line":91,"column":4},"end":{"line":93,"column":5}},"17":{"start":{"line":92,"column":6},"end":{"line":92,"column":16}},"18":{"start":{"line":95,"column":4},"end":{"line":106,"column":37}},"19":{"start":{"line":97,"column":8},"end":{"line":104,"column":9}},"20":{"start":{"line":98,"column":10},"end":{"line":98,"column":42}},"21":{"start":{"line":100,"column":10},"end":{"line":102,"column":13}},"22":{"start":{"line":103,"column":10},"end":{"line":103,"column":22}},"23":{"start":{"line":106,"column":22},"end":{"line":106,"column":35}},"24":{"start":{"line":116,"column":4},"end":{"line":126,"column":5}},"25":{"start":{"line":117,"column":23},"end":{"line":120,"column":15}},"26":{"start":{"line":122,"column":6},"end":{"line":122,"column":43}},"27":{"start":{"line":124,"column":6},"end":{"line":124,"column":74}},"28":{"start":{"line":125,"column":6},"end":{"line":125,"column":18}},"29":{"start":{"line":136,"column":4},"end":{"line":148,"column":5}},"30":{"start":{"line":137,"column":25},"end":{"line":137,"column":46}},"31":{"start":{"line":139,"column":6},"end":{"line":139,"column":54}},"32":{"start":{"line":139,"column":24},"end":{"line":139,"column":54}},"33":{"start":{"line":140,"column":6},"end":{"line":140,"column":57}},"34":{"start":{"line":140,"column":25},"end":{"line":140,"column":57}},"35":{"start":{"line":141,"column":6},"end":{"line":141,"column":54}},"36":{"start":{"line":141,"column":24},"end":{"line":141,"column":54}},"37":{"start":{"line":143,"column":24},"end":{"line":143,"column":47}},"38":{"start":{"line":144,"column":6},"end":{"line":144,"column":46}},"39":{"start":{"line":146,"column":6},"end":{"line":146,"column":69}},"40":{"start":{"line":147,"column":6},"end":{"line":147,"column":18}},"41":{"start":{"line":157,"column":4},"end":{"line":176,"column":5}},"42":{"start":{"line":158,"column":24},"end":{"line":158,"column":56}},"43":{"start":{"line":160,"column":23},"end":{"line":168,"column":7}},"44":{"start":{"line":170,"column":6},"end":{"line":170,"column":43}},"45":{"start":{"line":172,"column":6},"end":{"line":174,"column":9}},"46":{"start":{"line":175,"column":6},"end":{"line":175,"column":18}},"47":{"start":{"line":186,"column":4},"end":{"line":195,"column":5}},"48":{"start":{"line":188,"column":23},"end":{"line":188,"column":77}},"49":{"start":{"line":191,"column":6},"end":{"line":191,"column":72}},"50":{"start":{"line":191,"column":37},"end":{"line":191,"column":70}},"51":{"start":{"line":193,"column":6},"end":{"line":193,"column":66}},"52":{"start":{"line":194,"column":6},"end":{"line":194,"column":18}},"53":{"start":{"line":199,"column":0},"end":{"line":199,"column":38}}},"fnMap":{"0":{"name":"(anonymous_0)","decl":{"start":{"line":22,"column":2},"end":{"line":22,"column":3}},"loc":{"start":{"line":22,"column":16},"end":{"line":24,"column":3}},"line":22},"1":{"name":"(anonymous_1)","decl":{"start":{"line":31,"column":2},"end":{"line":31,"column":3}},"loc":{"start":{"line":31,"column":27},"end":{"line":67,"column":3}},"line":31},"2":{"name":"(anonymous_2)","decl":{"start":{"line":74,"column":2},"end":{"line":74,"column":3}},"loc":{"start":{"line":74,"column":30},"end":{"line":83,"column":3}},"line":74},"3":{"name":"(anonymous_3)","decl":{"start":{"line":90,"column":2},"end":{"line":90,"column":3}},"loc":{"start":{"line":90,"column":30},"end":{"line":107,"column":3}},"line":90},"4":{"name":"(anonymous_4)","decl":{"start":{"line":96,"column":11},"end":{"line":96,"column":12}},"loc":{"start":{"line":96,"column":18},"end":{"line":105,"column":7}},"line":96},"5":{"name":"(anonymous_5)","decl":{"start":{"line":106,"column":14},"end":{"line":106,"column":15}},"loc":{"start":{"line":106,"column":22},"end":{"line":106,"column":35}},"line":106},"6":{"name":"(anonymous_6)","decl":{"start":{"line":115,"column":2},"end":{"line":115,"column":3}},"loc":{"start":{"line":115,"column":47},"end":{"line":127,"column":3}},"line":115},"7":{"name":"(anonymous_7)","decl":{"start":{"line":135,"column":2},"end":{"line":135,"column":3}},"loc":{"start":{"line":135,"column":47},"end":{"line":149,"column":3}},"line":135},"8":{"name":"(anonymous_8)","decl":{"start":{"line":156,"column":2},"end":{"line":156,"column":3}},"loc":{"start":{"line":156,"column":33},"end":{"line":177,"column":3}},"line":156},"9":{"name":"(anonymous_9)","decl":{"start":{"line":185,"column":2},"end":{"line":185,"column":3}},"loc":{"start":{"line":185,"column":57},"end":{"line":196,"column":3}},"line":185},"10":{"name":"(anonymous_10)","decl":{"start":{"line":191,"column":29},"end":{"line":191,"column":30}},"loc":{"start":{"line":191,"column":37},"end":{"line":191,"column":70}},"line":191}},"branchMap":{"0":{"loc":{"start":{"line":32,"column":4},"end":{"line":32,"column":31}},"type":"if","locations":[{"start":{"line":32,"column":4},"end":{"line":32,"column":31}},{"start":{},"end":{}}],"line":32},"1":{"loc":{"start":{"line":91,"column":4},"end":{"line":93,"column":5}},"type":"if","locations":[{"start":{"line":91,"column":4},"end":{"line":93,"column":5}},{"start":{},"end":{}}],"line":91},"2":{"loc":{"start":{"line":115,"column":33},"end":{"line":115,"column":45}},"type":"default-arg","locations":[{"start":{"line":115,"column":43},"end":{"line":115,"column":45}}],"line":115},"3":{"loc":{"start":{"line":135,"column":21},"end":{"line":135,"column":31}},"type":"default-arg","locations":[{"start":{"line":135,"column":29},"end":{"line":135,"column":31}}],"line":135},"4":{"loc":{"start":{"line":135,"column":33},"end":{"line":135,"column":45}},"type":"default-arg","locations":[{"start":{"line":135,"column":43},"end":{"line":135,"column":45}}],"line":135},"5":{"loc":{"start":{"line":139,"column":6},"end":{"line":139,"column":54}},"type":"if","locations":[{"start":{"line":139,"column":6},"end":{"line":139,"column":54}},{"start":{},"end":{}}],"line":139},"6":{"loc":{"start":{"line":140,"column":6},"end":{"line":140,"column":57}},"type":"if","locations":[{"start":{"line":140,"column":6},"end":{"line":140,"column":57}},{"start":{},"end":{}}],"line":140},"7":{"loc":{"start":{"line":141,"column":6},"end":{"line":141,"column":54}},"type":"if","locations":[{"start":{"line":141,"column":6},"end":{"line":141,"column":54}},{"start":{},"end":{}}],"line":141},"8":{"loc":{"start":{"line":185,"column":43},"end":{"line":185,"column":55}},"type":"default-arg","locations":[{"start":{"line":185,"column":53},"end":{"line":185,"column":55}}],"line":185}},"s":{"0":2,"1":2,"2":2,"3":2,"4":38,"5":0,"6":0,"7":0,"8":0,"9":0,"10":0,"11":0,"12":0,"13":0,"14":0,"15":0,"16":0,"17":0,"18":0,"19":0,"20":0,"21":0,"22":0,"23":0,"24":0,"25":0,"26":0,"27":0,"28":0,"29":0,"30":0,"31":0,"32":0,"33":0,"34":0,"35":0,"36":0,"37":0,"38":0,"39":0,"40":0,"41":0,"42":0,"43":0,"44":0,"45":0,"46":0,"47":0,"48":0,"49":0,"50":0,"51":0,"52":0,"53":2},"f":{"0":38,"1":0,"2":0,"3":0,"4":0,"5":0,"6":0,"7":0,"8":0,"9":0,"10":0},"b":{"0":[0,0],"1":[0,0],"2":[0],"3":[0],"4":[0],"5":[0,0],"6":[0,0],"7":[0,0],"8":[0]},"_coverageSchema":"1a1c01bbd47fc00a2c39e90264f33305004495a9","hash":"f61358aedbf09f58940821ec6a6733d46eea44a8"}
,"/home/oliver/apps/osrs-market/server/domain/entities/Item.js": {"path":"/home/oliver/apps/osrs-market/server/domain/entities/Item.js","statementMap":{"0":{"start":{"line":10,"column":19},"end":{"line":10,"column":53}},"1":{"start":{"line":11,"column":24},"end":{"line":11,"column":63}},"2":{"start":{"line":12,"column":19},"end":{"line":12,"column":48}},"3":{"start":{"line":101,"column":4},"end":{"line":101,"column":38}},"4":{"start":{"line":102,"column":4},"end":{"line":102,"column":37}},"5":{"start":{"line":103,"column":4},"end":{"line":103,"column":35}},"6":{"start":{"line":113,"column":4},"end":{"line":115,"column":5}},"7":{"start":{"line":114,"column":6},"end":{"line":114,"column":56}},"8":{"start":{"line":117,"column":21},"end":{"line":117,"column":50}},"9":{"start":{"line":118,"column":4},"end":{"line":122,"column":5}},"10":{"start":{"line":119,"column":6},"end":{"line":121,"column":7}},"11":{"start":{"line":120,"column":8},"end":{"line":120,"column":66}},"12":{"start":{"line":124,"column":4},"end":{"line":126,"column":5}},"13":{"start":{"line":125,"column":6},"end":{"line":125,"column":62}},"14":{"start":{"line":128,"column":4},"end":{"line":130,"column":5}},"15":{"start":{"line":129,"column":6},"end":{"line":129,"column":55}},"16":{"start":{"line":139,"column":16},"end":{"line":139,"column":26}},"17":{"start":{"line":141,"column":4},"end":{"line":141,"column":39}},"18":{"start":{"line":142,"column":4},"end":{"line":142,"column":34}},"19":{"start":{"line":143,"column":4},"end":{"line":143,"column":40}},"20":{"start":{"line":144,"column":4},"end":{"line":144,"column":42}},"21":{"start":{"line":145,"column":4},"end":{"line":145,"column":57}},"22":{"start":{"line":146,"column":4},"end":{"line":146,"column":35}},"23":{"start":{"line":147,"column":4},"end":{"line":147,"column":43}},"24":{"start":{"line":148,"column":4},"end":{"line":148,"column":51}},"25":{"start":{"line":151,"column":4},"end":{"line":154,"column":7}},"26":{"start":{"line":157,"column":4},"end":{"line":163,"column":6}},"27":{"start":{"line":166,"column":4},"end":{"line":171,"column":6}},"28":{"start":{"line":173,"column":4},"end":{"line":176,"column":7}},"29":{"start":{"line":180,"column":13},"end":{"line":180,"column":29}},"30":{"start":{"line":181,"column":15},"end":{"line":181,"column":33}},"31":{"start":{"line":182,"column":18},"end":{"line":182,"column":39}},"32":{"start":{"line":183,"column":18},"end":{"line":183,"column":39}},"33":{"start":{"line":184,"column":18},"end":{"line":184,"column":39}},"34":{"start":{"line":185,"column":17},"end":{"line":185,"column":37}},"35":{"start":{"line":186,"column":17},"end":{"line":186,"column":37}},"36":{"start":{"line":187,"column":15},"end":{"line":187,"column":33}},"37":{"start":{"line":188,"column":17},"end":{"line":188,"column":37}},"38":{"start":{"line":189,"column":21},"end":{"line":189,"column":45}},"39":{"start":{"line":190,"column":16},"end":{"line":190,"column":35}},"40":{"start":{"line":198,"column":4},"end":{"line":200,"column":5}},"41":{"start":{"line":199,"column":6},"end":{"line":199,"column":49}},"42":{"start":{"line":202,"column":20},"end":{"line":202,"column":22}},"43":{"start":{"line":203,"column":21},"end":{"line":203,"column":26}},"44":{"start":{"line":206,"column":4},"end":{"line":212,"column":5}},"45":{"start":{"line":207,"column":6},"end":{"line":209,"column":7}},"46":{"start":{"line":208,"column":8},"end":{"line":208,"column":59}},"47":{"start":{"line":210,"column":6},"end":{"line":210,"column":44}},"48":{"start":{"line":211,"column":6},"end":{"line":211,"column":24}},"49":{"start":{"line":214,"column":4},"end":{"line":220,"column":5}},"50":{"start":{"line":215,"column":6},"end":{"line":217,"column":7}},"51":{"start":{"line":216,"column":8},"end":{"line":216,"column":52}},"52":{"start":{"line":218,"column":6},"end":{"line":218,"column":50}},"53":{"start":{"line":219,"column":6},"end":{"line":219,"column":24}},"54":{"start":{"line":222,"column":4},"end":{"line":225,"column":5}},"55":{"start":{"line":223,"column":6},"end":{"line":223,"column":52}},"56":{"start":{"line":224,"column":6},"end":{"line":224,"column":24}},"57":{"start":{"line":227,"column":4},"end":{"line":230,"column":5}},"58":{"start":{"line":228,"column":6},"end":{"line":228,"column":62}},"59":{"start":{"line":229,"column":6},"end":{"line":229,"column":24}},"60":{"start":{"line":232,"column":4},"end":{"line":235,"column":5}},"61":{"start":{"line":233,"column":6},"end":{"line":233,"column":45}},"62":{"start":{"line":234,"column":6},"end":{"line":234,"column":24}},"63":{"start":{"line":237,"column":4},"end":{"line":240,"column":5}},"64":{"start":{"line":238,"column":6},"end":{"line":238,"column":41}},"65":{"start":{"line":239,"column":6},"end":{"line":239,"column":24}},"66":{"start":{"line":243,"column":4},"end":{"line":254,"column":5}},"67":{"start":{"line":244,"column":25},"end":{"line":245,"column":71}},"68":{"start":{"line":246,"column":26},"end":{"line":247,"column":73}},"69":{"start":{"line":249,"column":6},"end":{"line":252,"column":9}},"70":{"start":{"line":253,"column":6},"end":{"line":253,"column":24}},"71":{"start":{"line":257,"column":26},"end":{"line":257,"column":28}},"72":{"start":{"line":258,"column":27},"end":{"line":258,"column":32}},"73":{"start":{"line":260,"column":4},"end":{"line":263,"column":5}},"74":{"start":{"line":261,"column":6},"end":{"line":261,"column":66}},"75":{"start":{"line":262,"column":6},"end":{"line":262,"column":30}},"76":{"start":{"line":265,"column":4},"end":{"line":269,"column":5}},"77":{"start":{"line":266,"column":6},"end":{"line":267,"column":56}},"78":{"start":{"line":268,"column":6},"end":{"line":268,"column":30}},"79":{"start":{"line":271,"column":4},"end":{"line":274,"column":5}},"80":{"start":{"line":272,"column":6},"end":{"line":272,"column":72}},"81":{"start":{"line":273,"column":6},"end":{"line":273,"column":30}},"82":{"start":{"line":276,"column":4},"end":{"line":279,"column":5}},"83":{"start":{"line":277,"column":6},"end":{"line":277,"column":62}},"84":{"start":{"line":278,"column":6},"end":{"line":278,"column":30}},"85":{"start":{"line":281,"column":4},"end":{"line":284,"column":5}},"86":{"start":{"line":282,"column":6},"end":{"line":282,"column":54}},"87":{"start":{"line":283,"column":6},"end":{"line":283,"column":30}},"88":{"start":{"line":286,"column":4},"end":{"line":289,"column":5}},"89":{"start":{"line":287,"column":6},"end":{"line":287,"column":61}},"90":{"start":{"line":288,"column":6},"end":{"line":288,"column":24}},"91":{"start":{"line":291,"column":4},"end":{"line":294,"column":5}},"92":{"start":{"line":292,"column":6},"end":{"line":292,"column":76}},"93":{"start":{"line":293,"column":6},"end":{"line":293,"column":13}},"94":{"start":{"line":297,"column":4},"end":{"line":297,"column":33}},"95":{"start":{"line":298,"column":4},"end":{"line":298,"column":57}},"96":{"start":{"line":298,"column":25},"end":{"line":298,"column":57}},"97":{"start":{"line":299,"column":4},"end":{"line":299,"column":54}},"98":{"start":{"line":299,"column":24},"end":{"line":299,"column":54}},"99":{"start":{"line":302,"column":4},"end":{"line":302,"column":39}},"100":{"start":{"line":303,"column":4},"end":{"line":303,"column":29}},"101":{"start":{"line":305,"column":4},"end":{"line":308,"column":7}},"102":{"start":{"line":316,"column":4},"end":{"line":316,"column":61}},"103":{"start":{"line":324,"column":4},"end":{"line":324,"column":58}},"104":{"start":{"line":332,"column":17},"end":{"line":332,"column":41}},"105":{"start":{"line":335,"column":4},"end":{"line":337,"column":5}},"106":{"start":{"line":336,"column":6},"end":{"line":336,"column":21}},"107":{"start":{"line":339,"column":4},"end":{"line":341,"column":5}},"108":{"start":{"line":340,"column":6},"end":{"line":340,"column":23}},"109":{"start":{"line":343,"column":4},"end":{"line":346,"column":5}},"110":{"start":{"line":345,"column":6},"end":{"line":345,"column":20}},"111":{"start":{"line":348,"column":4},"end":{"line":351,"column":5}},"112":{"start":{"line":350,"column":6},"end":{"line":350,"column":23}},"113":{"start":{"line":353,"column":4},"end":{"line":356,"column":5}},"114":{"start":{"line":355,"column":6},"end":{"line":355,"column":21}},"115":{"start":{"line":358,"column":4},"end":{"line":361,"column":5}},"116":{"start":{"line":360,"column":6},"end":{"line":360,"column":21}},"117":{"start":{"line":363,"column":4},"end":{"line":366,"column":5}},"118":{"start":{"line":365,"column":6},"end":{"line":365,"column":25}},"119":{"start":{"line":369,"column":4},"end":{"line":371,"column":5}},"120":{"start":{"line":370,"column":6},"end":{"line":370,"column":26}},"121":{"start":{"line":374,"column":4},"end":{"line":376,"column":5}},"122":{"start":{"line":375,"column":6},"end":{"line":375,"column":23}},"123":{"start":{"line":378,"column":4},"end":{"line":378,"column":21}},"124":{"start":{"line":387,"column":16},"end":{"line":387,"column":63}},"125":{"start":{"line":388,"column":4},"end":{"line":388,"column":26}},"126":{"start":{"line":395,"column":4},"end":{"line":395,"column":42}},"127":{"start":{"line":396,"column":4},"end":{"line":396,"column":39}},"128":{"start":{"line":398,"column":4},"end":{"line":398,"column":76}},"129":{"start":{"line":405,"column":4},"end":{"line":405,"column":32}},"130":{"start":{"line":406,"column":4},"end":{"line":406,"column":39}},"131":{"start":{"line":407,"column":4},"end":{"line":407,"column":29}},"132":{"start":{"line":409,"column":4},"end":{"line":409,"column":69}},"133":{"start":{"line":416,"column":4},"end":{"line":416,"column":29}},"134":{"start":{"line":417,"column":4},"end":{"line":417,"column":39}},"135":{"start":{"line":418,"column":4},"end":{"line":418,"column":29}},"136":{"start":{"line":420,"column":4},"end":{"line":420,"column":66}},"137":{"start":{"line":428,"column":4},"end":{"line":428,"column":37}},"138":{"start":{"line":436,"column":4},"end":{"line":456,"column":6}},"139":{"start":{"line":464,"column":4},"end":{"line":479,"column":6}},"140":{"start":{"line":488,"column":4},"end":{"line":488,"column":26}},"141":{"start":{"line":497,"column":17},"end":{"line":513,"column":6}},"142":{"start":{"line":516,"column":4},"end":{"line":516,"column":73}},"143":{"start":{"line":516,"column":24},"end":{"line":516,"column":73}},"144":{"start":{"line":517,"column":4},"end":{"line":517,"column":73}},"145":{"start":{"line":517,"column":24},"end":{"line":517,"column":73}},"146":{"start":{"line":518,"column":4},"end":{"line":518,"column":82}},"147":{"start":{"line":518,"column":27},"end":{"line":518,"column":82}},"148":{"start":{"line":519,"column":4},"end":{"line":519,"column":57}},"149":{"start":{"line":519,"column":22},"end":{"line":519,"column":57}},"150":{"start":{"line":521,"column":4},"end":{"line":521,"column":16}},"151":{"start":{"line":525,"column":0},"end":{"line":525,"column":26}}},"fnMap":{"0":{"name":"(anonymous_0)","decl":{"start":{"line":100,"column":2},"end":{"line":100,"column":3}},"loc":{"start":{"line":100,"column":20},"end":{"line":104,"column":3}},"line":100},"1":{"name":"(anonymous_1)","decl":{"start":{"line":180,"column":2},"end":{"line":180,"column":3}},"loc":{"start":{"line":180,"column":11},"end":{"line":180,"column":31}},"line":180},"2":{"name":"(anonymous_2)","decl":{"start":{"line":181,"column":2},"end":{"line":181,"column":3}},"loc":{"start":{"line":181,"column":13},"end":{"line":181,"column":35}},"line":181},"3":{"name":"(anonymous_3)","decl":{"start":{"line":182,"column":2},"end":{"line":182,"column":3}},"loc":{"start":{"line":182,"column":16},"end":{"line":182,"column":41}},"line":182},"4":{"name":"(anonymous_4)","decl":{"start":{"line":183,"column":2},"end":{"line":183,"column":3}},"loc":{"start":{"line":183,"column":16},"end":{"line":183,"column":41}},"line":183},"5":{"name":"(anonymous_5)","decl":{"start":{"line":184,"column":2},"end":{"line":184,"column":3}},"loc":{"start":{"line":184,"column":16},"end":{"line":184,"column":41}},"line":184},"6":{"name":"(anonymous_6)","decl":{"start":{"line":185,"column":2},"end":{"line":185,"column":3}},"loc":{"start":{"line":185,"column":15},"end":{"line":185,"column":39}},"line":185},"7":{"name":"(anonymous_7)","decl":{"start":{"line":186,"column":2},"end":{"line":186,"column":3}},"loc":{"start":{"line":186,"column":15},"end":{"line":186,"column":39}},"line":186},"8":{"name":"(anonymous_8)","decl":{"start":{"line":187,"column":2},"end":{"line":187,"column":3}},"loc":{"start":{"line":187,"column":13},"end":{"line":187,"column":35}},"line":187},"9":{"name":"(anonymous_9)","decl":{"start":{"line":188,"column":2},"end":{"line":188,"column":3}},"loc":{"start":{"line":188,"column":15},"end":{"line":188,"column":39}},"line":188},"10":{"name":"(anonymous_10)","decl":{"start":{"line":189,"column":2},"end":{"line":189,"column":3}},"loc":{"start":{"line":189,"column":19},"end":{"line":189,"column":47}},"line":189},"11":{"name":"(anonymous_11)","decl":{"start":{"line":190,"column":2},"end":{"line":190,"column":3}},"loc":{"start":{"line":190,"column":14},"end":{"line":190,"column":37}},"line":190},"12":{"name":"(anonymous_12)","decl":{"start":{"line":197,"column":2},"end":{"line":197,"column":3}},"loc":{"start":{"line":197,"column":21},"end":{"line":309,"column":3}},"line":197},"13":{"name":"(anonymous_13)","decl":{"start":{"line":315,"column":2},"end":{"line":315,"column":3}},"loc":{"start":{"line":315,"column":21},"end":{"line":317,"column":3}},"line":315},"14":{"name":"(anonymous_14)","decl":{"start":{"line":323,"column":2},"end":{"line":323,"column":3}},"loc":{"start":{"line":323,"column":24},"end":{"line":325,"column":3}},"line":323},"15":{"name":"(anonymous_15)","decl":{"start":{"line":331,"column":2},"end":{"line":331,"column":3}},"loc":{"start":{"line":331,"column":16},"end":{"line":379,"column":3}},"line":331},"16":{"name":"(anonymous_16)","decl":{"start":{"line":386,"column":2},"end":{"line":386,"column":3}},"loc":{"start":{"line":386,"column":44},"end":{"line":389,"column":3}},"line":386},"17":{"name":"(anonymous_17)","decl":{"start":{"line":394,"column":2},"end":{"line":394,"column":3}},"loc":{"start":{"line":394,"column":15},"end":{"line":399,"column":3}},"line":394},"18":{"name":"(anonymous_18)","decl":{"start":{"line":404,"column":2},"end":{"line":404,"column":3}},"loc":{"start":{"line":404,"column":14},"end":{"line":410,"column":3}},"line":404},"19":{"name":"(anonymous_19)","decl":{"start":{"line":415,"column":2},"end":{"line":415,"column":3}},"loc":{"start":{"line":415,"column":11},"end":{"line":421,"column":3}},"line":415},"20":{"name":"(anonymous_20)","decl":{"start":{"line":427,"column":2},"end":{"line":427,"column":3}},"loc":{"start":{"line":427,"column":13},"end":{"line":429,"column":3}},"line":427},"21":{"name":"(anonymous_21)","decl":{"start":{"line":435,"column":2},"end":{"line":435,"column":3}},"loc":{"start":{"line":435,"column":22},"end":{"line":457,"column":3}},"line":435},"22":{"name":"(anonymous_22)","decl":{"start":{"line":463,"column":2},"end":{"line":463,"column":3}},"loc":{"start":{"line":463,"column":11},"end":{"line":480,"column":3}},"line":463},"23":{"name":"(anonymous_23)","decl":{"start":{"line":487,"column":2},"end":{"line":487,"column":3}},"loc":{"start":{"line":487,"column":22},"end":{"line":489,"column":3}},"line":487},"24":{"name":"(anonymous_24)","decl":{"start":{"line":496,"column":2},"end":{"line":496,"column":3}},"loc":{"start":{"line":496,"column":35},"end":{"line":522,"column":3}},"line":496}},"branchMap":{"0":{"loc":{"start":{"line":113,"column":4},"end":{"line":115,"column":5}},"type":"if","locations":[{"start":{"line":113,"column":4},"end":{"line":115,"column":5}},{"start":{},"end":{}}],"line":113},"1":{"loc":{"start":{"line":113,"column":8},"end":{"line":113,"column":41}},"type":"binary-expr","locations":[{"start":{"line":113,"column":8},"end":{"line":113,"column":13}},{"start":{"line":113,"column":17},"end":{"line":113,"column":41}}],"line":113},"2":{"loc":{"start":{"line":119,"column":6},"end":{"line":121,"column":7}},"type":"if","locations":[{"start":{"line":119,"column":6},"end":{"line":121,"column":7}},{"start":{},"end":{}}],"line":119},"3":{"loc":{"start":{"line":124,"column":4},"end":{"line":126,"column":5}},"type":"if","locations":[{"start":{"line":124,"column":4},"end":{"line":126,"column":5}},{"start":{},"end":{}}],"line":124},"4":{"loc":{"start":{"line":124,"column":8},"end":{"line":124,"column":70}},"type":"binary-expr","locations":[{"start":{"line":124,"column":8},"end":{"line":124,"column":37}},{"start":{"line":124,"column":41},"end":{"line":124,"column":70}}],"line":124},"5":{"loc":{"start":{"line":128,"column":4},"end":{"line":130,"column":5}},"type":"if","locations":[{"start":{"line":128,"column":4},"end":{"line":130,"column":5}},{"start":{},"end":{}}],"line":128},"6":{"loc":{"start":{"line":145,"column":38},"end":{"line":145,"column":54}},"type":"binary-expr","locations":[{"start":{"line":145,"column":38},"end":{"line":145,"column":49}},{"start":{"line":145,"column":53},"end":{"line":145,"column":54}}],"line":145},"7":{"loc":{"start":{"line":146,"column":17},"end":{"line":146,"column":34}},"type":"binary-expr","locations":[{"start":{"line":146,"column":17},"end":{"line":146,"column":26}},{"start":{"line":146,"column":30},"end":{"line":146,"column":34}}],"line":146},"8":{"loc":{"start":{"line":147,"column":19},"end":{"line":147,"column":42}},"type":"binary-expr","locations":[{"start":{"line":147,"column":19},"end":{"line":147,"column":30}},{"start":{"line":147,"column":34},"end":{"line":147,"column":42}}],"line":147},"9":{"loc":{"start":{"line":148,"column":23},"end":{"line":148,"column":50}},"type":"binary-expr","locations":[{"start":{"line":148,"column":23},"end":{"line":148,"column":38}},{"start":{"line":148,"column":42},"end":{"line":148,"column":50}}],"line":148},"10":{"loc":{"start":{"line":152,"column":34},"end":{"line":152,"column":51}},"type":"binary-expr","locations":[{"start":{"line":152,"column":34},"end":{"line":152,"column":46}},{"start":{"line":152,"column":50},"end":{"line":152,"column":51}}],"line":152},"11":{"loc":{"start":{"line":153,"column":35},"end":{"line":153,"column":53}},"type":"binary-expr","locations":[{"start":{"line":153,"column":35},"end":{"line":153,"column":48}},{"start":{"line":153,"column":52},"end":{"line":153,"column":53}}],"line":153},"12":{"loc":{"start":{"line":158,"column":32},"end":{"line":158,"column":47}},"type":"binary-expr","locations":[{"start":{"line":158,"column":32},"end":{"line":158,"column":42}},{"start":{"line":158,"column":46},"end":{"line":158,"column":47}}],"line":158},"13":{"loc":{"start":{"line":159,"column":16},"end":{"line":159,"column":73}},"type":"cond-expr","locations":[{"start":{"line":159,"column":32},"end":{"line":159,"column":66}},{"start":{"line":159,"column":69},"end":{"line":159,"column":73}}],"line":159},"14":{"loc":{"start":{"line":198,"column":4},"end":{"line":200,"column":5}},"type":"if","locations":[{"start":{"line":198,"column":4},"end":{"line":200,"column":5}},{"start":{},"end":{}}],"line":198},"15":{"loc":{"start":{"line":198,"column":8},"end":{"line":198,"column":53}},"type":"binary-expr","locations":[{"start":{"line":198,"column":8},"end":{"line":198,"column":19}},{"start":{"line":198,"column":23},"end":{"line":198,"column":53}}],"line":198},"16":{"loc":{"start":{"line":206,"column":4},"end":{"line":212,"column":5}},"type":"if","locations":[{"start":{"line":206,"column":4},"end":{"line":212,"column":5}},{"start":{},"end":{}}],"line":206},"17":{"loc":{"start":{"line":207,"column":6},"end":{"line":209,"column":7}},"type":"if","locations":[{"start":{"line":207,"column":6},"end":{"line":209,"column":7}},{"start":{},"end":{}}],"line":207},"18":{"loc":{"start":{"line":207,"column":10},"end":{"line":207,"column":84}},"type":"binary-expr","locations":[{"start":{"line":207,"column":10},"end":{"line":207,"column":45}},{"start":{"line":207,"column":49},"end":{"line":207,"column":84}}],"line":207},"19":{"loc":{"start":{"line":214,"column":4},"end":{"line":220,"column":5}},"type":"if","locations":[{"start":{"line":214,"column":4},"end":{"line":220,"column":5}},{"start":{},"end":{}}],"line":214},"20":{"loc":{"start":{"line":215,"column":6},"end":{"line":217,"column":7}},"type":"if","locations":[{"start":{"line":215,"column":6},"end":{"line":217,"column":7}},{"start":{},"end":{}}],"line":215},"21":{"loc":{"start":{"line":222,"column":4},"end":{"line":225,"column":5}},"type":"if","locations":[{"start":{"line":222,"column":4},"end":{"line":225,"column":5}},{"start":{},"end":{}}],"line":222},"22":{"loc":{"start":{"line":227,"column":4},"end":{"line":230,"column":5}},"type":"if","locations":[{"start":{"line":227,"column":4},"end":{"line":230,"column":5}},{"start":{},"end":{}}],"line":227},"23":{"loc":{"start":{"line":232,"column":4},"end":{"line":235,"column":5}},"type":"if","locations":[{"start":{"line":232,"column":4},"end":{"line":235,"column":5}},{"start":{},"end":{}}],"line":232},"24":{"loc":{"start":{"line":233,"column":21},"end":{"line":233,"column":44}},"type":"binary-expr","locations":[{"start":{"line":233,"column":21},"end":{"line":233,"column":36}},{"start":{"line":233,"column":40},"end":{"line":233,"column":44}}],"line":233},"25":{"loc":{"start":{"line":237,"column":4},"end":{"line":240,"column":5}},"type":"if","locations":[{"start":{"line":237,"column":4},"end":{"line":240,"column":5}},{"start":{},"end":{}}],"line":237},"26":{"loc":{"start":{"line":243,"column":4},"end":{"line":254,"column":5}},"type":"if","locations":[{"start":{"line":243,"column":4},"end":{"line":254,"column":5}},{"start":{},"end":{}}],"line":243},"27":{"loc":{"start":{"line":243,"column":8},"end":{"line":243,"column":77}},"type":"binary-expr","locations":[{"start":{"line":243,"column":8},"end":{"line":243,"column":40}},{"start":{"line":243,"column":44},"end":{"line":243,"column":77}}],"line":243},"28":{"loc":{"start":{"line":244,"column":25},"end":{"line":245,"column":71}},"type":"cond-expr","locations":[{"start":{"line":245,"column":8},"end":{"line":245,"column":47}},{"start":{"line":245,"column":50},"end":{"line":245,"column":71}}],"line":244},"29":{"loc":{"start":{"line":246,"column":26},"end":{"line":247,"column":73}},"type":"cond-expr","locations":[{"start":{"line":247,"column":8},"end":{"line":247,"column":48}},{"start":{"line":247,"column":51},"end":{"line":247,"column":73}}],"line":246},"30":{"loc":{"start":{"line":260,"column":4},"end":{"line":263,"column":5}},"type":"if","locations":[{"start":{"line":260,"column":4},"end":{"line":263,"column":5}},{"start":{},"end":{}}],"line":260},"31":{"loc":{"start":{"line":265,"column":4},"end":{"line":269,"column":5}},"type":"if","locations":[{"start":{"line":265,"column":4},"end":{"line":269,"column":5}},{"start":{},"end":{}}],"line":265},"32":{"loc":{"start":{"line":266,"column":31},"end":{"line":267,"column":55}},"type":"cond-expr","locations":[{"start":{"line":267,"column":8},"end":{"line":267,"column":48}},{"start":{"line":267,"column":51},"end":{"line":267,"column":55}}],"line":266},"33":{"loc":{"start":{"line":271,"column":4},"end":{"line":274,"column":5}},"type":"if","locations":[{"start":{"line":271,"column":4},"end":{"line":274,"column":5}},{"start":{},"end":{}}],"line":271},"34":{"loc":{"start":{"line":276,"column":4},"end":{"line":279,"column":5}},"type":"if","locations":[{"start":{"line":276,"column":4},"end":{"line":279,"column":5}},{"start":{},"end":{}}],"line":276},"35":{"loc":{"start":{"line":281,"column":4},"end":{"line":284,"column":5}},"type":"if","locations":[{"start":{"line":281,"column":4},"end":{"line":284,"column":5}},{"start":{},"end":{}}],"line":281},"36":{"loc":{"start":{"line":286,"column":4},"end":{"line":289,"column":5}},"type":"if","locations":[{"start":{"line":286,"column":4},"end":{"line":289,"column":5}},{"start":{},"end":{}}],"line":286},"37":{"loc":{"start":{"line":291,"column":4},"end":{"line":294,"column":5}},"type":"if","locations":[{"start":{"line":291,"column":4},"end":{"line":294,"column":5}},{"start":{},"end":{}}],"line":291},"38":{"loc":{"start":{"line":298,"column":4},"end":{"line":298,"column":57}},"type":"if","locations":[{"start":{"line":298,"column":4},"end":{"line":298,"column":57}},{"start":{},"end":{}}],"line":298},"39":{"loc":{"start":{"line":299,"column":4},"end":{"line":299,"column":54}},"type":"if","locations":[{"start":{"line":299,"column":4},"end":{"line":299,"column":54}},{"start":{},"end":{}}],"line":299},"40":{"loc":{"start":{"line":335,"column":4},"end":{"line":337,"column":5}},"type":"if","locations":[{"start":{"line":335,"column":4},"end":{"line":337,"column":5}},{"start":{},"end":{}}],"line":335},"41":{"loc":{"start":{"line":335,"column":8},"end":{"line":335,"column":84}},"type":"binary-expr","locations":[{"start":{"line":335,"column":8},"end":{"line":335,"column":29}},{"start":{"line":335,"column":33},"end":{"line":335,"column":57}},{"start":{"line":335,"column":61},"end":{"line":335,"column":84}}],"line":335},"42":{"loc":{"start":{"line":339,"column":4},"end":{"line":341,"column":5}},"type":"if","locations":[{"start":{"line":339,"column":4},"end":{"line":341,"column":5}},{"start":{},"end":{}}],"line":339},"43":{"loc":{"start":{"line":339,"column":8},"end":{"line":339,"column":95}},"type":"binary-expr","locations":[{"start":{"line":339,"column":8},"end":{"line":339,"column":31}},{"start":{"line":339,"column":35},"end":{"line":339,"column":56}},{"start":{"line":339,"column":60},"end":{"line":339,"column":95}}],"line":339},"44":{"loc":{"start":{"line":343,"column":4},"end":{"line":346,"column":5}},"type":"if","locations":[{"start":{"line":343,"column":4},"end":{"line":346,"column":5}},{"start":{},"end":{}}],"line":343},"45":{"loc":{"start":{"line":343,"column":8},"end":{"line":344,"column":79}},"type":"binary-expr","locations":[{"start":{"line":343,"column":8},"end":{"line":343,"column":29}},{"start":{"line":343,"column":33},"end":{"line":343,"column":54}},{"start":{"line":343,"column":58},"end":{"line":343,"column":79}},{"start":{"line":344,"column":8},"end":{"line":344,"column":30}},{"start":{"line":344,"column":34},"end":{"line":344,"column":55}},{"start":{"line":344,"column":59},"end":{"line":344,"column":79}}],"line":343},"46":{"loc":{"start":{"line":348,"column":4},"end":{"line":351,"column":5}},"type":"if","locations":[{"start":{"line":348,"column":4},"end":{"line":351,"column":5}},{"start":{},"end":{}}],"line":348},"47":{"loc":{"start":{"line":348,"column":8},"end":{"line":349,"column":80}},"type":"binary-expr","locations":[{"start":{"line":348,"column":8},"end":{"line":348,"column":30}},{"start":{"line":348,"column":34},"end":{"line":348,"column":54}},{"start":{"line":348,"column":58},"end":{"line":348,"column":80}},{"start":{"line":349,"column":8},"end":{"line":349,"column":31}},{"start":{"line":349,"column":35},"end":{"line":349,"column":55}},{"start":{"line":349,"column":59},"end":{"line":349,"column":80}}],"line":348},"48":{"loc":{"start":{"line":353,"column":4},"end":{"line":356,"column":5}},"type":"if","locations":[{"start":{"line":353,"column":4},"end":{"line":356,"column":5}},{"start":{},"end":{}}],"line":353},"49":{"loc":{"start":{"line":353,"column":8},"end":{"line":354,"column":84}},"type":"binary-expr","locations":[{"start":{"line":353,"column":8},"end":{"line":353,"column":31}},{"start":{"line":353,"column":35},"end":{"line":353,"column":62}},{"start":{"line":353,"column":66},"end":{"line":353,"column":92}},{"start":{"line":354,"column":8},"end":{"line":354,"column":31}},{"start":{"line":354,"column":35},"end":{"line":354,"column":57}},{"start":{"line":354,"column":61},"end":{"line":354,"column":84}}],"line":353},"50":{"loc":{"start":{"line":358,"column":4},"end":{"line":361,"column":5}},"type":"if","locations":[{"start":{"line":358,"column":4},"end":{"line":361,"column":5}},{"start":{},"end":{}}],"line":358},"51":{"loc":{"start":{"line":358,"column":8},"end":{"line":359,"column":58}},"type":"binary-expr","locations":[{"start":{"line":358,"column":8},"end":{"line":358,"column":32}},{"start":{"line":358,"column":36},"end":{"line":358,"column":60}},{"start":{"line":358,"column":64},"end":{"line":358,"column":87}},{"start":{"line":359,"column":8},"end":{"line":359,"column":31}},{"start":{"line":359,"column":35},"end":{"line":359,"column":58}}],"line":358},"52":{"loc":{"start":{"line":363,"column":4},"end":{"line":366,"column":5}},"type":"if","locations":[{"start":{"line":363,"column":4},"end":{"line":366,"column":5}},{"start":{},"end":{}}],"line":363},"53":{"loc":{"start":{"line":363,"column":8},"end":{"line":364,"column":53}},"type":"binary-expr","locations":[{"start":{"line":363,"column":8},"end":{"line":363,"column":28}},{"start":{"line":363,"column":32},"end":{"line":363,"column":52}},{"start":{"line":363,"column":56},"end":{"line":363,"column":77}},{"start":{"line":364,"column":8},"end":{"line":364,"column":29}},{"start":{"line":364,"column":33},"end":{"line":364,"column":53}}],"line":363},"54":{"loc":{"start":{"line":369,"column":4},"end":{"line":371,"column":5}},"type":"if","locations":[{"start":{"line":369,"column":4},"end":{"line":371,"column":5}},{"start":{},"end":{}}],"line":369},"55":{"loc":{"start":{"line":374,"column":4},"end":{"line":376,"column":5}},"type":"if","locations":[{"start":{"line":374,"column":4},"end":{"line":376,"column":5}},{"start":{},"end":{}}],"line":374},"56":{"loc":{"start":{"line":386,"column":12},"end":{"line":386,"column":42}},"type":"default-arg","locations":[{"start":{"line":386,"column":23},"end":{"line":386,"column":42}}],"line":386},"57":{"loc":{"start":{"line":516,"column":4},"end":{"line":516,"column":73}},"type":"if","locations":[{"start":{"line":516,"column":4},"end":{"line":516,"column":73}},{"start":{},"end":{}}],"line":516},"58":{"loc":{"start":{"line":517,"column":4},"end":{"line":517,"column":73}},"type":"if","locations":[{"start":{"line":517,"column":4},"end":{"line":517,"column":73}},{"start":{},"end":{}}],"line":517},"59":{"loc":{"start":{"line":518,"column":4},"end":{"line":518,"column":82}},"type":"if","locations":[{"start":{"line":518,"column":4},"end":{"line":518,"column":82}},{"start":{},"end":{}}],"line":518},"60":{"loc":{"start":{"line":519,"column":4},"end":{"line":519,"column":57}},"type":"if","locations":[{"start":{"line":519,"column":4},"end":{"line":519,"column":57}},{"start":{},"end":{}}],"line":519}},"s":{"0":3,"1":3,"2":3,"3":0,"4":0,"5":0,"6":0,"7":0,"8":0,"9":0,"10":0,"11":0,"12":0,"13":0,"14":0,"15":0,"16":0,"17":0,"18":0,"19":0,"20":0,"21":0,"22":0,"23":0,"24":0,"25":0,"26":0,"27":0,"28":0,"29":0,"30":0,"31":0,"32":0,"33":0,"34":0,"35":0,"36":0,"37":0,"38":0,"39":0,"40":0,"41":0,"42":0,"43":0,"44":0,"45":0,"46":0,"47":0,"48":0,"49":0,"50":0,"51":0,"52":0,"53":0,"54":0,"55":0,"56":0,"57":0,"58":0,"59":0,"60":0,"61":0,"62":0,"63":0,"64":0,"65":0,"66":0,"67":0,"68":0,"69":0,"70":0,"71":0,"72":0,"73":0,"74":0,"75":0,"76":0,"77":0,"78":0,"79":0,"80":0,"81":0,"82":0,"83":0,"84":0,"85":0,"86":0,"87":0,"88":0,"89":0,"90":0,"91":0,"92":0,"93":0,"94":0,"95":0,"96":0,"97":0,"98":0,"99":0,"100":0,"101":0,"102":0,"103":0,"104":0,"105":0,"106":0,"107":0,"108":0,"109":0,"110":0,"111":0,"112":0,"113":0,"114":0,"115":0,"116":0,"117":0,"118":0,"119":0,"120":0,"121":0,"122":0,"123":0,"124":0,"125":0,"126":0,"127":0,"128":0,"129":0,"130":0,"131":0,"132":0,"133":0,"134":0,"135":0,"136":0,"137":0,"138":0,"139":0,"140":0,"141":0,"142":0,"143":0,"144":0,"145":0,"146":0,"147":0,"148":0,"149":0,"150":0,"151":3},"f":{"0":0,"1":0,"2":0,"3":0,"4":0,"5":0,"6":0,"7":0,"8":0,"9":0,"10":0,"11":0,"12":0,"13":0,"14":0,"15":0,"16":0,"17":0,"18":0,"19":0,"20":0,"21":0,"22":0,"23":0,"24":0},"b":{"0":[0,0],"1":[0,0],"2":[0,0],"3":[0,0],"4":[0,0],"5":[0,0],"6":[0,0],"7":[0,0],"8":[0,0],"9":[0,0],"10":[0,0],"11":[0,0],"12":[0,0],"13":[0,0],"14":[0,0],"15":[0,0],"16":[0,0],"17":[0,0],"18":[0,0],"19":[0,0],"20":[0,0],"21":[0,0],"22":[0,0],"23":[0,0],"24":[0,0],"25":[0,0],"26":[0,0],"27":[0,0],"28":[0,0],"29":[0,0],"30":[0,0],"31":[0,0],"32":[0,0],"33":[0,0],"34":[0,0],"35":[0,0],"36":[0,0],"37":[0,0],"38":[0,0],"39":[0,0],"40":[0,0],"41":[0,0,0],"42":[0,0],"43":[0,0,0],"44":[0,0],"45":[0,0,0,0,0,0],"46":[0,0],"47":[0,0,0,0,0,0],"48":[0,0],"49":[0,0,0,0,0,0],"50":[0,0],"51":[0,0,0,0,0],"52":[0,0],"53":[0,0,0,0,0],"54":[0,0],"55":[0,0],"56":[0],"57":[0,0],"58":[0,0],"59":[0,0],"60":[0,0]},"_coverageSchema":"1a1c01bbd47fc00a2c39e90264f33305004495a9","hash":"e666eb83ca578ffd6cf8e4272a1c1117f2dd72fd"}
,"/home/oliver/apps/osrs-market/server/domain/services/ItemDomainService.js": {"path":"/home/oliver/apps/osrs-market/server/domain/services/ItemDomainService.js","statementMap":{"0":{"start":{"line":10,"column":17},"end":{"line":10,"column":44}},"1":{"start":{"line":11,"column":19},"end":{"line":11,"column":53}},"2":{"start":{"line":12,"column":24},"end":{"line":12,"column":63}},"3":{"start":{"line":13,"column":31},"end":{"line":13,"column":78}},"4":{"start":{"line":14,"column":19},"end":{"line":14,"column":48}},"5":{"start":{"line":36,"column":4},"end":{"line":36,"column":51}},"6":{"start":{"line":37,"column":4},"end":{"line":42,"column":6}},"7":{"start":{"line":50,"column":4},"end":{"line":50,"column":38}},"8":{"start":{"line":58,"column":4},"end":{"line":58,"column":49}},"9":{"start":{"line":59,"column":4},"end":{"line":59,"column":62}},"10":{"start":{"line":68,"column":19},"end":{"line":68,"column":21}},"11":{"start":{"line":69,"column":21},"end":{"line":69,"column":23}},"12":{"start":{"line":72,"column":4},"end":{"line":75,"column":5}},"13":{"start":{"line":73,"column":6},"end":{"line":73,"column":43}},"14":{"start":{"line":74,"column":6},"end":{"line":74,"column":50}},"15":{"start":{"line":78,"column":4},"end":{"line":80,"column":5}},"16":{"start":{"line":79,"column":6},"end":{"line":79,"column":37}},"17":{"start":{"line":83,"column":4},"end":{"line":87,"column":5}},"18":{"start":{"line":84,"column":6},"end":{"line":84,"column":65}},"19":{"start":{"line":85,"column":11},"end":{"line":87,"column":5}},"20":{"start":{"line":86,"column":6},"end":{"line":86,"column":64}},"21":{"start":{"line":90,"column":4},"end":{"line":94,"column":5}},"22":{"start":{"line":91,"column":6},"end":{"line":91,"column":51}},"23":{"start":{"line":92,"column":11},"end":{"line":94,"column":5}},"24":{"start":{"line":93,"column":6},"end":{"line":93,"column":72}},"25":{"start":{"line":97,"column":20},"end":{"line":97,"column":45}},"26":{"start":{"line":98,"column":21},"end":{"line":98,"column":47}},"27":{"start":{"line":100,"column":4},"end":{"line":102,"column":5}},"28":{"start":{"line":101,"column":6},"end":{"line":101,"column":58}},"29":{"start":{"line":104,"column":4},"end":{"line":106,"column":5}},"30":{"start":{"line":105,"column":6},"end":{"line":105,"column":59}},"31":{"start":{"line":108,"column":4},"end":{"line":110,"column":5}},"32":{"start":{"line":109,"column":6},"end":{"line":109,"column":78}},"33":{"start":{"line":113,"column":18},"end":{"line":113,"column":41}},"34":{"start":{"line":114,"column":4},"end":{"line":116,"column":5}},"35":{"start":{"line":115,"column":6},"end":{"line":115,"column":51}},"36":{"start":{"line":119,"column":4},"end":{"line":130,"column":5}},"37":{"start":{"line":120,"column":26},"end":{"line":124,"column":8}},"38":{"start":{"line":126,"column":21},"end":{"line":126,"column":55}},"39":{"start":{"line":127,"column":6},"end":{"line":129,"column":7}},"40":{"start":{"line":128,"column":8},"end":{"line":128,"column":73}},"41":{"start":{"line":132,"column":4},"end":{"line":134,"column":5}},"42":{"start":{"line":133,"column":6},"end":{"line":133,"column":71}},"43":{"start":{"line":136,"column":4},"end":{"line":138,"column":5}},"44":{"start":{"line":137,"column":6},"end":{"line":137,"column":64}},"45":{"start":{"line":140,"column":4},"end":{"line":144,"column":6}},"46":{"start":{"line":153,"column":21},"end":{"line":153,"column":32}},"47":{"start":{"line":156,"column":4},"end":{"line":158,"column":5}},"48":{"start":{"line":157,"column":6},"end":{"line":157,"column":43}},"49":{"start":{"line":160,"column":4},"end":{"line":162,"column":5}},"50":{"start":{"line":161,"column":6},"end":{"line":161,"column":49}},"51":{"start":{"line":165,"column":4},"end":{"line":165,"column":66}},"52":{"start":{"line":166,"column":4},"end":{"line":166,"column":68}},"53":{"start":{"line":167,"column":4},"end":{"line":167,"column":62}},"54":{"start":{"line":168,"column":4},"end":{"line":168,"column":64}},"55":{"start":{"line":170,"column":4},"end":{"line":172,"column":5}},"56":{"start":{"line":171,"column":6},"end":{"line":171,"column":65}},"57":{"start":{"line":175,"column":4},"end":{"line":175,"column":49}},"58":{"start":{"line":176,"column":4},"end":{"line":176,"column":65}},"59":{"start":{"line":177,"column":4},"end":{"line":177,"column":53}},"60":{"start":{"line":178,"column":4},"end":{"line":178,"column":45}},"61":{"start":{"line":181,"column":4},"end":{"line":183,"column":5}},"62":{"start":{"line":182,"column":6},"end":{"line":182,"column":37}},"63":{"start":{"line":185,"column":4},"end":{"line":188,"column":7}},"64":{"start":{"line":190,"column":4},"end":{"line":190,"column":20}},"65":{"start":{"line":199,"column":4},"end":{"line":201,"column":5}},"66":{"start":{"line":200,"column":6},"end":{"line":200,"column":40}},"67":{"start":{"line":203,"column":18},"end":{"line":215,"column":5}},"68":{"start":{"line":217,"column":21},"end":{"line":217,"column":22}},"69":{"start":{"line":218,"column":24},"end":{"line":218,"column":25}},"70":{"start":{"line":220,"column":4},"end":{"line":254,"column":5}},"71":{"start":{"line":222,"column":6},"end":{"line":226,"column":7}},"72":{"start":{"line":223,"column":8},"end":{"line":223,"column":29}},"73":{"start":{"line":225,"column":8},"end":{"line":225,"column":26}},"74":{"start":{"line":229,"column":6},"end":{"line":231,"column":7}},"75":{"start":{"line":230,"column":8},"end":{"line":230,"column":31}},"76":{"start":{"line":233,"column":6},"end":{"line":235,"column":7}},"77":{"start":{"line":234,"column":8},"end":{"line":234,"column":31}},"78":{"start":{"line":238,"column":20},"end":{"line":238,"column":37}},"79":{"start":{"line":239,"column":6},"end":{"line":239,"column":26}},"80":{"start":{"line":240,"column":6},"end":{"line":240,"column":55}},"81":{"start":{"line":241,"column":6},"end":{"line":241,"column":55}},"82":{"start":{"line":244,"column":6},"end":{"line":244
[...]
:22},"end":{"line":59,"column":44}},"19":{"start":{"line":60,"column":23},"end":{"line":60,"column":73}},"20":{"start":{"line":62,"column":4},"end":{"line":69,"column":6}},"21":{"start":{"line":80,"column":8},"end":{"line":80,"column":15}},"22":{"start":{"line":82,"column":16},"end":{"line":82,"column":26}},"23":{"start":{"line":85,"column":17},"end":{"line":85,"column":50}},"24":{"start":{"line":86,"column":4},"end":{"line":92,"column":5}},"25":{"start":{"line":87,"column":6},"end":{"line":90,"column":8}},"26":{"start":{"line":91,"column":6},"end":{"line":91,"column":48}},"27":{"start":{"line":95,"column":20},"end":{"line":95,"column":52}},"28":{"start":{"line":96,"column":24},"end":{"line":96,"column":56}},"29":{"start":{"line":97,"column":4},"end":{"line":97,"column":68}},"30":{"start":{"line":98,"column":4},"end":{"line":98,"column":28}},"31":{"start":{"line":101,"column":21},"end":{"line":101,"column":41}},"32":{"start":{"line":103,"column":4},"end":{"line":105,"column":5}},"33":{"start":{"line":104,"column":6},"end":{"line":104,"column":28}},"34":{"start":{"line":107,"column":4},"end":{"line":113,"column":6}},"35":{"start":{"line":124,"column":8},"end":{"line":124,"column":15}},"36":{"start":{"line":126,"column":16},"end":{"line":126,"column":26}},"37":{"start":{"line":127,"column":24},"end":{"line":127,"column":44}},"38":{"start":{"line":128,"column":26},"end":{"line":128,"column":55}},"39":{"start":{"line":131,"column":17},"end":{"line":131,"column":51}},"40":{"start":{"line":132,"column":4},"end":{"line":138,"column":5}},"41":{"start":{"line":133,"column":6},"end":{"line":136,"column":8}},"42":{"start":{"line":137,"column":6},"end":{"line":137,"column":49}},"43":{"start":{"line":141,"column":25},"end":{"line":141,"column":50}},"44":{"start":{"line":142,"column":4},"end":{"line":147,"column":5}},"45":{"start":{"line":143,"column":6},"end":{"line":146,"column":7}},"46":{"start":{"line":144,"column":8},"end":{"line":144,"column":35}},"47":{"start":{"line":145,"column":8},"end":{"line":145,"column":43}},"48":{"start":{"line":150,"column":21},"end":{"line":150,"column":45}},"49":{"start":{"line":152,"column":4},"end":{"line":157,"column":5}},"50":{"start":{"line":154,"column":27},"end":{"line":154,"column":68}},"51":{"start":{"line":155,"column":6},"end":{"line":155,"column":61}},"52":{"start":{"line":156,"column":6},"end":{"line":156,"column":26}},"53":{"start":{"line":159,"column":22},"end":{"line":159,"column":58}},"54":{"start":{"line":160,"column":22},"end":{"line":160,"column":55}},"55":{"start":{"line":162,"column":4},"end":{"line":168,"column":6}},"56":{"start":{"line":180,"column":8},"end":{"line":180,"column":15}},"57":{"start":{"line":182,"column":16},"end":{"line":182,"column":26}},"58":{"start":{"line":185,"column":17},"end":{"line":185,"column":52}},"59":{"start":{"line":186,"column":4},"end":{"line":194,"column":5}},"60":{"start":{"line":187,"column":6},"end":{"line":192,"column":8}},"61":{"start":{"line":193,"column":6},"end":{"line":193,"column":50}},"62":{"start":{"line":196,"column":24},"end":{"line":196,"column":38}},"63":{"start":{"line":199,"column":4},"end":{"line":199,"column":77}},"64":{"start":{"line":199,"column":50},"end":{"line":199,"column":75}},"65":{"start":{"line":200,"column":4},"end":{"line":200,"column":73}},"66":{"start":{"line":200,"column":46},"end":{"line":200,"column":71}},"67":{"start":{"line":203,"column":22},"end":{"line":204,"column":55}},"68":{"start":{"line":207,"column":4},"end":{"line":214,"column":5}},"69":{"start":{"line":208,"column":6},"end":{"line":212,"column":7}},"70":{"start":{"line":209,"column":8},"end":{"line":209,"column":92}},"71":{"start":{"line":210,"column":13},"end":{"line":212,"column":7}},"72":{"start":{"line":211,"column":8},"end":{"line":211,"column":100}},"73":{"start":{"line":213,"column":6},"end":{"line":213,"column":32}},"74":{"start":{"line":217,"column":21},"end":{"line":217,"column":66}},"75":{"start":{"line":219,"column":4},"end":{"line":221,"column":5}},"76":{"start":{"line":220,"column":6},"end":{"line":220,"column":47}},"77":{"start":{"line":223,"column":4},"end":{"line":229,"column":6}},"78":{"start":{"line":236,"column":19},"end":{"line":236,"column":54}},"79":{"start":{"line":237,"column":4},"end":{"line":239,"column":5}},"80":{"start":{"line":238,"column":6},"end":{"line":238,"column":52}},"81":{"start":{"line":246,"column":18},"end":{"line":249,"column":5}},"82":{"start":{"line":251,"column":4},"end":{"line":269,"column":5}},"83":{"start":{"line":252,"column":21},"end":{"line":252,"column":42}},"84":{"start":{"line":253,"column":6},"end":{"line":259,"column":7}},"85":{"start":{"line":254,"column":8},"end":{"line":258,"column":10}},"86":{"start":{"line":262,"column":6},"end":{"line":268,"column":7}},"87":{"start":{"line":263,"column":8},"end":{"line":267,"column":10}},"88":{"start":{"line":271,"column":4},"end":{"line":271,"column":17}},"89":{"start":{"line":278,"column":4},"end":{"line":281,"column":5}},"90":{"start":{"line":279,"column":6},"end":{"line":279,"column":31}},"91":{"start":{"line":280,"column":6},"end":{"line":280,"column":18}},"92":{"start":{"line":282,"column":4},"end":{"line":282,"column":17}},"93":{"start":{"line":289,"column":4},"end":{"line":289,"column":25}},"94":{"start":{"line":296,"column":16},"end":{"line":296,"column":26}},"95":{"start":{"line":297,"column":25},"end":{"line":297,"column":27}},"96":{"start":{"line":299,"column":4},"end":{"line":304,"column":5}},"97":{"start":{"line":301,"column":6},"end":{"line":303,"column":7}},"98":{"start":{"line":302,"column":8},"end":{"line":302,"column":31}},"99":{"start":{"line":306,"column":4},"end":{"line":306,"column":58}},"100":{"start":{"line":306,"column":32},"end":{"line":306,"column":56}},"101":{"start":{"line":308,"column":4},"end":{"line":308,"column":31}},"102":{"start":{"line":315,"column":20},"end":{"line":315,"column":21}},"103":{"start":{"line":317,"column":4},"end":{"line":320,"column":5}},"104":{"start":{"line":318,"column":6},"end":{"line":318,"column":34}},"105":{"start":{"line":319,"column":6},"end":{"line":319,"column":53}},"106":{"start":{"line":322,"column":4},"end":{"line":326,"column":6}},"107":{"start":{"line":333,"column":4},"end":{"line":335,"column":5}},"108":{"start":{"line":334,"column":6},"end":{"line":334,"column":42}},"109":{"start":{"line":336,"column":4},"end":{"line":336,"column":25}},"110":{"start":{"line":340,"column":0},"end":{"line":340,"column":33}}},"fnMap":{"0":{"name":"(anonymous_0)","decl":{"start":{"line":12,"column":2},"end":{"line":12,"column":3}},"loc":{"start":{"line":12,"column":16},"end":{"line":17,"column":3}},"line":12},"1":{"name":"(anonymous_1)","decl":{"start":{"line":14,"column":39},"end":{"line":14,"column":40}},"loc":{"start":{"line":14,"column":45},"end":{"line":16,"column":5}},"line":14},"2":{"name":"(anonymous_2)","decl":{"start":{"line":22,"column":2},"end":{"line":22,"column":3}},"loc":{"start":{"line":22,"column":38},"end":{"line":70,"column":3}},"line":22},"3":{"name":"(anonymous_3)","decl":{"start":{"line":45,"column":45},"end":{"line":45,"column":46}},"loc":{"start":{"line":45,"column":58},"end":{"line":45,"column":81}},"line":45},"4":{"name":"(anonymous_4)","decl":{"start":{"line":75,"column":2},"end":{"line":75,"column":3}},"loc":{"start":{"line":75,"column":44},"end":{"line":114,"column":3}},"line":75},"5":{"name":"(anonymous_5)","decl":{"start":{"line":119,"column":2},"end":{"line":119,"column":3}},"loc":{"start":{"line":119,"column":46},"end":{"line":169,"column":3}},"line":119},"6":{"name":"(anonymous_6)","decl":{"start":{"line":174,"column":2},"end":{"line":174,"column":3}},"loc":{"start":{"line":174,"column":41},"end":{"line":230,"column":3}},"line":174},"7":{"name":"(anonymous_7)","decl":{"start":{"line":199,"column":45},"end":{"line":199,"column":46}},"loc":{"start":{"line":199,"column":50},"end":{"line":199,"column":75}},"line":199},"8":{"name":"(anonymous_8)","decl":{"start":{"line":200,"column":41},"end":{"line":200,"column":42}},"loc":{"start":{"line":200,"column":46},"end":{"line":200,"column":71}},"line":200},"9":{"name":"(anonymous_9)","decl":{"start":{"line":235,"column":2},"end":{"line":235,"column":3}},"loc":{"start":{"line":235,"column":19},"end":{"line":240,"column":3}},"line":235},"10":{"name":"(anonymous_10)","decl":{"start":{"line":245,"column":2},"end":{"line":245,"column":3}},"loc":{"start":{"line":245,"column":16},"end":{"line":272,"column":3}},"line":245},"11":{"name":"(anonymous_11)","decl":{"start":{"line":277,"column":2},"end":{"line":277,"column":3}},"loc":{"start":{"line":277,"column":13},"end":{"line":283,"column":3}},"line":277},"12":{"name":"(anonymous_12)","decl":{"start":{"line":288,"column":2},"end":{"line":288,"column":3}},"loc":{"start":{"line":288,"column":10},"end":{"line":290,"column":3}},"line":288},"13":{"name":"(anonymous_13)","decl":{"start":{"line":295,"column":2},"end":{"line":295,"column":3}},"loc":{"start":{"line":295,"column":12},"end":{"line":309,"column":3}},"line":295},"14":{"name":"(anonymous_14)","decl":{"start":{"line":306,"column":25},"end":{"line":306,"column":26}},"loc":{"start":{"line":306,"column":32},"end":{"line":306,"column":56}},"line":306},"15":{"name":"(anonymous_15)","decl":{"start":{"line":314,"column":2},"end":{"line":314,"column":3}},"loc":{"start":{"line":314,"column":19},"end":{"line":327,"column":3}},"line":314},"16":{"name":"(anonymous_16)","decl":{"start":{"line":332,"column":2},"end":{"line":332,"column":3}},"loc":{"start":{"line":332,"column":12},"end":{"line":337,"column":3}},"line":332}},"branchMap":{"0":{"loc":{"start":{"line":22,"column":24},"end":{"line":22,"column":36}},"type":"default-arg","locations":[{"start":{"line":22,"column":34},"end":{"line":22,"column":36}}],"line":22},"1":{"loc":{"start":{"line":24,"column":6},"end":{"line":24,"column":31}},"type":"default-arg","locations":[{"start":{"line":24,"column":17},"end":{"line":24,"column":31}}],"line":24},"2":{"loc":{"start":{"line":25,"column":6},"end":{"line":25,"column":15}},"type":"default-arg","locations":[{"start":{"line":25,"column":12},"end":{"line":25,"column":15}}],"line":25},"3":{"loc":{"start":{"line":26,"column":6},"end":{"line":26,"column":32}},"type":"default-arg","locations":[{"start":{"line":26,"column":27},"end":{"line":26,"column":32}}],"line":26},"4":{"loc":{"start":{"line":27,"column":6},"end":{"line":27,"column":36}},"type":"default-arg","locations":[{"start":{"line":27,"column":31},"end":{"line":27,"column":36}}],"line":27},"5":{"loc":{"start":{"line":35,"column":4},"end":{"line":42,"column":5}},"type":"if","locations":[{"start":{"line":35,"column":4},"end":{"line":42,"column":5}},{"start":{},"end":{}}],"line":35},"6":{"loc":{"start":{"line":51,"column":4},"end":{"line":55,"column":5}},"type":"if","locations":[{"start":{"line":51,"column":4},"end":{"line":55,"column":5}},{"start":{},"end":{}}],"line":51},"7":{"loc":{"start":{"line":60,"column":23},"end":{"line":60,"column":73}},"type":"cond-expr","locations":[{"start":{"line":60,"column":34},"end":{"line":60,"column":69}},{"start":{"line":60,"column":72},"end":{"line":60,"column":73}}],"line":60},"8":{"loc":{"start":{"line":75,"column":30},"end":{"line":75,"column":42}},"type":"default-arg","locations":[{"start":{"line":75,"column":40},"end":{"line":75,"column":42}}],"line":75},"9":{"loc":{"start":{"line":77,"column":6},"end":{"line":77,"column":20}},"type":"default-arg","locations":[{"start":{"line":77,"column":17},"end":{"line":77,"column":20}}],"line":77},"10":{"loc":{"start":{"line":78,"column":6},"end":{"line":78,"column":21}},"type":"default-arg","locations":[{"start":{"line":78,"column":19},"end":{"line":78,"column":21}}],"line":78},"11":{"loc":{"start":{"line":79,"column":6},"end":{"line":79,"column":14}},"type":"default-arg","locations":[{"start":{"line":79,"column":13},"end":{"line":79,"column":14}}],"line":79},"12":{"loc":{"start":{"line":86,"column":4},"end":{"line":92,"column":5}},"type":"if","locations":[{"start":{"line":86,"column":4},"end":{"line":92,"column":5}},{"start":{},"end":{}}],"line":86},"13":{"loc":{"start":{"line":103,"column":4},"end":{"line":105,"column":5}},"type":"if","locations":[{"start":{"line":103,"column":4},"end":{"line":105,"column":5}},{"start":{},"end":{}}],"line":103},"14":{"loc":{"start":{"line":112,"column":18},"end":{"line":112,"column":79}},"type":"cond-expr","locations":[{"start":{"line":112,"column":29},"end":{"line":112,"column":75}},{"start":{"line":112,"column":78},"end":{"line":112,"column":79}}],"line":112},"15":{"loc":{"start":{"line":119,"column":32},"end":{"line":119,"column":44}},"type":"default-arg","locations":[{"start":{"line":119,"column":42},"end":{"line":119,"column":44}}],"line":119},"16":{"loc":{"start":{"line":121,"column":6},"end":{"line":121,"column":26}},"type":"default-arg","locations":[{"start":{"line":121,"column":17},"end":{"line":121,"column":26}}],"line":121},"17":{"loc":{"start":{"line":122,"column":6},"end":{"line":122,"column":14}},"type":"default-arg","locations":[{"start":{"line":122,"column":12},"end":{"line":122,"column":14}}],"line":122},"18":{"loc":{"start":{"line":123,"column":6},"end":{"line":123,"column":20}},"type":"default-arg","locations":[{"start":{"line":123,"column":18},"end":{"line":123,"column":20}}],"line":123},"19":{"loc":{"start":{"line":132,"column":4},"end":{"line":138,"column":5}},"type":"if","locations":[{"start":{"line":132,"column":4},"end":{"line":138,"column":5}},{"start":{},"end":{}}],"line":132},"20":{"loc":{"start":{"line":143,"column":6},"end":{"line":146,"column":7}},"type":"if","locations":[{"start":{"line":143,"column":6},"end":{"line":146,"column":7}},{"start":{},"end":{}}],"line":143},"21":{"loc":{"start":{"line":152,"column":4},"end":{"line":157,"column":5}},"type":"if","locations":[{"start":{"line":152,"column":4},"end":{"line":157,"column":5}},{"start":{},"end":{}}],"line":152},"22":{"loc":{"start":{"line":154,"column":27},"end":{"line":154,"column":68}},"type":"binary-expr","locations":[{"start":{"line":154,"column":27},"end":{"line":154,"column":63}},{"start":{"line":154,"column":67},"end":{"line":154,"column":68}}],"line":154},"23":{"loc":{"start":{"line":174,"column":27},"end":{"line":174,"column":39}},"type":"default-arg","locations":[{"start":{"line":174,"column":37},"end":{"line":174,"column":39}}],"line":174},"24":{"loc":{"start":{"line":176,"column":6},"end":{"line":176,"column":21}},"type":"default-arg","locations":[{"start":{"line":176,"column":18},"end":{"line":176,"column":21}}],"line":176},"25":{"loc":{"start":{"line":177,"column":6},"end":{"line":177,"column":26}},"type":"default-arg","locations":[{"start":{"line":177,"column":17},"end":{"line":177,"column":26}}],"line":177},"26":{"loc":{"start":{"line":178,"column":6},"end":{"line":178,"column":26}},"type":"default-arg","locations":[{"start":{"line":178,"column":23},"end":{"line":178,"column":26}}],"line":178},"27":{"loc":{"start":{"line":179,"column":6},"end":{"line":179,"column":26}},"type":"default-arg","locations":[{"start":{"line":179,"column":23},"end":{"line":179,"column":26}}],"line":179},"28":{"loc":{"start":{"line":186,"column":4},"end":{"line":194,"column":5}},"type":"if","locations":[{"start":{"line":186,"column":4},"end":{"line":194,"column":5}},{"start":{},"end":{}}],"line":186},"29":{"loc":{"start":{"line":203,"column":22},"end":{"line":204,"column":55}},"type":"cond-expr","locations":[{"start":{"line":204,"column":6},"end":{"line":204,"column":51}},{"start":{"line":204,"column":54},"end":{"line":204,"column":55}}],"line":203},"30":{"loc":{"start":{"line":207,"column":4},"end":{"line":214,"column":5}},"type":"if","locations":[{"start":{"line":207,"column":4},"end":{"line":214,"column":5}},{"start":{},"end":{}}],"line":207},"31":{"loc":{"start":{"line":208,"column":6},"end":{"line":212,"column":7}},"type":"if","locations":[{"start":{"line":208,"column":6},"end":{"line":212,"column":7}},{"start":{"line":210,"column":13},"end":{"line":212,"column":7}}],"line":208},"32":{"loc":{"start":{"line":210,"column":13},"end":{"line":212,"column":7}},"type":"if","locations":[{"start":{"line":210,"column":13},"end":{"line":212,"column":7}},{"start":{},"end":{}}],"line":210},"33":{"loc":{"start":{"line":219,"column":4},"end":{"line":221,"column":5}},"type":"if","locations":[{"start":{"line":219,"column":4},"end":{"line":221,"column":5}},{"start":{},"end":{}}],"line":219},"34":{"loc":{"start":{"line":237,"column":4},"end":{"line":239,"column":5}},"type":"if","locations":[{"start":{"line":237,"column":4},"end":{"line":239,"column":5}},{"start":{},"end":{}}],"line":237},"35":{"loc":{"start":{"line":251,"column":4},"end":{"line":269,"column":5}},"type":"if","locations":[{"start":{"line":251,"column":4},"end":{"line":269,"column":5}},{"start":{"line":260,"column":11},"end":{"line":269,"column":5}}],"line":251},"36":{"loc":{"start":{"line":253,"column":6},"end":{"line":259,"column":7}},"type":"if","locations":[{"start":{"line":253,"column":6},"end":{"line":259,"column":7}},{"start":{},"end":{}}],"line":253},"37":{"loc":{"start":{"line":255,"column":24},"end":{"line":255,"column":68}},"type":"binary-expr","locations":[{"start":{"line":255,"column":24},"end":{"line":255,"column":36}},{"start":{"line":255,"column":40},"end":{"line":255,"column":63}},{"start":{"line":255,"column":67},"end":{"line":255,"column":68}}],"line":255},"38":{"loc":{"start":{"line":264,"column":24},"end":{"line":264,"column":68}},"type":"binary-expr","locations":[{"start":{"line":264,"column":24},"end":{"line":264,"column":36}},{"start":{"line":264,"column":40},"end":{"line":264,"column":63}},{"start":{"line":264,"column":67},"end":{"line":264,"column":68}}],"line":264},"39":{"loc":{"start":{"line":278,"column":4},"end":{"line":281,"column":5}},"type":"if","locations":[{"start":{"line":278,"column":4},"end":{"line":281,"column":5}},{"start":{},"end":{}}],"line":278},"40":{"loc":{"start":{"line":301,"column":6},"end":{"line":303,"column":7}},"type":"if","locations":[{"start":{"line":301,"column":6},"end":{"line":303,"column":7}},{"start":{},"end":{}}],"line":301},"41":{"loc":{"start":{"line":301,"column":10},"end":{"line":301,"column":60}},"type":"binary-expr","locations":[{"start":{"line":301,"column":10},"end":{"line":301,"column":26}},{"start":{"line":301,"column":30},"end":{"line":301,"column":60}}],"line":301},"42":{"loc":{"start":{"line":333,"column":4},"end":{"line":335,"column":5}},"type":"if","locations":[{"start":{"line":333,"column":4},"end":{"line":335,"column":5}},{"start":{},"end":{}}],"line":333}},"s":{"0":19,"1":19,"2":0,"3":0,"4":0,"5":0,"6":0,"7":0,"8":0,"9":0,"10":0,"11":0,"12":0,"13":0,"14":0,"15":0,"16":0,"17":0,"18":0,"19":0,"20":0,"21":0,"22":0,"23":0,"24":0,"25":0,"26":0,"27":0,"28":0,"29":0,"30":0,"31":0,"32":0,"33":0,"34":0,"35":0,"36":0,"37":0,"38":0,"39":0,"40":0,"41":0,"42":0,"43":0,"44":0,"45":0,"46":0,"47":0,"48":0,"49":0,"50":0,"51":0,"52":0,"53":0,"54":0,"55":0,"56":0,"57":0,"58":0,"59":0,"60":0,"61":0,"62":0,"63":0,"64":0,"65":0,"66":0,"67":0,"68":0,"69":0,"70":0,"71":0,"72":0,"73":0,"74":0,"75":0,"76":0,"77":0,"78":0,"79":0,"80":0,"81":0,"82":0,"83":0,"84":0,"85":0,"86":0,"87":0,"88":0,"89":0,"90":0,"91":0,"92":0,"93":0,"94":0,"95":0,"96":0,"97":0,"98":0,"99":0,"100":0,"101":0,"102":0,"103":0,"104":0,"105":0,"106":0,"107":0,"108":0,"109":0,"110":2},"f":{"0":19,"1":0,"2":0,"3":0,"4":0,"5":0,"6":0,"7":0,"8":0,"9":0,"10":0,"11":0,"12":0,"13":0,"14":0,"15":0,"16":0},"b":{"0":[0],"1":[0],"2":[0],"3":[0],"4":[0],"5":[0,0],"6":[0,0],"7":[0,0],"8":[0],"9":[0],"10":[0],"11":[0],"12":[0,0],"13":[0,0],"14":[0,0],"15":[0],"16":[0],"17":[0],"18":[0],"19":[0,0],"20":[0,0],"21":[0,0],"22":[0,0],"23":[0],"24":[0],"25":[0],"26":[0],"27":[0],"28":[0,0],"29":[0,0],"30":[0,0],"31":[0,0],"32":[0,0],"33":[0,0],"34":[0,0],"35":[0,0],"36":[0,0],"37":[0,0,0],"38":[0,0,0],"39":[0,0],"40":[0,0],"41":[0,0],"42":[0,0]},"_coverageSchema":"1a1c01bbd47fc00a2c39e90264f33305004495a9","hash":"c4ce70faa07b9ccfec0a6c7e73fa4b2070b065dc"}
}
