TN:
SF:mongoDataPersistence.js
FN:19,(anonymous_0)
FN:41,(anonymous_1)
FN:62,(anonymous_2)
FN:113,(anonymous_3)
FN:137,(anonymous_4)
FN:167,(anonymous_5)
FN:191,(anonymous_6)
FN:215,(anonymous_7)
FN:239,(anonymous_8)
FN:260,(anonymous_9)
FN:288,(anonymous_10)
FN:337,(anonymous_11)
FN:361,(anonymous_12)
FN:393,(anonymous_13)
FN:423,(anonymous_14)
FN:447,(anonymous_15)
FN:454,(anonymous_16)
FN:474,(anonymous_17)
FN:497,(anonymous_18)
FN:529,(anonymous_19)
FN:553,(anonymous_20)
FN:608,(anonymous_21)
FNF:22
FNH:3
FNDA:19,(anonymous_0)
FNDA:19,(anonymous_1)
FNDA:19,(anonymous_2)
FNDA:0,(anonymous_3)
FNDA:0,(anonymous_4)
FNDA:0,(anonymous_5)
FNDA:0,(anonymous_6)
FNDA:0,(anonymous_7)
FNDA:0,(anonymous_8)
FNDA:0,(anonymous_9)
FNDA:0,(anonymous_10)
FNDA:0,(anonymous_11)
FNDA:0,(anonymous_12)
FNDA:0,(anonymous_13)
FNDA:0,(anonymous_14)
FNDA:0,(anonymous_15)
FNDA:0,(anonymous_16)
FNDA:0,(anonymous_17)
FNDA:0,(anonymous_18)
FNDA:0,(anonymous_19)
FNDA:0,(anonymous_20)
FNDA:0,(anonymous_21)
DA:12,2
DA:20,19
DA:31,19
DA:32,19
DA:33,19
DA:34,19
DA:35,19
DA:42,19
DA:43,19
DA:44,19
DA:45,19
DA:46,19
DA:49,19
DA:51,16
DA:52,16
DA:54,0
DA:55,0
DA:63,19
DA:64,19
DA:99,19
DA:100,103
DA:101,103
DA:102,338
DA:106,0
DA:114,0
DA:115,0
DA:118,0
DA:119,0
DA:120,0
DA:126,0
DA:127,0
DA:129,0
DA:130,0
DA:138,0
DA:139,0
DA:142,0
DA:143,0
DA:144,0
DA:145,0
DA:147,0
DA:148,0
DA:150,0
DA:151,0
DA:153,0
DA:154,0
DA:157,0
DA:159,0
DA:160,0
DA:168,0
DA:169,0
DA:172,0
DA:173,0
DA:174,0
DA:180,0
DA:181,0
DA:183,0
DA:184,0
DA:192,0
DA:193,0
DA:196,0
DA:197,0
DA:198,0
DA:204,0
DA:205,0
DA:207,0
DA:208,0
DA:216,0
DA:217,0
DA:220,0
DA:221,0
DA:222,0
DA:228,0
DA:229,0
DA:231,0
DA:232,0
DA:240,0
DA:241,0
DA:244,0
DA:245,0
DA:246,0
DA:252,0
DA:253,0
DA:261,0
DA:263,0
DA:264,0
DA:266,0
DA:267,0
DA:272,0
DA:273,0
DA:275,0
DA:276,0
DA:278,0
DA:279,0
DA:282,0
DA:289,0
DA:290,0
DA:293,0
DA:294,0
DA:295,0
DA:297,0
DA:320,0
DA:325,0
DA:326,0
DA:338,0
DA:339,0
DA:342,0
DA:343,0
DA:344,0
DA:350,0
DA:351,0
DA:353,0
DA:354,0
DA:362,0
DA:363,0
DA:366,0
DA:367,0
DA:368,0
DA:370,0
DA:371,0
DA:372,0
DA:373,0
DA:374,0
DA:377,0
DA:379,0
DA:380,0
DA:381,0
DA:383,0
DA:385,0
DA:386,0
DA:394,0
DA:395,0
DA:398,0
DA:399,0
DA:400,0
DA:409,0
DA:411,0
DA:412,0
DA:424,0
DA:425,0
DA:428,0
DA:429,0
DA:430,0
DA:436,0
DA:437,0
DA:439,0
DA:440,0
DA:448,0
DA:449,0
DA:452,0
DA:453,0
DA:454,0
DA:460,0
DA:461,0
DA:466,0
DA:467,0
DA:475,0
DA:476,0
DA:479,0
DA:480,0
DA:481,0
DA:483,0
DA:489,0
DA:490,0
DA:498,0
DA:499,0
DA:502,0
DA:503,0
DA:504,0
DA:506,0
DA:512,0
DA:517,0
DA:518,0
DA:530,0
DA:531,0
DA:534,0
DA:535,0
DA:536,0
DA:542,0
DA:543,0
DA:545,0
DA:546,0
DA:554,0
DA:555,0
DA:558,0
DA:559,0
DA:560,0
DA:563,0
DA:598,0
DA:600,0
DA:601,0
DA:609,0
DA:610,0
DA:611,0
DA:612,0
DA:617,2
LF:195
LH:22
BRDA:21,0,0,19
BRDA:21,0,1,0
BRDA:22,1,0,19
BRDA:22,1,1,0
BRDA:23,2,0,19
BRDA:23,2,1,19
BRDA:114,3,0,0
BRDA:114,3,1,0
BRDA:122,4,0,0
BRDA:122,4,1,0
BRDA:137,5,0,0
BRDA:137,6,0,0
BRDA:138,7,0,0
BRDA:138,7,1,0
BRDA:147,8,0,0
BRDA:147,8,1,0
BRDA:150,9,0,0
BRDA:150,9,1,0
BRDA:153,10,0,0
BRDA:153,10,1,0
BRDA:168,11,0,0
BRDA:168,11,1,0
BRDA:176,12,0,0
BRDA:176,12,1,0
BRDA:192,13,0,0
BRDA:192,13,1,0
BRDA:200,14,0,0
BRDA:200,14,1,0
BRDA:216,15,0,0
BRDA:216,15,1,0
BRDA:224,16,0,0
BRDA:224,16,1,0
BRDA:239,17,0,0
BRDA:240,18,0,0
BRDA:240,18,1,0
BRDA:263,19,0,0
BRDA:263,19,1,0
BRDA:266,20,0,0
BRDA:266,20,1,0
BRDA:266,21,0,0
BRDA:266,21,1,0
BRDA:272,22,0,0
BRDA:272,22,1,0
BRDA:275,23,0,0
BRDA:275,23,1,0
BRDA:278,24,0,0
BRDA:278,24,1,0
BRDA:289,25,0,0
BRDA:289,25,1,0
BRDA:321,26,0,0
BRDA:321,26,1,0
BRDA:322,27,0,0
BRDA:322,27,1,0
BRDA:338,28,0,0
BRDA:338,28,1,0
BRDA:346,29,0,0
BRDA:346,29,1,0
BRDA:361,30,0,0
BRDA:361,31,0,0
BRDA:362,32,0,0
BRDA:362,32,1,0
BRDA:370,33,0,0
BRDA:370,33,1,0
BRDA:371,34,0,0
BRDA:371,34,1,0
BRDA:372,35,0,0
BRDA:372,35,1,0
BRDA:373,36,0,0
BRDA:373,36,1,0
BRDA:373,37,0,0
BRDA:373,37,1,0
BRDA:379,38,0,0
BRDA:379,38,1,0
BRDA:380,39,0,0
BRDA:380,39,1,0
BRDA:381,40,0,0
BRDA:381,40,1,0
BRDA:394,41,0,0
BRDA:394,41,1,0
BRDA:424,42,0,0
BRDA:424,42,1,0
BRDA:432,43,0,0
BRDA:432,43,1,0
BRDA:448,44,0,0
BRDA:448,44,1,0
BRDA:456,45,0,0
BRDA:456,45,1,0
BRDA:474,46,0,0
BRDA:474,47,0,0
BRDA:475,48,0,0
BRDA:475,48,1,0
BRDA:497,49,0,0
BRDA:497,50,0,0
BRDA:498,51,0,0
BRDA:498,51,1,0
BRDA:530,52,0,0
BRDA:530,52,1,0
BRDA:538,53,0,0
BRDA:538,53,1,0
BRDA:553,54,0,0
BRDA:553,55,0,0
BRDA:554,56,0,0
BRDA:554,56,1,0
BRDA:564,57,0,0
BRDA:564,57,1,0
BRDA:609,58,0,0
BRDA:609,58,1,0
BRF:107
BRH:4
end_of_record
TN:
SF:domain/adapters/ItemModelAdapter.js
FN:22,(anonymous_0)
FN:31,(anonymous_1)
FN:74,(anonymous_2)
FN:90,(anonymous_3)
FN:96,(anonymous_4)
FN:106,(anonymous_5)
FN:115,(anonymous_6)
FN:135,(anonymous_7)
FN:156,(anonymous_8)
FN:185,(anonymous_9)
FN:191,(anonymous_10)
FNF:11
FNH:1
FNDA:38,(anonymous_0)
FNDA:0,(anonymous_1)
FNDA:0,(anonymous_2)
FNDA:0,(anonymous_3)
FNDA:0,(anonymous_4)
FNDA:0,(anonymous_5)
FNDA:0,(anonymous_6)
FNDA:0,(anonymous_7)
FNDA:0,(anonymous_8)
FNDA:0,(anonymous_9)
FNDA:0,(anonymous_10)
DA:10,2
DA:11,2
DA:12,2
DA:13,2
DA:23,38
DA:32,0
DA:34,0
DA:36,0
DA:54,0
DA:62,0
DA:65,0
DA:75,0
DA:76,0
DA:78,0
DA:81,0
DA:91,0
DA:92,0
DA:95,0
DA:97,0
DA:98,0
DA:100,0
DA:103,0
DA:106,0
DA:116,0
DA:117,0
DA:122,0
DA:124,0
DA:125,0
DA:136,0
DA:137,0
DA:139,0
DA:140,0
DA:141,0
DA:143,0
DA:144,0
DA:146,0
DA:147,0
DA:157,0
DA:158,0
DA:160,0
DA:170,0
DA:172,0
DA:175,0
DA:186,0
DA:188,0
DA:191,0
DA:193,0
DA:194,0
DA:199,2
LF:49
LH:6
BRDA:32,0,0,0
BRDA:32,0,1,0
BRDA:91,1,0,0
BRDA:91,1,1,0
BRDA:115,2,0,0
BRDA:135,3,0,0
BRDA:135,4,0,0
BRDA:139,5,0,0
BRDA:139,5,1,0
BRDA:140,6,0,0
BRDA:140,6,1,0
BRDA:141,7,0,0
BRDA:141,7,1,0
BRDA:185,8,0,0
BRF:14
BRH:0
end_of_record
TN:
SF:domain/entities/Item.js
FN:100,(anonymous_0)
FN:180,(anonymous_1)
FN:181,(anonymous_2)
FN:182,(anonymous_3)
FN:183,(anonymous_4)
FN:184,(anonymous_5)
FN:185,(anonymous_6)
FN:186,(anonymous_7)
FN:187,(anonymous_8)
FN:188,(anonymous_9)
FN:189,(anonymous_10)
FN:190,(anonymous_11)
FN:197,(anonymous_12)
FN:315,(anonymous_13)
FN:323,(anonymous_14)
FN:331,(anonymous_15)
FN:386,(anonymous_16)
FN:394,(anonymous_17)
FN:404,(anonymous_18)
FN:415,(anonymous_19)
FN:427,(anonymous_20)
FN:435,(anonymous_21)
FN:463,(anonymous_22)
FN:487,(anonymous_23)
FN:496,(anonymous_24)
FNF:25
FNH:0
FNDA:0,(anonymous_0)
FNDA:0,(anonymous_1)
FNDA:0,(anonymous_2)
FNDA:0,(anonymous_3)
FNDA:0,(anonymous_4)
FNDA:0,(anonymous_5)
FNDA:0,(anonymous_6)
FNDA:0,(anonymous_7)
FNDA:0,(anonymous_8)
FNDA:0,(anonymous_9)
FNDA:0,(anonymous_10)
FNDA:0,(anonymous_11)
FNDA:0,(anonymous_12)
FNDA:0,(anonymous_13)
FNDA:0,(anonymous_14)
FNDA:0,(anonymous_15)
FNDA:0,(anonymous_16)
FNDA:0,(anonymous_17)
FNDA:0,(anonymous_18)
FNDA:0,(anonymous_19)
FNDA:0,(anonymous_20)
FNDA:0,(anonymous_21)
FNDA:0,(anonymous_22)
FNDA:0,(anonymous_23)
FNDA:0,(anonymous_24)
DA:10,3
DA:11,3
DA:12,3
DA:101,0
DA:102,0
DA:103,0
DA:113,0
DA:114,0
DA:117,0
DA:118,0
DA:119,0
DA:120,0
DA:124,0
DA:125,0
DA:128,0
DA:129,0
DA:139,0
DA:141,0
DA:142,0
DA:143,0
DA:144,0
DA:145,0
DA:146,0
DA:147,0
DA:148,0
DA:151,0
DA:157,0
DA:166,0
DA:173,0
DA:180,0
DA:181,0
DA:182,0
DA:183,0
DA:184,0
DA:185,0
DA:186,0
DA:187,0
DA:188,0
DA:189,0
DA:190,0
DA:198,0
DA:199,0
DA:202,0
DA:203,0
DA:206,0
DA:207,0
DA:208,0
DA:210,0
DA:211,0
DA:214,0
DA:215,0
DA:216,0
DA:218,0
DA:219,0
DA:222,0
DA:223,0
DA:224,0
DA:227,0
DA:228,0
DA:229,0
DA:232,0
DA:233,0
DA:234,0
DA:237,0
DA:238,0
DA:239,0
DA:243,0
DA:244,0
DA:246,0
DA:249,0
DA:253,0
DA:257,0
DA:258,0
DA:260,0
DA:261,0
DA:262,0
DA:265,0
DA:266,0
DA:268,0
DA:271,0
DA:272,0
DA:273,0
DA:276,0
DA:277,0
DA:278,0
DA:281,0
DA:282,0
DA:283,0
DA:286,0
DA:287,0
DA:288,0
DA:291,0
DA:292,0
DA:293,0
DA:297,0
DA:298,0
DA:299,0
DA:302,0
DA:303,0
DA:305,0
DA:316,0
DA:324,0
DA:332,0
DA:335,0
DA:336,0
DA:339,0
DA:340,0
DA:343,0
DA:345,0
DA:348,0
DA:350,0
DA:353,0
DA:355,0
DA:358,0
DA:360,0
DA:363,0
DA:365,0
DA:369,0
DA:370,0
DA:374,0
DA:375,0
DA:378,0
DA:387,0
DA:388,0
DA:395,0
DA:396,0
DA:398,0
DA:405,0
DA:406,0
DA:407,0
DA:409,0
DA:416,0
DA:417,0
DA:418,0
DA:420,0
DA:428,0
DA:436,0
DA:464,0
DA:488,0
DA:497,0
DA:516,0
DA:517,0
DA:518,0
DA:519,0
DA:521,0
DA:525,3
LF:146
LH:4
BRDA:113,0,0,0
BRDA:113,0,1,0
BRDA:113,1,0,0
BRDA:113,1,1,0
BRDA:119,2,0,0
BRDA:119,2,1,0
BRDA:124,3,0,0
BRDA:124,3,1,0
BRDA:124,4,0,0
BRDA:124,4,1,0
BRDA:128,5,0,0
BRDA:128,5,1,0
BRDA:145,6,0,0
BRDA:145,6,1,0
BRDA:146,7,0,0
BRDA:146,7,1,0
BRDA:147,8,0,0
BRDA:147,8,1,0
BRDA:148,9,0,0
BRDA:148,9,1,0
BRDA:152,10,0,0
BRDA:152,10,1,0
BRDA:153,11,0,0
BRDA:153,11,1,0
BRDA:158,12,0,0
BRDA:158,12,1,0
BRDA:159,13,0,0
BRDA:159,13,1,0
BRDA:198,14,0,0
BRDA:198,14,1,0
BRDA:198,15,0,0
BRDA:198,15,1,0
BRDA:206,16,0,0
BRDA:206,16,1,0
BRDA:207,17,0,0
BRDA:207,17,1,0
BRDA:207,18,0,0
BRDA:207,18,1,0
BRDA:214,19,0,0
BRDA:214,19,1,0
BRDA:215,20,0,0
BRDA:215,20,1,0
BRDA:222,21,0,0
BRDA:222,21,1,0
BRDA:227,22,0,0
BRDA:227,22,1,0
BRDA:232,23,0,0
BRDA:232,23,1,0
BRDA:233,24,0,0
BRDA:233,24,1,0
BRDA:237,25,0,0
BRDA:237,25,1,0
BRDA:243,26,0,0
BRDA:243,26,1,0
BRDA:243,27,0,0
BRDA:243,27,1,0
BRDA:244,28,0,0
BRDA:244,28,1,0
BRDA:246,29,0,0
BRDA:246,29,1,0
BRDA:260,30,0,0
BRDA:260,30,1,0
BRDA:265,31,0,0
BRDA:265,31,1,0
BRDA:266,32,0,0
BRDA:266,32,1,0
BRDA:271,33,0,0
BRDA:271,33,1,0
BRDA:276,34,0,0
BRDA:276,34,1,0
BRDA:281,35,0,0
BRDA:281,35,1,0
BRDA:286,36,0,0
BRDA:286,36,1,0
BRDA:291,37,0,0
BRDA:291,37,1,0
BRDA:298,38,0,0
BRDA:298,38,1,0
BRDA:299,39,0,0
BRDA:299,39,1,0
BRDA:335,40,0,0
BRDA:335,40,1,0
BRDA:335,41,0,0
BRDA:335,41,1,0
BRDA:335,41,2,0
BRDA:339,42,0,0
BRDA:339,42,1,0
BRDA:339,43,0,0
BRDA:339,43,1,0
BRDA:339,43,2,0
BRDA:343,44,0,0
BRDA:343,44,1,0
BRDA:343,45,0,0
BRDA:343,45,1,0
BRDA:343,45,2,0
BRDA:343,45,3,0
BRDA:343,45,4,0
BRDA:343,45,5,0
BRDA:348,46,0,0
BRDA:348,46,1,0
BRDA:348,47,0,0
BRDA:348,47,1,0
BRDA:348,47,2,0
BRDA:348,47,3,0
BRDA:348,47,4,0
BRDA:348,47,5,0
BRDA:353,48,0,0
BRDA:353,48,1,0
BRDA:353,49,0,0
BRDA:353,49,1,0
BRDA:353,49,2,0
BRDA:353,49,3,0
BRDA:353,49,4,0
BRDA:353,49,5,0
BRDA:358,50,0,0
BRDA:358,50,1,0
BRDA:358,51,0,0
BRDA:358,51,1,0
BRDA:358,51,2,0
BRDA:358,51,3,0
BRDA:358,51,4,0
BRDA:363,52,0,0
BRDA:363,52,1,0
BRDA:363,53,0,0
BRDA:363,53,1,0
BRDA:363,53,2,0
BRDA:363,53,3,0
BRDA:363,53,4,0
BRDA:369,54,0,0
BRDA:369,54,1,0
BRDA:374,55,0,0
BRDA:374,55,1,0
BRDA:386,56,0,0
BRDA:516,57,0,0
BRDA:516,57,1,0
BRDA:517,58,0,0
BRDA:517,58,1,0
BRDA:518,59,0,0
BRDA:518,59,1,0
BRDA:519,60,0,0
BRDA:519,60,1,0
BRF:141
BRH:0
end_of_record
TN:
SF:domain/services/ItemDomainService.js
FN:35,(anonymous_0)
FN:49,(anonymous_1)
FN:57,(anonymous_2)
FN:67,(anonymous_3)
FN:152,(anonymous_4)
FN:198,(anonymous_5)
FN:280,(anonymous_6)
FN:339,(anonymous_7)
FN:356,(anonymous_8)
FN:391,(anonymous_9)
FNF:10
FNH:1
FNDA:19,(anonymous_0)
FNDA:0,(anonymous_1)
FNDA:0,(anonymous_2)
FNDA:0,(anonymous_3)
FNDA:0,(anonymous_4)
FNDA:0,(anonymous_5)
FNDA:0,(anonymous_6)
FNDA:0,(anonymous_7)
FNDA:0,(anonymous_8)
FNDA:0,(anonymous_9)
DA:10,2
DA:11,2
DA:12,2
DA:13,2
DA:14,2
DA:36,19
DA:37,19
DA:50,0
DA:58,0
DA:59,0
DA:68,0
DA:69,0
DA:72,0
DA:73,0
DA:74,0
DA:78,0
DA:79,0
DA:83,0
DA:84,0
DA:85,0
DA:86,0
DA:90,0
DA:91,0
DA:92,0
DA:93,0
DA:97,0
DA:98,0
DA:100,0
DA:101,0
DA:104,0
DA:105,0
DA:108,0
DA:109,0
DA:113,0
DA:114,0
DA:115,0
DA:119,0
DA:120,0
DA:126,0
DA:127,0
DA:128,0
DA:132,0
DA:133,0
DA:136,0
DA:137,0
DA:140,0
DA:153,0
DA:156,0
DA:157,0
DA:160,0
DA:161,0
DA:165,0
DA:166,0
DA:167,0
DA:168,0
DA:170,0
DA:171,0
DA:175,0
DA:176,0
DA:177,0
DA:178,0
DA:181,0
DA:182,0
DA:185,0
DA:190,0
DA:199,0
DA:200,0
DA:203,0
DA:217,0
DA:218,0
DA:220,0
DA:222,0
DA:223,0
DA:225,0
DA:229,0
DA:230,0
DA:233,0
DA:234,0
DA:238,0
DA:239,0
DA:240,0
DA:241,0
DA:244,0
DA:247,0
DA:248,0
DA:252,0
DA:253,0
DA:257,0
DA:258,0
DA:261,0
DA:262,0
DA:265,0
DA:270,0
DA:283,0
DA:285,0
DA:288,0
DA:291,0
DA:294,0
DA:297,0
DA:298,0
DA:301,0
DA:302,0
DA:305,0
DA:308,0
DA:311,0
DA:312,0
DA:315,0
DA:318,0
DA:321,0
DA:322,0
DA:325,0
DA:326,0
DA:329,0
DA:333,0
DA:336,0
DA:339,0
DA:341,0
DA:348,0
DA:357,0
DA:358,0
DA:361,0
DA:362,0
DA:364,0
DA:365,0
DA:366,0
DA:367,0
DA:369,0
DA:376,0
DA:382,0
DA:392,0
DA:393,0
DA:394,0
DA:402,0
DA:403,0
DA:405,0
DA:406,0
DA:407,0
DA:408,0
DA:409,0
DA:410,0
DA:414,0
DA:415,0
DA:416,0
DA:420,0
DA:422,0
DA:423,0
DA:427,0
DA:429,0
DA:430,0
DA:433,0
DA:435,0
DA:448,0
DA:464,2
LF:153
LH:8
BRDA:72,0,0,0
BRDA:72,0,1,0
BRDA:72,1,0,0
BRDA:72,1,1,0
BRDA:78,2,0,0
BRDA:78,2,1,0
BRDA:83,3,0,0
BRDA:83,3,1,0
BRDA:83,4,0,0
BRDA:83,4,1,0
BRDA:83,4,2,0
BRDA:85,5,0,0
BRDA:85,5,1,0
BRDA:90,6,0,0
BRDA:90,6,1,0
BRDA:90,7,0,0
BRDA:90,7,1,0
BRDA:92,8,0,0
BRDA:92,8,1,0
BRDA:97,9,0,0
BRDA:97,9,1,0
BRDA:98,10,0,0
BRDA:98,10,1,0
BRDA:100,11,0,0
BRDA:100,11,1,0
BRDA:104,12,0,0
BRDA:104,12,1,0
BRDA:108,13,0,0
BRDA:108,13,1,0
BRDA:113,14,0,0
BRDA:113,14,1,0
BRDA:114,15,0,0
BRDA:114,15,1,0
BRDA:119,16,0,0
BRDA:119,16,1,0
BRDA:119,17,0,0
BRDA:119,17,1,0
BRDA:127,18,0,0
BRDA:127,18,1,0
BRDA:127,19,0,0
BRDA:127,19,1,0
BRDA:132,20,0,0
BRDA:132,20,1,0
BRDA:136,21,0,0
BRDA:136,21,1,0
BRDA:136,22,0,0
BRDA:136,22,1,0
BRDA:156,23,0,0
BRDA:156,23,1,0
BRDA:160,24,0,0
BRDA:160,24,1,0
BRDA:165,25,0,0
BRDA:165,25,1,0
BRDA:166,26,0,0
BRDA:166,26,1,0
BRDA:167,27,0,0
BRDA:167,27,1,0
BRDA:168,28,0,0
BRDA:168,28,1,0
BRDA:170,29,0,0
BRDA:170,29,1,0
BRDA:181,30,0,0
BRDA:181,30,1,0
BRDA:199,31,0,0
BRDA:199,31,1,0
BRDA:199,32,0,0
BRDA:199,32,1,0
BRDA:222,33,0,0
BRDA:222,33,1,0
BRDA:229,34,0,0
BRDA:229,34,1,0
BRDA:233,35,0,0
BRDA:233,35,1,0
BRDA:247,36,0,0
BRDA:247,36,1,0
BRDA:253,37,0,0
BRDA:253,37,1,0
BRDA:261,38,0,0
BRDA:261,38,1,0
BRDA:280,39,0,0
BRDA:283,40,0,0
BRDA:283,40,1,0
BRDA:283,40,2,0
BRDA:283,40,3,0
BRDA:283,40,4,0
BRDA:283,40,5,0
BRDA:283,40,6,0
BRDA:283,40,7,0
BRDA:283,40,8,0
BRDA:283,40,9,0
BRDA:283,40,10,0
BRDA:286,41,0,0
BRDA:286,41,1,0
BRDA:292,42,0,0
BRDA:292,42,1,0
BRDA:306,43,0,0
BRDA:306,43,1,0
BRDA:316,44,0,0
BRDA:316,44,1,0
BRDA:331,45,0,0
BRDA:331,45,1,0
BRDA:357,46,0,0
BRDA:357,46,1,0
BRDA:366,47,0,0
BRDA:366,47,1,0
BRDA:405,48,0,0
BRDA:405,48,1,0
BRDA:408,49,0,0
BRDA:408,49,1,0
BRDA:408,50,0,0
BRDA:408,50,1,0
BRDA:414,51,0,0
BRDA:414,51,1,0
BRDA:420,52,0,0
BRDA:420,52,1,0
BRDA:420,53,0,0
BRDA:420,53,1,0
BRDA:427,54,0,0
BRDA:427,54,1,0
BRDA:427,55,0,0
BRDA:427,55,1,0
BRF:121
BRH:0
end_of_record
TN:
SF:domain/specifications/ItemSpecifications.js
FN:21,(anonymous_0)
FN:30,(anonymous_1)
FN:39,(anonymous_2)
FN:47,(anonymous_3)
FN:56,(anonymous_4)
FN:62,(anonymous_5)
FN:71,(anonymous_6)
FN:77,(anonymous_7)
FN:86,(anonymous_8)
FN:91,(anonymous_9)
FN:102,(anonymous_10)
FN:111,(anonymous_11)
FN:120,(anonymous_12)
FN:129,(anonymous_13)
FN:138,(anonymous_14)
FN:143,(anonymous_15)
FN:152,(anonymous_16)
FN:161,(anonymous_17)
FN:166,(anonymous_18)
FN:175,(anonymous_19)
FN:180,(anonymous_20)
FN:189,(anonymous_21)
FN:195,(anonymous_22)
FN:205,(anonymous_23)
FN:210,(anonymous_24)
FN:219,(anonymous_25)
FN:224,(anonymous_26)
FN:233,(anonymous_27)
FN:242,(anonymous_28)
FN:248,(anonymous_29)
FN:257,(anonymous_30)
FN:262,(anonymous_31)
FN:277,(anonymous_32)
FN:288,(anonymous_33)
FN:297,(anonymous_34)
FN:307,(anonymous_35)
FN:318,(anonymous_36)
FN:328,(anonymous_37)
FN:339,(anonymous_38)
FN:350,(anonymous_39)
FN:361,(anonymous_40)
FN:374,(anonymous_41)
FNF:42
FNH:0
FNDA:0,(anonymous_0)
FNDA:0,(anonymous_1)
FNDA:0,(anonymous_2)
FNDA:0,(anonymous_3)
FNDA:0,(anonymous_4)
FNDA:0,(anonymous_5)
FNDA:0,(anonymous_6)
FNDA:0,(anonymous_7)
FNDA:0,(anonymous_8)
FNDA:0,(anonymous_9)
FNDA:0,(anonymous_10)
FNDA:0,(anonymous_11)
FNDA:0,(anonymous_12)
FNDA:0,(anonymous_13)
FNDA:0,(anonymous_14)
FNDA:0,(anonymous_15)
FNDA:0,(anonymous_16)
FNDA:0,(anonymous_17)
FNDA:0,(anonymous_18)
FNDA:0,(anonymous_19)
FNDA:0,(anonymous_20)
FNDA:0,(anonymous_21)
FNDA:0,(anonymous_22)
FNDA:0,(anonymous_23)
FNDA:0,(anonymous_24)
FNDA:0,(anonymous_25)
FNDA:0,(anonymous_26)
FNDA:0,(anonymous_27)
FNDA:0,(anonymous_28)
FNDA:0,(anonymous_29)
FNDA:0,(anonymous_30)
FNDA:0,(anonymous_31)
FNDA:0,(anonymous_32)
FNDA:0,(anonymous_33)
FNDA:0,(anonymous_34)
FNDA:0,(anonymous_35)
FNDA:0,(anonymous_36)
FNDA:0,(anonymous_37)
FNDA:0,(anonymous_38)
FNDA:0,(anonymous_39)
FNDA:0,(anonymous_40)
FNDA:0,(anonymous_41)
DA:10,2
DA:22,0
DA:31,0
DA:40,0
DA:48,0
DA:57,0
DA:58,0
DA:59,0
DA:63,0
DA:72,0
DA:73,0
DA:74,0
DA:78,0
DA:87,0
DA:88,0
DA:92,0
DA:103,0
DA:112,0
DA:121,0
DA:130,0
DA:139,0
DA:140,0
DA:144,0
DA:153,0
DA:162,0
DA:163,0
DA:167,0
DA:176,0
DA:177,0
DA:181,0
DA:190,0
DA:191,0
DA:192,0
DA:196,0
DA:197,0
DA:206,0
DA:207,0
DA:211,0
DA:220,0
DA:221,0
DA:225,0
DA:234,0
DA:243,0
DA:244,0
DA:245,0
DA:249,0
DA:258,0
DA:259,0
DA:263,0
DA:264,0
DA:278,0
DA:289,0
DA:298,0
DA:308,0
DA:319,0
DA:329,0
DA:340,0
DA:351,0
DA:362,0
DA:375,0
DA:381,2
LF:61
LH:2
BRDA:63,0,0,0
BRDA:63,0,1,0
BRDA:78,1,0,0
BRDA:78,1,1,0
BRDA:138,2,0,0
BRDA:161,3,0,0
BRDA:189,4,0,0
BRDA:191,5,0,0
BRDA:191,5,1,0
BRDA:196,6,0,0
BRDA:196,6,1,0
BRDA:205,7,0,0
BRDA:219,8,0,0
BRDA:234,9,0,0
BRDA:234,9,1,0
BRDA:249,10,0,0
BRDA:249,10,1,0
BRDA:257,11,0,0
BRDA:277,12,0,0
BRDA:288,13,0,0
BRDA:318,14,0,0
BRDA:328,15,0,0
BRDA:339,16,0,0
BRDA:374,17,0,0
BRDA:374,18,0,0
BRF:25
BRH:0
end_of_record
TN:
SF:domain/value-objects/AlchemyInfo.js
FN:37,(anonymous_0)
FN:77,(anonymous_1)
FN:85,(anonymous_2)
FN:93,(anonymous_3)
FN:102,(anonymous_4)
FN:115,(anonymous_5)
FN:124,(anonymous_6)
FN:137,(anonymous_7)
FN:146,(anonymous_8)
FN:160,(anonymous_9)
FN:168,(anonymous_10)
FN:182,(anonymous_11)
FN:193,(anonymous_12)
FN:202,(anonymous_13)
FN:215,(anonymous_14)
FNF:15
FNH:0
FNDA:0,(anonymous_0)
FNDA:0,(anonymous_1)
FNDA:0,(anonymous_2)
FNDA:0,(anonymous_3)
FNDA:0,(anonymous_4)
FNDA:0,(anonymous_5)
FNDA:0,(anonymous_6)
FNDA:0,(anonymous_7)
FNDA:0,(anonymous_8)
FNDA:0,(anonymous_9)
FNDA:0,(anonymous_10)
FNDA:0,(anonymous_11)
FNDA:0,(anonymous_12)
FNDA:0,(anonymous_13)
FNDA:0,(anonymous_14)
DA:38,0
DA:40,0
DA:41,0
DA:42,0
DA:44,0
DA:56,0
DA:57,0
DA:60,0
DA:61,0
DA:64,0
DA:65,0
DA:68,0
DA:69,0
DA:78,0
DA:86,0
DA:94,0
DA:103,0
DA:104,0
DA:107,0
DA:116,0
DA:125,0
DA:126,0
DA:129,0
DA:130,0
DA:138,0
DA:147,0
DA:148,0
DA:151,0
DA:161,0
DA:169,0
DA:183,0
DA:194,0
DA:203,0
DA:204,0
DA:205,0
DA:207,0
DA:216,0
DA:220,3
LF:38
LH:1
BRDA:37,0,0,0
BRDA:56,1,0,0
BRDA:56,1,1,0
BRDA:56,2,0,0
BRDA:56,2,1,0
BRDA:60,3,0,0
BRDA:60,3,1,0
BRDA:60,4,0,0
BRDA:60,4,1,0
BRDA:64,5,0,0
BRDA:64,5,1,0
BRDA:68,6,0,0
BRDA:68,6,1,0
BRDA:68,7,0,0
BRDA:68,7,1,0
BRDA:103,8,0,0
BRDA:103,8,1,0
BRDA:103,9,0,0
BRDA:103,9,1,0
BRDA:125,10,0,0
BRDA:125,10,1,0
BRDA:126,11,0,0
BRDA:126,11,1,0
BRDA:147,12,0,0
BRDA:147,12,1,0
BRDA:151,13,0,0
BRDA:151,13,1,0
BRDA:151,13,2,0
BRDA:193,14,0,0
BRF:29
BRH:0
end_of_record
TN:
SF:domain/value-objects/ItemId.js
FN:24,(anonymous_0)
FN:62,(anonymous_1)
FN:71,(anonymous_2)
FN:82,(anonymous_3)
FN:90,(anonymous_4)
FN:99,(anonymous_5)
FN:108,(anonymous_6)
FN:118,(anonymous_7)
FN:133,(anonymous_8)
FN:138,(anonymous_9)
FN:146,(anonymous_10)
FN:151,(anonymous_11)
FNF:12
FNH:0
FNDA:0,(anonymous_0)
FNDA:0,(anonymous_1)
FNDA:0,(anonymous_2)
FNDA:0,(anonymous_3)
FNDA:0,(anonymous_4)
FNDA:0,(anonymous_5)
FNDA:0,(anonymous_6)
FNDA:0,(anonymous_7)
FNDA:0,(anonymous_8)
FNDA:0,(anonymous_9)
FNDA:0,(anonymous_10)
FNDA:0,(anonymous_11)
DA:10,3
DA:25,0
DA:26,0
DA:37,0
DA:38,0
DA:41,0
DA:43,0
DA:44,0
DA:47,0
DA:48,0
DA:51,0
DA:52,0
DA:55,0
DA:63,0
DA:72,0
DA:73,0
DA:75,0
DA:83,0
DA:91,0
DA:100,0
DA:109,0
DA:110,0
DA:119,0
DA:120,0
DA:121,0
DA:123,0
DA:134,0
DA:135,0
DA:138,0
DA:147,0
DA:148,0
DA:151,0
DA:152,0
DA:153,0
DA:155,0
DA:160,3
LF:36
LH:2
BRDA:37,0,0,0
BRDA:37,0,1,0
BRDA:43,1,0,0
BRDA:43,1,1,0
BRDA:47,2,0,0
BRDA:47,2,1,0
BRDA:51,3,0,0
BRDA:51,3,1,0
BRDA:72,4,0,0
BRDA:72,4,1,0
BRDA:134,5,0,0
BRDA:134,5,1,0
BRDA:147,6,0,0
BRDA:147,6,1,0
BRDA:152,7,0,0
BRDA:152,7,1,0
BRF:16
BRH:0
end_of_record
TN:
SF:models/ItemModel.js
FN:73,(anonymous_0)
FN:187,(anonymous_1)
FN:196,(anonymous_2)
FN:221,(anonymous_3)
FN:264,(anonymous_4)
FN:282,(anonymous_5)
FN:297,(anonymous_6)
FN:313,(anonymous_7)
FN:327,(anonymous_8)
FN:359,(anonymous_9)
FN:367,(anonymous_10)
FN:374,(anonymous_11)
FN:386,(anonymous_12)
FN:395,(anonymous_13)
FN:399,(anonymous_14)
FN:403,(anonymous_15)
FN:414,(anonymous_16)
FNF:17
FNH:2
FNDA:3,(anonymous_0)
FNDA:0,(anonymous_1)
FNDA:0,(anonymous_2)
FNDA:3,(anonymous_3)
FNDA:0,(anonymous_4)
FNDA:0,(anonymous_5)
FNDA:0,(anonymous_6)
FNDA:0,(anonymous_7)
FNDA:0,(anonymous_8)
FNDA:0,(anonymous_9)
FNDA:0,(anonymous_10)
FNDA:0,(anonymous_11)
FNDA:0,(anonymous_12)
FNDA:0,(anonymous_13)
FNDA:0,(anonymous_14)
FNDA:0,(anonymous_15)
FNDA:0,(anonymous_16)
DA:12,4
DA:13,4
DA:15,4
DA:21,4
DA:74,3
DA:188,0
DA:189,0
DA:190,0
DA:191,0
DA:197,0
DA:198,0
DA:199,0
DA:200,0
DA:208,4
DA:209,4
DA:210,4
DA:211,4
DA:212,4
DA:213,4
DA:221,4
DA:222,3
DA:224,3
DA:227,3
DA:228,0
DA:232,3
DA:233,0
DA:237,3
DA:238,0
DA:241,3
DA:247,3
DA:249,0
DA:253,0
DA:260,4
DA:265,0
DA:267,0
DA:268,0
DA:270,0
DA:272,0
DA:283,0
DA:298,0
DA:314,0
DA:315,0
DA:328,0
DA:347,0
DA:348,0
DA:355,4
DA:360,0
DA:361,0
DA:368,0
DA:375,0
DA:376,0
DA:377,0
DA:378,0
DA:379,0
DA:380,0
DA:387,0
DA:388,0
DA:395,4
DA:396,0
DA:399,4
DA:400,0
DA:403,4
DA:404,0
DA:408,4
DA:409,4
DA:414,4
DA:415,0
DA:416,0
DA:417,0
DA:419,0
DA:428,4
DA:429,4
DA:430,4
DA:432,0
DA:433,0
DA:436,4
LF:76
LH:31
BRDA:227,0,0,0
BRDA:227,0,1,3
BRDA:232,1,0,0
BRDA:232,1,1,3
BRDA:232,2,0,3
BRDA:232,2,1,3
BRDA:232,2,2,3
BRDA:237,3,0,0
BRDA:237,3,1,3
BRDA:237,4,0,3
BRDA:237,4,1,3
BRDA:264,5,0,0
BRDA:264,6,0,0
BRDA:264,7,0,0
BRDA:267,8,0,0
BRDA:267,8,1,0
BRDA:268,9,0,0
BRDA:268,9,1,0
BRDA:273,10,0,0
BRDA:273,10,1,0
BRDA:274,11,0,0
BRDA:274,11,1,0
BRDA:282,12,0,0
BRDA:282,13,0,0
BRDA:288,14,0,0
BRDA:288,14,1,0
BRDA:297,15,0,0
BRDA:305,16,0,0
BRDA:305,16,1,0
BRDA:313,17,0,0
BRDA:348,18,0,0
BRDA:348,18,1,0
BRDA:367,19,0,0
BRDA:375,20,0,0
BRDA:375,20,1,0
BRDA:376,21,0,0
BRDA:376,21,1,0
BRDA:377,22,0,0
BRDA:377,22,1,0
BRDA:378,23,0,0
BRDA:378,23,1,0
BRDA:379,24,0,0
BRDA:379,24,1,0
BRDA:415,25,0,0
BRDA:415,25,1,0
BRDA:415,26,0,0
BRDA:415,26,1,0
BRF:47
BRH:8
end_of_record
TN:
SF:models/MarketPriceSnapshotModel.js
FN:35,(anonymous_0)
FN:47,(anonymous_1)
FN:79,(anonymous_2)
FN:91,(anonymous_3)
FN:117,(anonymous_4)
FN:128,(anonymous_5)
FN:141,(anonymous_6)
FN:153,(anonymous_7)
FN:171,(anonymous_8)
FN:188,(anonymous_9)
FN:199,(anonymous_10)
FN:234,(anonymous_11)
FN:264,(anonymous_12)
FN:321,(anonymous_13)
FN:349,(anonymous_14)
FN:357,(anonymous_15)
FN:365,(anonymous_16)
FN:374,(anonymous_17)
FN:382,(anonymous_18)
FN:398,(anonymous_19)
FN:411,(anonymous_20)
FN:426,(anonymous_21)
FN:441,(anonymous_22)
FN:456,(anonymous_23)
FN:463,(anonymous_24)
FN:470,(anonymous_25)
FNF:26
FNH:26
FNDA:58,(anonymous_0)
FNDA:58,(anonymous_1)
FNDA:57,(anonymous_2)
FNDA:58,(anonymous_3)
FNDA:58,(anonymous_4)
FNDA:58,(anonymous_5)
FNDA:58,(anonymous_6)
FNDA:58,(anonymous_7)
FNDA:58,(anonymous_8)
FNDA:58,(anonymous_9)
FNDA:58,(anonymous_10)
FNDA:58,(anonymous_11)
FNDA:26,(anonymous_12)
FNDA:54,(anonymous_13)
FNDA:3,(anonymous_14)
FNDA:3,(anonymous_15)
FNDA:1,(anonymous_16)
FNDA:2,(anonymous_17)
FNDA:2,(anonymous_18)
FNDA:1,(anonymous_19)
FNDA:1,(anonymous_20)
FNDA:1,(anonymous_21)
FNDA:1,(anonymous_22)
FNDA:1,(anonymous_23)
FNDA:1,(anonymous_24)
FNDA:1,(anonymous_25)
DA:16,3
DA:17,3
DA:26,3
DA:36,58
DA:48,58
DA:80,57
DA:92,58
DA:118,58
DA:129,58
DA:142,58
DA:154,58
DA:172,58
DA:189,58
DA:200,58
DA:235,58
DA:265,26
DA:266,26
DA:280,3
DA:290,3
DA:299,3
DA:308,3
DA:321,3
DA:323,54
DA:326,54
DA:327,0
DA:331,54
DA:332,54
DA:333,0
DA:336,54
DA:349,3
DA:350,3
DA:357,3
DA:358,3
DA:365,3
DA:366,1
DA:367,1
DA:374,3
DA:375,2
DA:382,3
DA:383,2
DA:398,3
DA:399,1
DA:411,3
DA:412,1
DA:426,3
DA:427,1
DA:441,3
DA:442,1
DA:456,3
DA:457,1
DA:463,3
DA:464,1
DA:470,3
DA:471,1
DA:477,3
DA:479,3
LF:56
LH:54
BRDA:48,0,0,58
BRDA:48,0,1,58
BRDA:118,1,0,58
BRDA:118,1,1,0
BRDA:129,2,0,58
BRDA:129,2,1,1
BRDA:129,2,2,1
BRDA:142,3,0,58
BRDA:142,3,1,0
BRDA:154,4,0,58
BRDA:154,4,1,0
BRDA:172,5,0,58
BRDA:172,5,1,2
BRDA:172,5,2,2
BRDA:189,6,0,58
BRDA:189,6,1,1
BRDA:189,6,2,1
BRDA:200,7,0,58
BRDA:200,7,1,1
BRDA:200,7,2,1
BRDA:235,8,0,58
BRDA:235,8,1,58
BRDA:326,9,0,0
BRDA:326,9,1,54
BRDA:332,10,0,0
BRDA:332,10,1,54
BRDA:367,11,0,1
BRDA:367,11,1,0
BRDA:398,12,0,1
BRDA:411,13,0,1
BRDA:426,14,0,0
BRDA:426,15,0,1
BRDA:426,16,0,1
BRDA:441,17,0,1
BRF:34
BRH:27
end_of_record
TN:
SF:repositories/ItemRepository.js
FN:22,(anonymous_0)
FN:34,(anonymous_1)
FN:65,(anonymous_2)
FN:68,(anonymous_3)
FN:69,(anonymous_4)
FN:85,(anonymous_5)
FN:100,(anonymous_6)
FN:148,(anonymous_7)
FN:189,(anonymous_8)
FN:222,(anonymous_9)
FN:259,(anonymous_10)
FN:338,(anonymous_11)
FN:371,(anonymous_12)
FN:442,(anonymous_13)
FN:460,(anonymous_14)
FN:531,(anonymous_15)
FN:567,(anonymous_16)
FN:611,(anonymous_17)
FNF:18
FNH:1
FNDA:38,(anonymous_0)
FNDA:0,(anonymous_1)
FNDA:0,(anonymous_2)
FNDA:0,(anonymous_3)
FNDA:0,(anonymous_4)
FNDA:0,(anonymous_5)
FNDA:0,(anonymous_6)
FNDA:0,(anonymous_7)
FNDA:0,(anonymous_8)
FNDA:0,(anonymous_9)
FNDA:0,(anonymous_10)
FNDA:0,(anonymous_11)
FNDA:0,(anonymous_12)
FNDA:0,(anonymous_13)
FNDA:0,(anonymous_14)
FNDA:0,(anonymous_15)
FNDA:0,(anonymous_16)
FNDA:0,(anonymous_17)
DA:12,2
DA:13,2
DA:14,2
DA:17,2
DA:18,2
DA:19,2
DA:23,38
DA:24,38
DA:25,38
DA:26,38
DA:35,0
DA:37,0
DA:38,0
DA:41,0
DA:43,0
DA:44,0
DA:45,0
DA:48,0
DA:55,0
DA:57,0
DA:58,0
DA:66,0
DA:68,0
DA:69,0
DA:71,0
DA:77,0
DA:82,0
DA:85,0
DA:88,0
DA:90,0
DA:93,0
DA:101,0
DA:102,0
DA:107,0
DA:115,0
DA:117,0
DA:118,0
DA:121,0
DA:122,0
DA:125,0
DA:126,0
DA:129,0
DA:131,0
DA:136,0
DA:138,0
DA:141,0
DA:149,0
DA:150,0
DA:151,0
DA:153,0
DA:158,0
DA:164,0
DA:166,0
DA:167,0
DA:170,0
DA:172,0
DA:177,0
DA:179,0
DA:182,0
DA:190,0
DA:191,0
DA:193,0
DA:198,0
DA:208,0
DA:212,0
DA:214,0
DA:215,0
DA:223,0
DA:224,0
DA:225,0
DA:228,0
DA:229,0
DA:231,0
DA:232,0
DA:233,0
DA:238,0
DA:239,0
DA:241,0
DA:248,0
DA:249,0
DA:259,0
DA:260,0
DA:261,0
DA:276,0
DA:282,0
DA:283,0
DA:284,0
DA:286,0
DA:287,0
DA:288,0
DA:290,0
DA:291,0
DA:294,0
DA:295,0
DA:299,0
DA:314,0
DA:328,0
DA:331,0
DA:339,0
DA:340,0
DA:344,0
DA:354,0
DA:359,0
DA:361,0
DA:364,0
DA:372,0
DA:373,0
DA:379,0
DA:381,0
DA:383,0
DA:384,0
DA:386,0
DA:387,0
DA:389,0
DA:390,0
DA:392,0
DA:393,0
DA:395,0
DA:396,0
DA:398,0
DA:399,0
DA:402,0
DA:405,0
DA:407,0
DA:409,0
DA:410,0
DA:413,0
DA:414,0
DA:416,0
DA:419,0
DA:420,0
DA:423,0
DA:425,0
DA:430,0
DA:432,0
DA:435,0
DA:443,0
DA:444,0
DA:446,0
DA:448,0
DA:450,0
DA:452,0
DA:453,0
DA:461,0
DA:462,0
DA:463,0
DA:464,0
DA:466,0
DA:472,0
DA:474,0
DA:475,0
DA:478,0
DA:479,0
DA:482,0
DA:483,0
DA:486,0
DA:487,0
DA:490,0
DA:499,0
DA:500,0
DA:501,0
DA:503,0
DA:511,0
DA:523,0
DA:524,0
DA:532,0
DA:533,0
DA:539,0
DA:546,0
DA:548,0
DA:555,0
DA:557,0
DA:560,0
DA:568,0
DA:569,0
DA:574,0
DA:590,0
DA:591,0
DA:592,0
DA:595,0
DA:601,0
DA:603,0
DA:604,0
DA:612,0
DA:613,0
DA:615,0
DA:627,0
DA:628,0
DA:629,0
DA:632,0
DA:637,0
DA:639,0
DA:640,0
DA:645,2
LF:194
LH:11
BRDA:34,0,0,0
BRDA:37,1,0,0
BRDA:37,1,1,0
BRDA:43,2,0,0
BRDA:43,2,1,0
BRDA:65,3,0,0
BRDA:68,4,0,0
BRDA:68,4,1,0
BRDA:100,5,0,0
BRDA:117,6,0,0
BRDA:117,6,1,0
BRDA:121,7,0,0
BRDA:121,7,1,0
BRDA:125,8,0,0
BRDA:125,8,1,0
BRDA:148,9,0,0
BRDA:150,10,0,0
BRDA:150,10,1,0
BRDA:151,11,0,0
BRDA:151,11,1,0
BRDA:166,12,0,0
BRDA:166,12,1,0
BRDA:189,13,0,0
BRDA:222,14,0,0
BRDA:235,15,0,0
BRDA:235,15,1,0
BRDA:236,16,0,0
BRDA:236,16,1,0
BRDA:248,17,0,0
BRDA:248,17,1,0
BRDA:288,18,0,0
BRDA:288,18,1,0
BRDA:290,19,0,0
BRDA:290,19,1,0
BRDA:294,20,0,0
BRDA:294,20,1,0
BRDA:320,21,0,0
BRDA:320,21,1,0
BRDA:371,22,0,0
BRDA:381,23,0,0
BRDA:381,23,1,0
BRDA:381,23,2,0
BRDA:381,23,3,0
BRDA:381,23,4,0
BRDA:381,23,5,0
BRDA:381,23,6,0
BRDA:409,24,0,0
BRDA:409,24,1,0
BRDA:413,25,0,0
BRDA:413,25,1,0
BRDA:419,26,0,0
BRDA:419,26,1,0
BRDA:460,27,0,0
BRDA:462,28,0,0
BRDA:462,28,1,0
BRDA:463,29,0,0
BRDA:463,29,1,0
BRDA:474,30,0,0
BRDA:474,30,1,0
BRDA:478,31,0,0
BRDA:478,31,1,0
BRDA:482,32,0,0
BRDA:482,32,1,0
BRDA:486,33,0,0
BRDA:486,33,1,0
BRDA:492,34,0,0
BRDA:492,34,1,0
BRDA:590,35,0,0
BRDA:590,35,1,0
BRDA:627,36,0,0
BRDA:627,36,1,0
BRF:71
BRH:0
end_of_record
TN:
SF:routes/marketDataRoutes.js
FN:99,(anonymous_0)
FN:185,(anonymous_1)
FN:434,(anonymous_2)
FN:439,(anonymous_3)
FN:473,(anonymous_4)
FN:478,(anonymous_5)
FNF:6
FNH:2
FNDA:9,(anonymous_0)
FNDA:10,(anonymous_1)
FNDA:0,(anonymous_2)
FNDA:0,(anonymous_3)
FNDA:0,(anonymous_4)
FNDA:0,(anonymous_5)
DA:11,1
DA:12,1
DA:13,1
DA:14,1
DA:15,1
DA:17,1
DA:20,1
DA:21,1
DA:22,1
DA:25,1
DA:26,1
DA:32,1
DA:53,1
DA:71,1
DA:100,9
DA:101,9
DA:102,9
DA:103,9
DA:105,5
DA:111,4
DA:115,4
DA:121,0
DA:135,1
DA:150,1
DA:172,1
DA:186,10
DA:187,10
DA:188,10
DA:189,10
DA:190,10
DA:193,10
DA:194,10
DA:196,10
DA:203,9
DA:204,1
DA:210,8
DA:218,1
DA:219,1
DA:225,0
DA:239,1
DA:257,1
DA:275,1
DA:292,1
DA:307,1
DA:325,1
DA:341,1
DA:360,1
DA:375,1
DA:392,1
DA:409,1
DA:425,1
DA:435,0
DA:436,0
DA:438,0
DA:439,0
DA:443,0
DA:445,0
DA:452,0
DA:465,1
DA:474,0
DA:475,0
DA:477,0
DA:478,0
DA:481,0
DA:488,0
DA:501,1
DA:516,1
DA:521,1
DA:523,1
LF:69
LH:54
BRDA:111,0,0,4
BRDA:111,0,1,0
BRDA:111,1,0,4
BRDA:111,1,1,3
BRDA:111,1,2,2
BRDA:111,1,3,1
BRDA:193,2,0,3
BRDA:193,2,1,7
BRDA:194,3,0,3
BRDA:194,3,1,7
BRDA:203,4,0,1
BRDA:203,4,1,8
BRDA:218,5,0,1
BRDA:218,5,1,0
BRDA:436,6,0,0
BRDA:439,7,0,0
BRDA:439,7,1,0
BRDA:478,8,0,0
BRDA:478,8,1,0
BRF:19
BRH:12
end_of_record
TN:
SF:services/AITradingOrchestratorService.js
FN:24,(anonymous_0)
FN:61,(anonymous_1)
FN:81,(anonymous_2)
FN:107,(anonymous_3)
FN:177,(anonymous_4)
FN:190,(anonymous_5)
FN:190,(anonymous_6)
FN:209,(anonymous_7)
FN:217,(anonymous_8)
FN:245,(anonymous_9)
FN:329,(anonymous_10)
FN:350,(anonymous_11)
FN:371,(anonymous_12)
FN:417,(anonymous_13)
FN:430,(anonymous_14)
FN:439,(anonymous_15)
FN:496,(anonymous_16)
FN:589,(anonymous_17)
FN:650,(anonymous_18)
FN:699,(anonymous_19)
FN:715,(anonymous_20)
FN:724,(anonymous_21)
FN:779,(anonymous_22)
FN:791,(anonymous_23)
FN:799,(anonymous_24)
FN:814,(anonymous_25)
FN:840,(anonymous_26)
FN:867,(anonymous_27)
FN:871,(anonymous_28)
FN:875,(anonymous_29)
FN:880,(anonymous_30)
FN:884,(anonymous_31)
FN:886,(anonymous_32)
FN:892,(anonymous_33)
FN:894,(anonymous_34)
FN:905,(anonymous_35)
FN:931,(anonymous_36)
FN:943,(anonymous_37)
FN:955,(anonymous_38)
FN:969,(anonymous_39)
FN:982,(anonymous_40)
FN:999,(anonymous_41)
FN:1015,(anonymous_42)
FN:1022,(anonymous_43)
FN:1030,(anonymous_44)
FN:1037,(anonymous_45)
FN:1044,(anonymous_46)
FNF:47
FNH:2
FNDA:19,(anonymous_0)
FNDA:19,(anonymous_1)
FNDA:0,(anonymous_2)
FNDA:0,(anonymous_3)
FNDA:0,(anonymous_4)
FNDA:0,(anonymous_5)
FNDA:0,(anonymous_6)
FNDA:0,(anonymous_7)
FNDA:0,(anonymous_8)
FNDA:0,(anonymous_9)
FNDA:0,(anonymous_10)
FNDA:0,(anonymous_11)
FNDA:0,(anonymous_12)
FNDA:0,(anonymous_13)
FNDA:0,(anonymous_14)
FNDA:0,(anonymous_15)
FNDA:0,(anonymous_16)
FNDA:0,(anonymous_17)
FNDA:0,(anonymous_18)
FNDA:0,(anonymous_19)
FNDA:0,(anonymous_20)
FNDA:0,(anonymous_21)
FNDA:0,(anonymous_22)
FNDA:0,(anonymous_23)
FNDA:0,(anonymous_24)
FNDA:0,(anonymous_25)
FNDA:0,(anonymous_26)
FNDA:0,(anonymous_27)
FNDA:0,(anonymous_28)
FNDA:0,(anonymous_29)
FNDA:0,(anonymous_30)
FNDA:0,(anonymous_31)
FNDA:0,(anonymous_32)
FNDA:0,(anonymous_33)
FNDA:0,(anonymous_34)
FNDA:0,(anonymous_35)
FNDA:0,(anonymous_36)
FNDA:0,(anonymous_37)
FNDA:0,(anonymous_38)
FNDA:0,(anonymous_39)
FNDA:0,(anonymous_40)
FNDA:0,(anonymous_41)
FNDA:0,(anonymous_42)
FNDA:0,(anonymous_43)
FNDA:0,(anonymous_44)
FNDA:0,(anonymous_45)
FNDA:0,(anonymous_46)
DA:12,2
DA:13,2
DA:14,2
DA:15,2
DA:16,2
DA:19,2
DA:20,2
DA:21,2
DA:25,19
DA:26,19
DA:27,19
DA:28,19
DA:29,19
DA:32,19
DA:33,19
DA:35,19
DA:36,19
DA:37,19
DA:47,19
DA:50,19
DA:52,19
DA:62,19
DA:63,19
DA:68,19
DA:69,19
DA:71,16
DA:73,0
DA:74,0
DA:82,0
DA:84,0
DA:96,0
DA:101,0
DA:108,0
DA:109,0
DA:110,0
DA:112,0
DA:117,0
DA:118,0
DA:119,0
DA:122,0
DA:123,0
DA:133,0
DA:134,0
DA:135,0
DA:137,0
DA:144,0
DA:149,0
DA:150,0
DA:153,0
DA:154,0
DA:159,0
DA:160,0
DA:167,0
DA:169,0
DA:170,0
DA:178,0
DA:179,0
DA:180,0
DA:186,0
DA:187,0
DA:190,0
DA:191,0
DA:193,0
DA:210,0
DA:212,0
DA:214,0
DA:217,0
DA:218,0
DA:219,0
DA:220,0
DA:221,0
DA:223,0
DA:230,0
DA:231,0
DA:234,0
DA:238,0
DA:246,0
DA:248,0
DA:256,0
DA:265,0
DA:266,0
DA:269,0
DA:272,0
DA:274,0
DA:275,0
DA:284,0
DA:285,0
DA:287,0
DA:294,0
DA:299,0
DA:309,0
DA:310,0
DA:312,0
DA:318,0
DA:322,0
DA:330,0
DA:333,0
DA:334,0
DA:335,0
DA:338,0
DA:339,0
DA:342,0
DA:344,0
DA:351,0
DA:352,0
DA:355,0
DA:358,0
DA:359,0
DA:362,0
DA:363,0
DA:365,0
DA:372,0
DA:373,0
DA:374,0
DA:376,0
DA:389,0
DA:392,0
DA:393,0
DA:394,0
DA:395,0
DA:396,0
DA:397,0
DA:401,0
DA:402,0
DA:406,0
DA:407,0
DA:410,0
DA:418,0
DA:420,0
DA:421,0
DA:424,0
DA:430,0
DA:431,0
DA:440,0
DA:442,0
DA:444,0
DA:445,0
DA:446,0
DA:449,0
DA:460,0
DA:461,0
DA:470,0
DA:471,0
DA:474,0
DA:475,0
DA:479,0
DA:481,0
DA:487,0
DA:489,0
DA:497,0
DA:498,0
DA:499,0
DA:503,0
DA:514,0
DA:515,0
DA:519,0
DA:520,0
DA:521,0
DA:522,0
DA:523,0
DA:524,0
DA:526,0
DA:532,0
DA:533,0
DA:534,0
DA:536,0
DA:537,0
DA:538,0
DA:539,0
DA:541,0
DA:545,0
DA:546,0
DA:548,0
DA:552,0
DA:553,0
DA:554,0
DA:555,0
DA:556,0
DA:558,0
DA:563,0
DA:564,0
DA:565,0
DA:567,0
DA:581,0
DA:582,0
DA:590,0
DA:593,0
DA:594,0
DA:602,0
DA:603,0
DA:611,0
DA:612,0
DA:620,0
DA:621,0
DA:622,0
DA:624,0
DA:625,0
DA:635,0
DA:637,0
DA:644,0
DA:651,0
DA:652,0
DA:657,0
DA:660,0
DA:661,0
DA:665,0
DA:666,0
DA:668,0
DA:672,0
DA:676,0
DA:680,0
DA:681,0
DA:685,0
DA:686,0
DA:689,0
DA:692,0
DA:700,0
DA:716,0
DA:717,0
DA:723,0
DA:724,0
DA:727,0
DA:729,0
DA:730,0
DA:731,0
DA:734,0
DA:737,0
DA:738,0
DA:739,0
DA:742,0
DA:745,0
DA:775,0
DA:779,0
DA:780,0
DA:781,0
DA:782,0
DA:785,0
DA:787,0
DA:791,0
DA:794,0
DA:799,0
DA:806,0
DA:807,0
DA:815,0
DA:818,0
DA:819,0
DA:822,0
DA:825,0
DA:826,0
DA:829,0
DA:832,0
DA:834,0
DA:841,0
DA:868,0
DA:872,0
DA:876,0
DA:877,0
DA:881,0
DA:885,0
DA:886,0
DA:887,0
DA:889,0
DA:893,0
DA:894,0
DA:895,0
DA:896,0
DA:897,0
DA:899,0
DA:906,0
DA:907,0
DA:908,0
DA:910,0
DA:918,0
DA:919,0
DA:920,0
DA:922,0
DA:932,0
DA:933,0
DA:934,0
DA:944,0
DA:945,0
DA:946,0
DA:956,0
DA:957,0
DA:958,0
DA:959,0
DA:961,0
DA:962,0
DA:970,0
DA:971,0
DA:972,0
DA:974,0
DA:975,0
DA:983,0
DA:984,0
DA:991,0
DA:992,0
DA:1000,0
DA:1016,0
DA:1023,0
DA:1024,0
DA:1031,0
DA:1038,0
DA:1045,0
DA:1062,2
LF:305
LH:27
BRDA:37,0,0,19
BRDA:37,0,1,19
BRDA:64,1,0,19
BRDA:64,1,1,19
BRDA:65,2,0,19
BRDA:65,2,1,19
BRDA:122,3,0,0
BRDA:122,3,1,0
BRDA:122,4,0,0
BRDA:122,4,1,0
BRDA:125,5,0,0
BRDA:125,5,1,0
BRDA:129,6,0,0
BRDA:129,6,1,0
BRDA:149,7,0,0
BRDA:149,7,1,0
BRDA:149,8,0,0
BRDA:149,8,1,0
BRDA:153,9,0,0
BRDA:153,9,1,0
BRDA:178,10,0,0
BRDA:178,10,1,0
BRDA:179,11,0,0
BRDA:179,11,1,0
BRDA:186,12,0,0
BRDA:186,12,1,0
BRDA:186,13,0,0
BRDA:186,13,1,0
BRDA:190,14,0,0
BRDA:190,14,1,0
BRDA:190,14,2,0
BRDA:196,15,0,0
BRDA:196,15,1,0
BRDA:201,16,0,0
BRDA:201,16,1,0
BRDA:201,17,0,0
BRDA:201,17,1,0
BRDA:230,18,0,0
BRDA:230,18,1,0
BRDA:230,19,0,0
BRDA:230,19,1,0
BRDA:272,20,0,0
BRDA:272,20,1,0
BRDA:272,21,0,0
BRDA:272,21,1,0
BRDA:274,22,0,0
BRDA:274,22,1,0
BRDA:333,23,0,0
BRDA:333,23,1,0
BRDA:333,24,0,0
BRDA:333,24,1,0
BRDA:334,25,0,0
BRDA:334,25,1,0
BRDA:334,26,0,0
BRDA:334,26,1,0
BRDA:335,27,0,0
BRDA:335,27,1,0
BRDA:338,28,0,0
BRDA:338,28,1,0
BRDA:338,29,0,0
BRDA:338,29,1,0
BRDA:339,30,0,0
BRDA:339,30,1,0
BRDA:339,31,0,0
BRDA:339,31,1,0
BRDA:342,32,0,0
BRDA:342,32,1,0
BRDA:358,33,0,0
BRDA:358,33,1,0
BRDA:359,34,0,0
BRDA:359,34,1,0
BRDA:362,35,0,0
BRDA:362,35,1,0
BRDA:363,36,0,0
BRDA:363,36,1,0
BRDA:377,37,0,0
BRDA:377,37,1,0
BRDA:392,38,0,0
BRDA:392,38,1,0
BRDA:401,39,0,0
BRDA:401,39,1,0
BRDA:406,40,0,0
BRDA:406,40,1,0
BRDA:406,41,0,0
BRDA:406,41,1,0
BRDA:418,42,0,0
BRDA:418,42,1,0
BRDA:424,43,0,0
BRDA:424,43,1,0
BRDA:425,44,0,0
BRDA:425,44,1,0
BRDA:425,44,2,0
BRDA:444,45,0,0
BRDA:444,45,1,0
BRDA:460,46,0,0
BRDA:460,46,1,0
BRDA:460,47,0,0
BRDA:460,47,1,0
BRDA:498,48,0,0
BRDA:498,48,1,0
BRDA:498,49,0,0
BRDA:498,49,1,0
BRDA:514,50,0,0
BRDA:514,50,1,0
BRDA:514,51,0,0
BRDA:514,51,1,0
BRDA:533,52,0,0
BRDA:533,52,1,0
BRDA:536,53,0,0
BRDA:536,53,1,0
BRDA:538,54,0,0
BRDA:538,54,1,0
BRDA:545,55,0,0
BRDA:545,55,1,0
BRDA:552,56,0,0
BRDA:552,56,1,0
BRDA:553,57,0,0
BRDA:553,57,1,0
BRDA:555,58,0,0
BRDA:555,58,1,0
BRDA:558,59,0,0
BRDA:558,59,1,0
BRDA:564,60,0,0
BRDA:564,60,1,0
BRDA:565,61,0,0
BRDA:565,61,1,0
BRDA:565,62,0,0
BRDA:565,62,1,0
BRDA:593,63,0,0
BRDA:593,63,1,0
BRDA:602,64,0,0
BRDA:602,64,1,0
BRDA:602,65,0,0
BRDA:602,65,1,0
BRDA:611,66,0,0
BRDA:611,66,1,0
BRDA:621,67,0,0
BRDA:621,67,1,0
BRDA:624,68,0,0
BRDA:624,68,1,0
BRDA:635,69,0,0
BRDA:635,69,1,0
BRDA:635,70,0,0
BRDA:635,70,1,0
BRDA:657,71,0,0
BRDA:657,71,1,0
BRDA:657,71,2,0
BRDA:657,71,3,0
BRDA:657,71,4,0
BRDA:657,71,5,0
BRDA:665,72,0,0
BRDA:665,72,1,0
BRDA:715,73,0,0
BRDA:731,74,0,0
BRDA:731,74,1,0
BRDA:731,75,0,0
BRDA:731,75,1,0
BRDA:734,76,0,0
BRDA:734,76,1,0
BRDA:742,77,0,0
BRDA:742,77,1,0
BRDA:760,78,0,0
BRDA:760,78,1,0
BRDA:765,79,0,0
BRDA:765,79,1,0
BRDA:769,80,0,0
BRDA:769,80,1,0
BRDA:785,81,0,0
BRDA:785,81,1,0
BRDA:818,82,0,0
BRDA:818,82,1,0
BRDA:819,83,0,0
BRDA:819,83,1,0
BRDA:822,84,0,0
BRDA:822,84,1,0
BRDA:825,85,0,0
BRDA:825,85,1,0
BRDA:826,86,0,0
BRDA:826,86,1,0
BRDA:829,87,0,0
BRDA:829,87,1,0
BRDA:832,88,0,0
BRDA:832,88,1,0
BRDA:845,89,0,0
BRDA:845,89,1,0
BRDA:848,90,0,0
BRDA:848,90,1,0
BRDA:849,91,0,0
BRDA:849,91,1,0
BRDA:853,92,0,0
BRDA:853,92,1,0
BRDA:854,93,0,0
BRDA:854,93,1,0
BRDA:855,94,0,0
BRDA:855,94,1,0
BRDA:856,95,0,0
BRDA:856,95,1,0
BRDA:857,96,0,0
BRDA:857,96,1,0
BRDA:858,97,0,0
BRDA:858,97,1,0
BRDA:859,98,0,0
BRDA:859,98,1,0
BRDA:862,99,0,0
BRDA:862,99,1,0
BRDA:876,100,0,0
BRDA:876,100,1,0
BRDA:887,101,0,0
BRDA:887,101,1,0
BRDA:895,102,0,0
BRDA:895,102,1,0
BRDA:896,103,0,0
BRDA:896,103,1,0
BRDA:906,104,0,0
BRDA:906,104,1,0
BRDA:918,105,0,0
BRDA:918,105,1,0
BRDA:932,106,0,0
BRDA:932,106,1,0
BRDA:944,107,0,0
BRDA:944,107,1,0
BRF:221
BRH:6
end_of_record
TN:
SF:services/MarketDataService.js
FN:25,(anonymous_0)
FN:43,(anonymous_1)
FN:63,(anonymous_2)
FN:107,(anonymous_3)
FN:158,(anonymous_4)
FN:200,(anonymous_5)
FN:241,(anonymous_6)
FN:282,(anonymous_7)
FN:325,(anonymous_8)
FN:327,(anonymous_9)
FN:336,(anonymous_10)
FN:337,(anonymous_11)
FN:352,(anonymous_12)
FN:353,(anonymous_13)
FN:372,(anonymous_14)
FN:396,(anonymous_15)
FN:412,(anonymous_16)
FN:413,(anonymous_17)
FN:428,(anonymous_18)
FN:429,(anonymous_19)
FN:441,(anonymous_20)
FN:442,(anonymous_21)
FN:446,(anonymous_22)
FN:452,(anonymous_23)
FN:470,(anonymous_24)
FN:480,(anonymous_25)
FN:495,(anonymous_26)
FN:514,(anonymous_27)
FN:548,(anonymous_28)
FN:566,(anonymous_29)
FN:629,(anonymous_30)
FN:638,(anonymous_31)
FN:665,(anonymous_32)
FN:705,(anonymous_33)
FN:732,(anonymous_34)
FN:742,(anonymous_35)
FN:753,(anonymous_36)
FN:788,(anonymous_37)
FN:876,(anonymous_38)
FNF:39
FNH:4
FNDA:39,(anonymous_0)
FNDA:39,(anonymous_1)
FNDA:0,(anonymous_2)
FNDA:0,(anonymous_3)
FNDA:0,(anonymous_4)
FNDA:0,(anonymous_5)
FNDA:0,(anonymous_6)
FNDA:0,(anonymous_7)
FNDA:0,(anonymous_8)
FNDA:0,(anonymous_9)
FNDA:0,(anonymous_10)
FNDA:0,(anonymous_11)
FNDA:0,(anonymous_12)
FNDA:0,(anonymous_13)
FNDA:0,(anonymous_14)
FNDA:0,(anonymous_15)
FNDA:0,(anonymous_16)
FNDA:0,(anonymous_17)
FNDA:0,(anonymous_18)
FNDA:0,(anonymous_19)
FNDA:0,(anonymous_20)
FNDA:0,(anonymous_21)
FNDA:0,(anonymous_22)
FNDA:0,(anonymous_23)
FNDA:0,(anonymous_24)
FNDA:0,(anonymous_25)
FNDA:0,(anonymous_26)
FNDA:0,(anonymous_27)
FNDA:0,(anonymous_28)
FNDA:0,(anonymous_29)
FNDA:0,(anonymous_30)
FNDA:0,(anonymous_31)
FNDA:0,(anonymous_32)
FNDA:0,(anonymous_33)
FNDA:0,(anonymous_34)
FNDA:0,(anonymous_35)
FNDA:0,(anonymous_36)
FNDA:77,(anonymous_37)
FNDA:23,(anonymous_38)
DA:12,2
DA:13,2
DA:14,2
DA:15,2
DA:16,2
DA:17,2
DA:18,2
DA:21,2
DA:22,2
DA:26,39
DA:27,39
DA:28,39
DA:29,39
DA:30,39
DA:33,39
DA:34,39
DA:37,39
DA:44,39
DA:45,39
DA:50,39
DA:51,39
DA:53,35
DA:55,0
DA:56,0
DA:64,0
DA:65,0
DA:67,0
DA:68,0
DA:70,0
DA:71,0
DA:72,0
DA:76,0
DA:77,0
DA:80,0
DA:81,0
DA:85,0
DA:88,0
DA:90,0
DA:92,0
DA:97,0
DA:99,0
DA:100,0
DA:108,0
DA:109,0
DA:114,0
DA:117,0
DA:119,0
DA:120,0
DA:123,0
DA:125,0
DA:127,0
DA:133,0
DA:139,0
DA:140,0
DA:147,0
DA:151,0
DA:159,0
DA:160,0
DA:162,0
DA:163,0
DA:165,0
DA:166,0
DA:167,0
DA:170,0
DA:173,0
DA:175,0
DA:177,0
DA:181,0
DA:183,0
DA:185,0
DA:190,0
DA:192,0
DA:193,0
DA:201,0
DA:202,0
DA:204,0
DA:205,0
DA:207,0
DA:208,0
DA:209,0
DA:213,0
DA:214,0
DA:217,0
DA:218,0
DA:222,0
DA:224,0
DA:226,0
DA:231,0
DA:233,0
DA:234,0
DA:242,0
DA:243,0
DA:245,0
DA:246,0
DA:248,0
DA:249,0
DA:250,0
DA:254,0
DA:255,0
DA:258,0
DA:259,0
DA:263,0
DA:265,0
DA:267,0
DA:272,0
DA:274,0
DA:275,0
DA:283,0
DA:284,0
DA:286,0
DA:287,0
DA:289,0
DA:290,0
DA:291,0
DA:295,0
DA:296,0
DA:299,0
DA:300,0
DA:304,0
DA:306,0
DA:308,0
DA:313,0
DA:315,0
DA:316,0
DA:326,0
DA:327,0
DA:328,0
DA:330,0
DA:337,0
DA:353,0
DA:373,0
DA:389,0
DA:390,0
DA:397,0
DA:413,0
DA:429,0
DA:442,0
DA:446,0
DA:453,0
DA:454,0
DA:455,0
DA:457,0
DA:460,0
DA:463,0
DA:466,0
DA:469,0
DA:470,0
DA:471,0
DA:474,0
DA:481,0
DA:482,0
DA:484,0
DA:485,0
DA:486,0
DA:487,0
DA:496,0
DA:504,0
DA:515,0
DA:542,0
DA:549,0
DA:556,0
DA:567,0
DA:568,0
DA:570,0
DA:571,0
DA:573,0
DA:574,0
DA:577,0
DA:591,0
DA:596,0
DA:597,0
DA:598,0
DA:614,0
DA:619,0
DA:621,0
DA:622,0
DA:630,0
DA:631,0
DA:633,0
DA:638,0
DA:649,0
DA:655,0
DA:657,0
DA:658,0
DA:666,0
DA:667,0
DA:669,0
DA:670,0
DA:672,0
DA:673,0
DA:676,0
DA:678,0
DA:679,0
DA:680,0
DA:681,0
DA:686,0
DA:687,0
DA:689,0
DA:690,0
DA:691,0
DA:692,0
DA:704,0
DA:706,0
DA:708,0
DA:710,0
DA:712,0
DA:717,0
DA:722,0
DA:724,0
DA:725,0
DA:733,0
DA:734,0
DA:736,0
DA:742,0
DA:743,0
DA:746,0
DA:747,0
DA:748,0
DA:749,0
DA:753,0
DA:754,0
DA:755,0
DA:765,0
DA:771,0
DA:773,0
DA:774,0
DA:789,77
DA:790,77
DA:798,77
DA:799,4
DA:803,73
DA:804,2
DA:808,71
DA:809,71
DA:810,2
DA:814,69
DA:815,2
DA:819,67
DA:827,67
DA:834,67
DA:840,66
DA:851,66
DA:854,11
DA:859,11
DA:877,23
DA:878,23
DA:886,23
DA:887,4
DA:891,19
DA:894,19
DA:895,4
DA:899,19
DA:900,9
DA:901,9
DA:902,7
DA:904,9
DA:905,7
DA:910,19
DA:915,18
DA:923,18
DA:926,5
DA:932,5
DA:937,2
LF:263
LH:59
BRDA:46,0,0,39
BRDA:46,0,1,39
BRDA:47,1,0,39
BRDA:47,1,1,39
BRDA:63,2,0,0
BRDA:70,3,0,0
BRDA:70,3,1,0
BRDA:76,4,0,0
BRDA:76,4,1,0
BRDA:94,5,0,0
BRDA:94,5,1,0
BRDA:119,6,0,0
BRDA:119,6,1,0
BRDA:158,7,0,0
BRDA:165,8,0,0
BRDA:165,8,1,0
BRDA:173,9,0,0
BRDA:173,9,1,0
BRDA:207,10,0,0
BRDA:207,10,1,0
BRDA:213,11,0,0
BRDA:213,11,1,0
BRDA:248,12,0,0
BRDA:248,12,1,0
BRDA:254,13,0,0
BRDA:254,13,1,0
BRDA:289,14,0,0
BRDA:289,14,1,0
BRDA:295,15,0,0
BRDA:295,15,1,0
BRDA:357,16,0,0
BRDA:357,16,1,0
BRDA:390,17,0,0
BRDA:390,17,1,0
BRDA:401,18,0,0
BRDA:401,18,1,0
BRDA:402,19,0,0
BRDA:402,19,1,0
BRDA:403,20,0,0
BRDA:403,20,1,0
BRDA:403,21,0,0
BRDA:403,21,1,0
BRDA:453,22,0,0
BRDA:453,22,1,0
BRDA:453,22,2,0
BRDA:460,23,0,0
BRDA:460,23,1,0
BRDA:463,24,0,0
BRDA:463,24,1,0
BRDA:466,25,0,0
BRDA:466,25,1,0
BRDA:471,26,0,0
BRDA:471,26,1,0
BRDA:481,27,0,0
BRDA:481,27,1,0
BRDA:481,27,2,0
BRDA:484,28,0,0
BRDA:484,28,1,0
BRDA:485,29,0,0
BRDA:485,29,1,0
BRDA:486,30,0,0
BRDA:486,30,1,0
BRDA:499,31,0,0
BRDA:499,31,1,0
BRDA:500,32,0,0
BRDA:500,32,1,0
BRDA:507,33,0,0
BRDA:507,33,1,0
BRDA:519,34,0,0
BRDA:519,34,1,0
BRDA:534,35,0,0
BRDA:534,35,1,0
BRDA:538,36,0,0
BRDA:538,36,1,0
BRDA:559,37,0,0
BRDA:559,37,1,0
BRDA:574,38,0,0
BRDA:574,38,1,0
BRDA:577,39,0,0
BRDA:577,39,1,0
BRDA:592,40,0,0
BRDA:592,40,1,0
BRDA:597,41,0,0
BRDA:597,41,1,0
BRDA:597,42,0,0
BRDA:597,42,1,0
BRDA:635,43,0,0
BRDA:635,43,1,0
BRDA:638,44,0,0
BRDA:638,44,1,0
BRDA:645,45,0,0
BRDA:645,45,1,0
BRDA:673,46,0,0
BRDA:673,46,1,0
BRDA:680,47,0,0
BRDA:680,47,1,0
BRDA:680,48,0,0
BRDA:680,48,1,0
BRDA:686,49,0,0
BRDA:686,49,1,0
BRDA:691,50,0,0
BRDA:691,50,1,0
BRDA:691,51,0,0
BRDA:691,51,1,0
BRDA:691,51,2,0
BRDA:706,52,0,0
BRDA:706,52,1,0
BRDA:706,52,2,0
BRDA:715,53,0,0
BRDA:715,53,1,0
BRDA:738,54,0,0
BRDA:738,54,1,0
BRDA:748,55,0,0
BRDA:748,55,1,0
BRDA:758,56,0,0
BRDA:758,56,1,0
BRDA:798,57,0,4
BRDA:798,57,1,73
BRDA:798,58,0,77
BRDA:798,58,1,75
BRDA:798,58,2,74
BRDA:803,59,0,2
BRDA:803,59,1,71
BRDA:803,60,0,73
BRDA:803,60,1,73
BRDA:803,60,2,73
BRDA:809,61,0,2
BRDA:809,61,1,69
BRDA:814,62,0,2
BRDA:814,62,1,67
BRDA:814,63,0,69
BRDA:814,63,1,4
BRDA:814,63,2,4
BRDA:814,63,3,4
BRDA:886,64,0,4
BRDA:886,64,1,19
BRDA:886,65,0,23
BRDA:886,65,1,20
BRDA:894,66,0,4
BRDA:894,66,1,15
BRDA:899,67,0,9
BRDA:899,67,1,10
BRDA:899,68,0,19
BRDA:899,68,1,12
BRDA:901,69,0,7
BRDA:901,69,1,2
BRDA:904,70,0,7
BRDA:904,70,1,2
BRF:148
BRH:36
end_of_record
TN:
SF:services/NeuralTradingAgentService.js
FN:15,(anonymous_0)
FN:49,(anonymous_1)
FN:65,(anonymous_2)
FN:86,(anonymous_3)
FN:131,(anonymous_4)
FN:148,(anonymous_5)
FN:174,(anonymous_6)
FN:191,(anonymous_7)
FN:208,(anonymous_8)
FN:230,(anonymous_9)
FN:248,(anonymous_10)
FN:303,(anonymous_11)
FN:318,(anonymous_12)
FN:330,(anonymous_13)
FN:345,(anonymous_14)
FN:355,(anonymous_15)
FN:356,(anonymous_16)
FN:363,(anonymous_17)
FN:418,(anonymous_18)
FN:434,(anonymous_19)
FN:461,(anonymous_20)
FN:466,(anonymous_21)
FN:485,(anonymous_22)
FN:496,(anonymous_23)
FN:510,(anonymous_24)
FN:523,(anonymous_25)
FN:533,(anonymous_26)
FN:534,(anonymous_27)
FNF:28
FNH:5
FNDA:19,(anonymous_0)
FNDA:19,(anonymous_1)
FNDA:38,(anonymous_2)
FNDA:0,(anonymous_3)
FNDA:0,(anonymous_4)
FNDA:0,(anonymous_5)
FNDA:0,(anonymous_6)
FNDA:0,(anonymous_7)
FNDA:0,(anonymous_8)
FNDA:0,(anonymous_9)
FNDA:0,(anonymous_10)
FNDA:0,(anonymous_11)
FNDA:0,(anonymous_12)
FNDA:0,(anonymous_13)
FNDA:0,(anonymous_14)
FNDA:19,(anonymous_15)
FNDA:57,(anonymous_16)
FNDA:0,(anonymous_17)
FNDA:0,(anonymous_18)
FNDA:0,(anonymous_19)
FNDA:0,(anonymous_20)
FNDA:0,(anonymous_21)
FNDA:0,(anonymous_22)
FNDA:0,(anonymous_23)
FNDA:0,(anonymous_24)
FNDA:0,(anonymous_25)
FNDA:0,(anonymous_26)
FNDA:0,(anonymous_27)
DA:12,2
DA:16,19
DA:17,19
DA:31,19
DA:32,19
DA:33,19
DA:34,19
DA:35,19
DA:36,19
DA:38,19
DA:40,19
DA:50,19
DA:51,19
DA:52,19
DA:53,19
DA:55,19
DA:57,0
DA:58,0
DA:66,38
DA:67,38
DA:69,38
DA:70,114
DA:71,114
DA:73,114
DA:75,100928
DA:77,114
DA:80,38
DA:87,0
DA:88,0
DA:89,0
DA:94,0
DA:96,0
DA:97,0
DA:100,0
DA:101,0
DA:104,0
DA:105,0
DA:107,0
DA:115,0
DA:123,0
DA:124,0
DA:133,0
DA:149,0
DA:151,0
DA:152,0
DA:153,0
DA:154,0
DA:155,0
DA:157,0
DA:158,0
DA:159,0
DA:160,0
DA:163,0
DA:165,0
DA:168,0
DA:175,0
DA:176,0
DA:178,0
DA:192,0
DA:193,0
DA:195,0
DA:209,0
DA:212,0
DA:215,0
DA:218,0
DA:221,0
DA:222,0
DA:224,0
DA:231,0
DA:234,0
DA:235,0
DA:238,0
DA:249,0
DA:250,0
DA:253,0
DA:254,0
DA:255,0
DA:257,0
DA:258,0
DA:259,0
DA:262,0
DA:265,0
DA:266,0
DA:268,0
DA:269,0
DA:272,0
DA:276,0
DA:279,0
DA:280,0
DA:283,0
DA:284,0
DA:286,0
DA:293,0
DA:295,0
DA:296,0
DA:304,0
DA:305,0
DA:307,0
DA:308,0
DA:309,0
DA:312,0
DA:319,0
DA:320,0
DA:321,0
DA:322,0
DA:323,0
DA:331,0
DA:332,0
DA:335,0
DA:336,0
DA:337,0
DA:346,0
DA:356,57
DA:357,19
DA:364,0
DA:365,0
DA:366,0
DA:367,0
DA:369,0
DA:371,0
DA:374,0
DA:375,0
DA:378,0
DA:379,0
DA:382,0
DA:383,0
DA:387,0
DA:389,0
DA:392,0
DA:396,0
DA:398,0
DA:406,0
DA:419,0
DA:435,0
DA:436,0
DA:445,0
DA:451,0
DA:453,0
DA:454,0
DA:462,0
DA:463,0
DA:464,0
DA:465,0
DA:466,0
DA:467,0
DA:468,0
DA:469,0
DA:471,0
DA:477,0
DA:478,0
DA:486,0
DA:497,0
DA:498,0
DA:500,0
DA:501,0
DA:504,0
DA:511,0
DA:512,0
DA:513,0
DA:514,0
DA:515,0
DA:517,0
DA:524,0
DA:525,0
DA:533,0
DA:534,0
DA:535,0
DA:536,0
DA:538,0
DA:547,2
LF:170
LH:28
BRDA:17,0,0,19
BRDA:17,0,1,19
BRDA:94,1,0,0
BRDA:94,1,1,0
BRDA:140,2,0,0
BRDA:140,2,1,0
BRDA:140,3,0,0
BRDA:140,3,1,0
BRDA:163,4,0,0
BRDA:163,4,1,0
BRDA:196,5,0,0
BRDA:196,5,1,0
BRDA:221,6,0,0
BRDA:221,6,1,0
BRDA:221,7,0,0
BRDA:221,7,1,0
BRDA:222,8,0,0
BRDA:222,8,1,0
BRDA:222,9,0,0
BRDA:222,9,1,0
BRDA:234,10,0,0
BRDA:234,10,1,0
BRDA:249,11,0,0
BRDA:249,11,1,0
BRDA:263,12,0,0
BRDA:263,12,1,0
BRDA:279,13,0,0
BRDA:279,13,1,0
BRDA:319,14,0,0
BRDA:319,14,1,0
BRDA:319,14,2,0
BRDA:319,14,3,0
BRDA:369,15,0,0
BRDA:369,15,1,0
BRDA:369,16,0,0
BRDA:369,16,1,0
BRDA:382,17,0,0
BRDA:382,17,1,0
BRDA:382,18,0,0
BRDA:382,18,1,0
BRDA:387,19,0,0
BRDA:387,19,1,0
BRDA:389,20,0,0
BRDA:389,20,1,0
BRDA:469,21,0,0
BRDA:469,21,1,0
BRDA:524,22,0,0
BRDA:524,22,1,0
BRF:48
BRH:2
end_of_record
TN:
SF:services/OSRSWikiService.js
FN:17,(anonymous_0)
FN:81,(anonymous_1)
FN:107,(anonymous_2)
FN:123,(anonymous_3)
FN:135,(anonymous_4)
FN:157,(anonymous_5)
FN:234,(anonymous_6)
FN:310,(anonymous_7)
FN:386,(anonymous_8)
FN:443,(anonymous_9)
FN:530,(anonymous_10)
FN:564,(anonymous_11)
FN:577,(anonymous_12)
FN:584,(anonymous_13)
FN:598,(anonymous_14)
FN:636,(anonymous_15)
FN:683,(anonymous_16)
FN:692,(anonymous_17)
FN:740,(anonymous_18)
FN:744,(anonymous_19)
FN:791,(anonymous_20)
FN:803,(anonymous_21)
FN:804,(anonymous_22)
FN:816,(anonymous_23)
FN:852,(anonymous_24)
FN:862,(anonymous_25)
FN:872,(anonymous_26)
FN:882,(anonymous_27)
FN:887,(anonymous_28)
FN:906,(anonymous_29)
FN:918,(anonymous_30)
FN:941,(anonymous_31)
FN:956,(anonymous_32)
FN:962,(anonymous_33)
FN:970,(anonymous_34)
FN:1026,(anonymous_35)
FN:1055,(anonymous_36)
FNF:37
FNH:1
FNDA:19,(anonymous_0)
FNDA:0,(anonymous_1)
FNDA:0,(anonymous_2)
FNDA:0,(anonymous_3)
FNDA:0,(anonymous_4)
FNDA:0,(anonymous_5)
FNDA:0,(anonymous_6)
FNDA:0,(anonymous_7)
FNDA:0,(anonymous_8)
FNDA:0,(anonymous_9)
FNDA:0,(anonymous_10)
FNDA:0,(anonymous_11)
FNDA:0,(anonymous_12)
FNDA:0,(anonymous_13)
FNDA:0,(anonymous_14)
FNDA:0,(anonymous_15)
FNDA:0,(anonymous_16)
FNDA:0,(anonymous_17)
FNDA:0,(anonymous_18)
FNDA:0,(anonymous_19)
FNDA:0,(anonymous_20)
FNDA:0,(anonymous_21)
FNDA:0,(anonymous_22)
FNDA:0,(anonymous_23)
FNDA:0,(anonymous_24)
FNDA:0,(anonymous_25)
FNDA:0,(anonymous_26)
FNDA:0,(anonymous_27)
FNDA:0,(anonymous_28)
FNDA:0,(anonymous_29)
FNDA:0,(anonymous_30)
FNDA:0,(anonymous_31)
FNDA:0,(anonymous_32)
FNDA:0,(anonymous_33)
FNDA:0,(anonymous_34)
FNDA:0,(anonymous_35)
FNDA:0,(anonymous_36)
DA:11,2
DA:12,2
DA:13,2
DA:14,2
DA:18,19
DA:19,19
DA:20,19
DA:23,19
DA:34,19
DA:44,19
DA:45,19
DA:48,19
DA:49,19
DA:50,19
DA:53,19
DA:60,19
DA:68,19
DA:82,0
DA:84,0
DA:87,0
DA:88,0
DA:89,0
DA:90,0
DA:92,0
DA:93,0
DA:97,0
DA:100,0
DA:108,0
DA:109,0
DA:111,0
DA:112,0
DA:113,0
DA:124,0
DA:125,0
DA:126,0
DA:128,0
DA:129,0
DA:136,0
DA:137,0
DA:139,0
DA:140,0
DA:141,0
DA:142,0
DA:147,0
DA:151,0
DA:158,0
DA:159,0
DA:162,0
DA:164,0
DA:165,0
DA:166,0
DA:168,0
DA:172,0
DA:177,0
DA:178,0
DA:182,0
DA:186,0
DA:187,0
DA:189,0
DA:190,0
DA:191,0
DA:195,0
DA:197,0
DA:198,0
DA:201,0
DA:204,0
DA:207,0
DA:209,0
DA:214,0
DA:216,0
DA:219,0
DA:222,0
DA:223,0
DA:224,0
DA:227,0
DA:235,0
DA:236,0
DA:239,0
DA:240,0
DA:241,0
DA:242,0
DA:244,0
DA:248,0
DA:253,0
DA:254,0
DA:258,0
DA:262,0
DA:263,0
DA:265,0
DA:266,0
DA:267,0
DA:271,0
DA:273,0
DA:274,0
DA:277,0
DA:280,0
DA:283,0
DA:285,0
DA:290,0
DA:292,0
DA:295,0
DA:298,0
DA:299,0
DA:300,0
DA:303,0
DA:311,0
DA:312,0
DA:315,0
DA:316,0
DA:317,0
DA:318,0
DA:320,0
DA:324,0
DA:329,0
DA:330,0
DA:334,0
DA:338,0
DA:339,0
DA:341,0
DA:342,0
DA:343,0
DA:347,0
DA:349,0
DA:350,0
DA:353,0
DA:356,0
DA:359,0
DA:361,0
DA:366,0
DA:368,0
DA:371,0
DA:374,0
DA:375,0
DA:376,0
DA:379,0
DA:387,0
DA:388,0
DA:391,0
DA:396,0
DA:397,0
DA:401,0
DA:402,0
DA:404,0
DA:405,0
DA:406,0
DA:410,0
DA:412,0
DA:413,0
DA:416,0
DA:419,0
DA:421,0
DA:425,0
DA:427,0
DA:430,0
DA:431,0
DA:432,0
DA:433,0
DA:436,0
DA:444,0
DA:445,0
DA:448,0
DA:449,0
DA:452,0
DA:453,0
DA:454,0
DA:458,0
DA:459,0
DA:460,0
DA:467,0
DA:468,0
DA:469,0
DA:470,0
DA:471,0
DA:474,0
DA:478,0
DA:483,0
DA:484,0
DA:488,0
DA:489,0
DA:491,0
DA:492,0
DA:493,0
DA:497,0
DA:502,0
DA:503,0
DA:506,0
DA:509,0
DA:512,0
DA:514,0
DA:520,0
DA:522,0
DA:523,0
DA:531,0
DA:532,0
DA:534,0
DA:535,0
DA:539,0
DA:542,0
DA:544,0
DA:549,0
DA:556,0
DA:557,0
DA:565,0
DA:566,0
DA:567,0
DA:570,0
DA:571,0
DA:578,0
DA:585,0
DA:586,0
DA:587,0
DA:590,0
DA:591,0
DA:592,0
DA:599,0
DA:600,0
DA:603,0
DA:604,0
DA:605,0
DA:611,0
DA:612,0
DA:613,0
DA:614,0
DA:615,0
DA:618,0
DA:622,0
DA:623,0
DA:624,0
DA:625,0
DA:626,0
DA:630,0
DA:636,0
DA:637,0
DA:638,0
DA:642,0
DA:644,0
DA:662,0
DA:665,0
DA:667,0
DA:673,0
DA:675,0
DA:676,0
DA:684,0
DA:685,0
DA:687,0
DA:688,0
DA:692,0
DA:693,0
DA:696,0
DA:697,0
DA:701,0
DA:702,0
DA:703,0
DA:705,0
DA:706,0
DA:707,0
DA:710,0
DA:711,0
DA:712,0
DA:713,0
DA:715,0
DA:716,0
DA:725,0
DA:733,0
DA:739,0
DA:740,0
DA:744,0
DA:745,0
DA:746,0
DA:748,0
DA:749,0
DA:755,0
DA:773,0
DA:774,0
DA:777,0
DA:779,0
DA:783,0
DA:785,0
DA:791,0
DA:794,0
DA:803,0
DA:804,0
DA:808,0
DA:809,0
DA:817,0
DA:818,0
DA:821,0
DA:826,0
DA:828,0
DA:836,0
DA:838,0
DA:853,0
DA:863,0
DA:873,0
DA:883,0
DA:884,0
DA:887,0
DA:907,0
DA:919,0
DA:920,0
DA:922,0
DA:923,0
DA:925,0
DA:928,0
DA:929,0
DA:930,0
DA:931,0
DA:932,0
DA:933,0
DA:934,0
DA:937,0
DA:938,0
DA:940,0
DA:941,0
DA:942,0
DA:947,0
DA:948,0
DA:956,0
DA:963,0
DA:964,0
DA:971,0
DA:972,0
DA:981,0
DA:982,0
DA:983,0
DA:985,0
DA:986,0
DA:988,0
DA:989,0
DA:990,0
DA:992,0
DA:995,0
DA:996,0
DA:997,0
DA:1000,0
DA:1001,0
DA:1002,0
DA:1006,0
DA:1007,0
DA:1010,0
DA:1027,0
DA:1028,0
DA:1030,0
DA:1031,0
DA:1032,0
DA:1033,0
DA:1035,0
DA:1045,0
DA:1056,0
DA:1058,0
DA:1059,0
DA:1060,0
DA:1061,0
DA:1064,0
DA:1065,0
DA:1066,0
DA:1067,0
DA:1068,0
DA:1071,0
DA:1072,0
DA:1077,2
LF:361
LH:18
BRDA:84,0,0,0
BRDA:84,0,1,0
BRDA:84,0,2,0
BRDA:84,0,3,0
BRDA:87,1,0,0
BRDA:87,1,1,0
BRDA:111,2,0,0
BRDA:111,2,1,0
BRDA:124,3,0,0
BRDA:124,3,1,0
BRDA:135,4,0,0
BRDA:136,5,0,0
BRDA:136,5,1,0
BRDA:139,6,0,0
BRDA:139,6,1,0
BRDA:141,7,0,0
BRDA:141,7,1,0
BRDA:162,8,0,0
BRDA:162,8,1,0
BRDA:165,9,0,0
BRDA:165,9,1,0
BRDA:177,10,0,0
BRDA:177,10,1,0
BRDA:189,11,0,0
BRDA:189,11,1,0
BRDA:197,12,0,0
BRDA:197,12,1,0
BRDA:210,13,0,0
BRDA:210,13,1,0
BRDA:223,14,0,0
BRDA:223,14,1,0
BRDA:239,15,0,0
BRDA:239,15,1,0
BRDA:241,16,0,0
BRDA:241,16,1,0
BRDA:253,17,0,0
BRDA:253,17,1,0
BRDA:265,18,0,0
BRDA:265,18,1,0
BRDA:273,19,0,0
BRDA:273,19,1,0
BRDA:286,20,0,0
BRDA:286,20,1,0
BRDA:299,21,0,0
BRDA:299,21,1,0
BRDA:315,22,0,0
BRDA:315,22,1,0
BRDA:317,23,0,0
BRDA:317,23,1,0
BRDA:329,24,0,0
BRDA:329,24,1,0
BRDA:341,25,0,0
BRDA:341,25,1,0
BRDA:349,26,0,0
BRDA:349,26,1,0
BRDA:362,27,0,0
BRDA:362,27,1,0
BRDA:375,28,0,0
BRDA:375,28,1,0
BRDA:396,29,0,0
BRDA:396,29,1,0
BRDA:404,30,0,0
BRDA:404,30,1,0
BRDA:412,31,0,0
BRDA:412,31,1,0
BRDA:431,32,0,0
BRDA:431,32,1,0
BRDA:443,33,0,0
BRDA:448,34,0,0
BRDA:448,34,1,0
BRDA:448,35,0,0
BRDA:448,35,1,0
BRDA:453,36,0,0
BRDA:453,36,1,0
BRDA:458,37,0,0
BRDA:458,37,1,0
BRDA:469,38,0,0
BRDA:469,38,1,0
BRDA:483,39,0,0
BRDA:483,39,1,0
BRDA:491,40,0,0
BRDA:491,40,1,0
BRDA:502,41,0,0
BRDA:502,41,1,0
BRDA:517,42,0,0
BRDA:517,42,1,0
BRDA:530,43,0,0
BRDA:534,44,0,0
BRDA:534,44,1,0
BRDA:534,45,0,0
BRDA:534,45,1,0
BRDA:534,45,2,0
BRDA:566,46,0,0
BRDA:566,46,1,0
BRDA:586,47,0,0
BRDA:586,47,1,0
BRDA:603,48,0,0
BRDA:603,48,1,0
BRDA:613,49,0,0
BRDA:613,49,1,0
BRDA:624,50,0,0
BRDA:624,50,1,0
BRDA:637,51,0,0
BRDA:637,51,1,0
BRDA:642,52,0,0
BRDA:642,52,1,0
BRDA:652,53,0,0
BRDA:652,53,1,0
BRDA:687,54,0,0
BRDA:687,54,1,0
BRDA:687,55,0,0
BRDA:687,55,1,0
BRDA:693,56,0,0
BRDA:693,56,1,0
BRDA:696,57,0,0
BRDA:696,57,1,0
BRDA:706,58,0,0
BRDA:706,58,1,0
BRDA:712,59,0,0
BRDA:712,59,1,0
BRDA:748,60,0,0
BRDA:748,60,1,0
BRDA:763,61,0,0
BRDA:763,61,1,0
BRDA:854,62,0,0
BRDA:854,62,1,0
BRDA:855,63,0,0
BRDA:855,63,1,0
BRDA:864,64,0,0
BRDA:864,64,1,0
BRDA:865,65,0,0
BRDA:865,65,1,0
BRDA:874,66,0,0
BRDA:874,66,1,0
BRDA:875,67,0,0
BRDA:875,67,1,0
BRDA:883,68,0,0
BRDA:883,68,1,0
BRDA:910,69,0,0
BRDA:910,69,1,0
BRDA:923,70,0,0
BRDA:923,70,1,0
BRDA:929,71,0,0
BRDA:929,71,1,0
BRDA:931,72,0,0
BRDA:931,72,1,0
BRDA:933,73,0,0
BRDA:933,73,1,0
BRDA:941,74,0,0
BRDA:941,74,1,0
BRDA:947,75,0,0
BRDA:947,75,1,0
BRDA:988,76,0,0
BRDA:988,76,1,0
BRDA:995,77,0,0
BRDA:995,77,1,0
BRDA:1000,78,0,0
BRDA:1000,78,1,0
BRDA:1006,79,0,0
BRDA:1006,79,1,0
BRDA:1026,80,0,0
BRDA:1038,81,0,0
BRDA:1038,81,1,0
BRDA:1040,82,0,0
BRDA:1040,82,1,0
BRDA:1041,83,0,0
BRDA:1041,83,1,0
BRDA:1055,84,0,0
BRDA:1056,85,0,0
BRDA:1056,85,1,0
BRDA:1066,86,0,0
BRDA:1066,86,1,0
BRF:172
BRH:0
end_of_record
TN:
SF:services/TradeOutcomeTrackerService.js
FN:15,(anonymous_0)
FN:35,(anonymous_1)
FN:67,(anonymous_2)
FN:105,(anonymous_3)
FN:141,(anonymous_4)
FN:172,(anonymous_5)
FN:203,(anonymous_6)
FN:235,(anonymous_7)
FN:241,(anonymous_8)
FN:265,(anonymous_9)
FN:268,(anonymous_10)
FN:268,(anonymous_11)
FN:269,(anonymous_12)
FN:269,(anonymous_13)
FN:271,(anonymous_14)
FN:272,(anonymous_15)
FN:279,(anonymous_16)
FN:280,(anonymous_17)
FN:281,(anonymous_18)
FN:285,(anonymous_19)
FN:287,(anonymous_20)
FN:290,(anonymous_21)
FN:342,(anonymous_22)
FN:391,(anonymous_23)
FN:392,(anonymous_24)
FN:399,(anonymous_25)
FN:422,(anonymous_26)
FN:429,(anonymous_27)
FN:436,(anonymous_28)
FN:443,(anonymous_29)
FN:460,(anonymous_30)
FN:466,(anonymous_31)
FN:475,(anonymous_32)
FN:510,(anonymous_33)
FN:529,(anonymous_34)
FN:541,(anonymous_35)
FN:545,(anonymous_36)
FNF:37
FNH:1
FNDA:19,(anonymous_0)
FNDA:0,(anonymous_1)
FNDA:0,(anonymous_2)
FNDA:0,(anonymous_3)
FNDA:0,(anonymous_4)
FNDA:0,(anonymous_5)
FNDA:0,(anonymous_6)
FNDA:0,(anonymous_7)
FNDA:0,(anonymous_8)
FNDA:0,(anonymous_9)
FNDA:0,(anonymous_10)
FNDA:0,(anonymous_11)
FNDA:0,(anonymous_12)
FNDA:0,(anonymous_13)
FNDA:0,(anonymous_14)
FNDA:0,(anonymous_15)
FNDA:0,(anonymous_16)
FNDA:0,(anonymous_17)
FNDA:0,(anonymous_18)
FNDA:0,(anonymous_19)
FNDA:0,(anonymous_20)
FNDA:0,(anonymous_21)
FNDA:0,(anonymous_22)
FNDA:0,(anonymous_23)
FNDA:0,(anonymous_24)
FNDA:0,(anonymous_25)
FNDA:0,(anonymous_26)
FNDA:0,(anonymous_27)
FNDA:0,(anonymous_28)
FNDA:0,(anonymous_29)
FNDA:0,(anonymous_30)
FNDA:0,(anonymous_31)
FNDA:0,(anonymous_32)
FNDA:0,(anonymous_33)
FNDA:0,(anonymous_34)
FNDA:0,(anonymous_35)
FNDA:0,(anonymous_36)
DA:12,2
DA:16,19
DA:17,19
DA:18,19
DA:19,19
DA:29,19
DA:36,0
DA:37,0
DA:47,0
DA:49,0
DA:57,0
DA:59,0
DA:60,0
DA:68,0
DA:69,0
DA:70,0
DA:71,0
DA:72,0
DA:75,0
DA:76,0
DA:77,0
DA:80,0
DA:81,0
DA:84,0
DA:86,0
DA:95,0
DA:97,0
DA:98,0
DA:106,0
DA:109,0
DA:111,0
DA:112,0
DA:114,0
DA:115,0
DA:117,0
DA:118,0
DA:122,0
DA:125,0
DA:128,0
DA:129,0
DA:132,0
DA:133,0
DA:135,0
DA:142,0
DA:144,0
DA:145,0
DA:147,0
DA:150,0
DA:151,0
DA:154,0
DA:155,0
DA:158,0
DA:159,0
DA:163,0
DA:164,0
DA:166,0
DA:173,0
DA:174,0
DA:175,0
DA:177,0
DA:204,0
DA:205,0
DA:207,0
DA:208,0
DA:211,0
DA:212,0
DA:213,0
DA:214,0
DA:216,0
DA:217,0
DA:218,0
DA:221,0
DA:228,0
DA:236,0
DA:237,0
DA:239,0
DA:240,0
DA:241,0
DA:244,0
DA:245,0
DA:264,0
DA:265,0
DA:266,0
DA:268,0
DA:269,0
DA:271,0
DA:272,0
DA:273,0
DA:275,0
DA:276,0
DA:277,0
DA:279,0
DA:280,0
DA:281,0
DA:282,0
DA:284,0
DA:285,0
DA:287,0
DA:288,0
DA:290,0
DA:291,0
DA:295,0
DA:296,0
DA:297,0
DA:299,0
DA:300,0
DA:301,0
DA:302,0
DA:303,0
DA:306,0
DA:324,0
DA:332,0
DA:334,0
DA:335,0
DA:343,0
DA:344,0
DA:351,0
DA:352,0
DA:355,0
DA:358,0
DA:359,0
DA:360,0
DA:361,0
DA:363,0
DA:367,0
DA:368,0
DA:369,0
DA:370,0
DA:372,0
DA:376,0
DA:377,0
DA:378,0
DA:379,0
DA:381,0
DA:386,0
DA:387,0
DA:388,0
DA:389,0
DA:390,0
DA:391,0
DA:392,0
DA:394,0
DA:399,0
DA:405,0
DA:412,0
DA:414,0
DA:415,0
DA:423,0
DA:430,0
DA:437,0
DA:444,0
DA:445,0
DA:446,0
DA:448,0
DA:462,0
DA:463,0
DA:466,0
DA:467,0
DA:469,0
DA:476,0
DA:477,0
DA:478,0
DA:479,0
DA:480,0
DA:483,0
DA:486,0
DA:496,0
DA:497,0
DA:499,0
DA:500,0
DA:502,0
DA:503,0
DA:511,0
DA:512,0
DA:513,0
DA:523,0
DA:530,0
DA:542,0
DA:543,0
DA:544,0
DA:545,0
DA:546,0
DA:550,0
DA:551,0
DA:554,0
DA:555,0
DA:558,0
DA:563,0
DA:564,0
DA:569,2
LF:190
LH:7
BRDA:70,0,0,0
BRDA:70,0,1,0
BRDA:109,1,0,0
BRDA:109,1,1,0
BRDA:109,1,2,0
BRDA:128,2,0,0
BRDA:128,2,1,0
BRDA:128,3,0,0
BRDA:128,3,1,0
BRDA:129,4,0,0
BRDA:129,4,1,0
BRDA:129,5,0,0
BRDA:129,5,1,0
BRDA:132,6,0,0
BRDA:132,6,1,0
BRDA:132,7,0,0
BRDA:132,7,1,0
BRDA:133,8,0,0
BRDA:133,8,1,0
BRDA:133,9,0,0
BRDA:133,9,1,0
BRDA:142,10,0,0
BRDA:142,10,1,0
BRDA:147,11,0,0
BRDA:147,11,1,0
BRDA:147,11,2,0
BRDA:193,12,0,0
BRDA:193,12,1,0
BRDA:194,13,0,0
BRDA:194,13,1,0
BRDA:207,14,0,0
BRDA:207,14,1,0
BRDA:211,15,0,0
BRDA:211,15,1,0
BRDA:235,16,0,0
BRDA:239,17,0,0
BRDA:239,17,1,0
BRDA:244,18,0,0
BRDA:244,18,1,0
BRDA:275,19,0,0
BRDA:275,19,1,0
BRDA:276,20,0,0
BRDA:276,20,1,0
BRDA:277,21,0,0
BRDA:277,21,1,0
BRDA:277,22,0,0
BRDA:277,22,1,0
BRDA:282,23,0,0
BRDA:282,23,1,0
BRDA:288,24,0,0
BRDA:288,24,1,0
BRDA:291,25,0,0
BRDA:291,25,1,0
BRDA:358,26,0,0
BRDA:358,26,1,0
BRDA:360,27,0,0
BRDA:360,27,1,0
BRDA:367,28,0,0
BRDA:367,28,1,0
BRDA:369,29,0,0
BRDA:369,29,1,0
BRDA:376,30,0,0
BRDA:376,30,1,0
BRDA:378,31,0,0
BRDA:378,31,1,0
BRDA:390,32,0,0
BRDA:390,32,1,0
BRDA:406,33,0,0
BRDA:406,33,1,0
BRDA:407,34,0,0
BRDA:407,34,1,0
BRDA:408,35,0,0
BRDA:408,35,1,0
BRDA:409,36,0,0
BRDA:409,36,1,0
BRDA:463,37,0,0
BRDA:463,37,1,0
BRDA:467,38,0,0
BRDA:467,38,1,0
BRDA:478,39,0,0
BRDA:478,39,1,0
BRDA:543,40,0,0
BRDA:543,40,1,0
BRDA:550,41,0,0
BRDA:550,41,1,0
BRDA:554,42,0,0
BRDA:554,42,1,0
BRF:87
BRH:0
end_of_record
TN:
SF:services/TradingAnalysisService.js
FN:15,(anonymous_0)
FN:23,(anonymous_1)
FN:74,(anonymous_2)
FN:102,(anonymous_3)
FN:105,(anonymous_4)
FN:109,(anonymous_5)
FN:127,(anonymous_6)
FN:160,(anonymous_7)
FN:173,(anonymous_8)
FN:200,(anonymous_9)
FN:240,(anonymous_10)
FN:282,(anonymous_11)
FN:282,(anonymous_12)
FN:283,(anonymous_13)
FN:283,(anonymous_14)
FN:284,(anonymous_15)
FN:284,(anonymous_16)
FN:337,(anonymous_17)
FN:410,(anonymous_18)
FN:431,(anonymous_19)
FN:446,(anonymous_20)
FN:455,(anonymous_21)
FN:456,(anonymous_22)
FN:475,(anonymous_23)
FN:503,(anonymous_24)
FN:537,(anonymous_25)
FNF:26
FNH:1
FNDA:19,(anonymous_0)
FNDA:0,(anonymous_1)
FNDA:0,(anonymous_2)
FNDA:0,(anonymous_3)
FNDA:0,(anonymous_4)
FNDA:0,(anonymous_5)
FNDA:0,(anonymous_6)
FNDA:0,(anonymous_7)
FNDA:0,(anonymous_8)
FNDA:0,(anonymous_9)
FNDA:0,(anonymous_10)
FNDA:0,(anonymous_11)
FNDA:0,(anonymous_12)
FNDA:0,(anonymous_13)
FNDA:0,(anonymous_14)
FNDA:0,(anonymous_15)
FNDA:0,(anonymous_16)
FNDA:0,(anonymous_17)
FNDA:0,(anonymous_18)
FNDA:0,(anonymous_19)
FNDA:0,(anonymous_20)
FNDA:0,(anonymous_21)
FNDA:0,(anonymous_22)
FNDA:0,(anonymous_23)
FNDA:0,(anonymous_24)
FNDA:0,(anonymous_25)
DA:12,2
DA:16,19
DA:17,19
DA:24,0
DA:25,0
DA:27,0
DA:28,0
DA:31,0
DA:32,0
DA:33,0
DA:34,0
DA:36,0
DA:40,0
DA:41,0
DA:44,0
DA:45,0
DA:46,0
DA:47,0
DA:49,0
DA:50,0
DA:53,0
DA:54,0
DA:55,0
DA:57,0
DA:64,0
DA:66,0
DA:67,0
DA:75,0
DA:76,0
DA:77,0
DA:79,0
DA:80,0
DA:82,0
DA:83,0
DA:86,0
DA:92,0
DA:94,0
DA:95,0
DA:103,0
DA:104,0
DA:105,0
DA:108,0
DA:109,0
DA:111,0
DA:117,0
DA:119,0
DA:120,0
DA:128,0
DA:129,0
DA:130,0
DA:131,0
DA:135,0
DA:136,0
DA:138,0
DA:144,0
DA:150,0
DA:152,0
DA:153,0
DA:161,0
DA:162,0
DA:164,0
DA:165,0
DA:172,0
DA:173,0
DA:174,0
DA:176,0
DA:182,0
DA:189,0
DA:191,0
DA:192,0
DA:193,0
DA:201,0
DA:202,0
DA:206,0
DA:215,0
DA:222,0
DA:224,0
DA:226,0
DA:241,0
DA:242,0
DA:248,0
DA:251,0
DA:252,0
DA:253,0
DA:254,0
DA:256,0
DA:260,0
DA:261,0
DA:262,0
DA:263,0
DA:265,0
DA:269,0
DA:270,0
DA:271,0
DA:273,0
DA:274,0
DA:275,0
DA:276,0
DA:278,0
DA:282,0
DA:283,0
DA:284,0
DA:289,0
DA:290,0
DA:291,0
DA:292,0
DA:293,0
DA:294,0
DA:296,0
DA:297,0
DA:301,0
DA:302,0
DA:304,0
DA:312,0
DA:321,0
DA:323,0
DA:324,0
DA:338,0
DA:339,0
DA:341,0
DA:342,0
DA:347,0
DA:350,0
DA:351,0
DA:353,0
DA:354,0
DA:359,0
DA:364,0
DA:365,0
DA:366,0
DA:367,0
DA:369,0
DA:373,0
DA:376,0
DA:378,0
DA:391,0
DA:400,0
DA:402,0
DA:403,0
DA:411,0
DA:412,0
DA:413,0
DA:415,0
DA:421,0
DA:423,0
DA:424,0
DA:432,0
DA:434,0
DA:440,0
DA:447,0
DA:448,0
DA:450,0
DA:451,0
DA:452,0
DA:455,0
DA:456,0
DA:457,0
DA:459,0
DA:465,0
DA:467,0
DA:468,0
DA:476,0
DA:477,0
DA:478,0
DA:479,0
DA:480,0
DA:483,0
DA:484,0
DA:485,0
DA:487,0
DA:493,0
DA:495,0
DA:496,0
DA:504,0
DA:505,0
DA:507,0
DA:508,0
DA:510,0
DA:511,0
DA:512,0
DA:513,0
DA:514,0
DA:518,0
DA:520,0
DA:527,0
DA:529,0
DA:530,0
DA:538,0
DA:539,0
DA:543,0
DA:544,0
DA:545,0
DA:546,0
DA:547,0
DA:548,0
DA:550,0
DA:560,0
DA:568,0
DA:570,0
DA:571,0
DA:576,2
LF:201
LH:4
BRDA:23,0,0,0
BRDA:25,1,0,0
BRDA:25,1,1,0
BRDA:33,2,0,0
BRDA:33,2,1,0
BRDA:46,3,0,0
BRDA:46,3,1,0
BRDA:47,4,0,0
BRDA:47,4,1,0
BRDA:53,5,0,0
BRDA:53,5,1,0
BRDA:76,6,0,0
BRDA:76,6,1,0
BRDA:77,7,0,0
BRDA:77,7,1,0
BRDA:104,8,0,0
BRDA:104,8,1,0
BRDA:160,9,0,0
BRDA:160,10,0,0
BRDA:164,11,0,0
BRDA:164,11,1,0
BRDA:251,12,0,0
BRDA:251,12,1,0
BRDA:253,13,0,0
BRDA:253,13,1,0
BRDA:260,14,0,0
BRDA:260,14,1,0
BRDA:260,15,0,0
BRDA:260,15,1,0
BRDA:262,16,0,0
BRDA:262,16,1,0
BRDA:269,17,0,0
BRDA:269,17,1,0
BRDA:270,18,0,0
BRDA:270,18,1,0
BRDA:273,19,0,0
BRDA:273,19,1,0
BRDA:275,20,0,0
BRDA:275,20,1,0
BRDA:289,21,0,0
BRDA:289,21,1,0
BRDA:289,22,0,0
BRDA:289,22,1,0
BRDA:292,23,0,0
BRDA:292,23,1,0
BRDA:337,24,0,0
BRDA:337,25,0,0
BRDA:341,26,0,0
BRDA:341,26,1,0
BRDA:341,27,0,0
BRDA:341,27,1,0
BRDA:341,27,2,0
BRDA:353,28,0,0
BRDA:353,28,1,0
BRDA:364,29,0,0
BRDA:364,29,1,0
BRDA:366,30,0,0
BRDA:366,30,1,0
BRDA:412,31,0,0
BRDA:412,31,1,0
BRDA:412,32,0,0
BRDA:412,32,1,0
BRDA:412,32,2,0
BRDA:431,33,0,0
BRDA:446,34,0,0
BRDA:448,35,0,0
BRDA:448,35,1,0
BRDA:475,36,0,0
BRDA:477,37,0,0
BRDA:477,37,1,0
BRDA:503,38,0,0
BRDA:505,39,0,0
BRDA:505,39,1,0
BRDA:511,40,0,0
BRDA:511,40,1,0
BRDA:513,41,0,0
BRDA:513,41,1,0
BRF:77
BRH:0
end_of_record
TN:
SF:services/mongoDataPersistence.js
FN:17,(anonymous_0)
FN:78,(anonymous_1)
FN:125,(anonymous_2)
FN:149,(anonymous_3)
FN:206,(anonymous_4)
FN:212,(anonymous_5)
FN:220,(anonymous_6)
FN:267,(anonymous_7)
FN:323,(anonymous_8)
FN:371,(anonymous_9)
FN:400,(anonymous_10)
FN:474,(anonymous_11)
FN:524,(anonymous_12)
FN:542,(anonymous_13)
FN:564,(anonymous_14)
FN:607,(anonymous_15)
FN:638,(anonymous_16)
FN:644,(anonymous_17)
FN:649,(anonymous_18)
FN:654,(anonymous_19)
FNF:20
FNH:5
FNDA:19,(anonymous_0)
FNDA:19,(anonymous_1)
FNDA:19,(anonymous_2)
FNDA:19,(anonymous_3)
FNDA:0,(anonymous_4)
FNDA:0,(anonymous_5)
FNDA:0,(anonymous_6)
FNDA:0,(anonymous_7)
FNDA:0,(anonymous_8)
FNDA:0,(anonymous_9)
FNDA:0,(anonymous_10)
FNDA:0,(anonymous_11)
FNDA:0,(anonymous_12)
FNDA:0,(anonymous_13)
FNDA:0,(anonymous_14)
FNDA:0,(anonymous_15)
FNDA:0,(anonymous_16)
FNDA:0,(anonymous_17)
FNDA:121,(anonymous_18)
FNDA:0,(anonymous_19)
DA:14,2
DA:18,19
DA:19,19
DA:20,19
DA:21,19
DA:24,19
DA:25,19
DA:26,19
DA:27,19
DA:28,19
DA:31,19
DA:63,19
DA:79,19
DA:80,0
DA:81,0
DA:84,19
DA:85,19
DA:91,19
DA:94,19
DA:95,19
DA:98,19
DA:101,19
DA:103,15
DA:104,15
DA:110,15
DA:111,15
DA:114,0
DA:118,0
DA:126,19
DA:127,19
DA:128,19
DA:129,19
DA:130,19
DA:131,19
DA:133,19
DA:141,0
DA:142,0
DA:150,19
DA:151,19
DA:154,19
DA:163,17
DA:171,17
DA:178,16
DA:184,15
DA:190,15
DA:198,0
DA:207,0
DA:209,0
DA:210,0
DA:212,0
DA:219,0
DA:220,0
DA:241,0
DA:246,0
DA:248,0
DA:256,0
DA:260,0
DA:268,0
DA:270,0
DA:272,0
DA:274,0
DA:277,0
DA:278,0
DA:279,0
DA:280,0
DA:281,0
DA:282,0
DA:283,0
DA:286,0
DA:287,0
DA:291,0
DA:294,0
DA:295,0
DA:299,0
DA:306,0
DA:313,0
DA:315,0
DA:316,0
DA:324,0
DA:326,0
DA:328,0
DA:330,0
DA:349,0
DA:356,0
DA:361,0
DA:363,0
DA:364,0
DA:372,0
DA:374,0
DA:375,0
DA:381,0
DA:385,0
DA:390,0
DA:392,0
DA:393,0
DA:401,0
DA:403,0
DA:404,0
DA:409,0
DA:411,0
DA:445,0
DA:452,0
DA:463,0
DA:464,0
DA:466,0
DA:467,0
DA:475,0
DA:477,0
DA:479,0
DA:489,0
DA:502,0
DA:513,0
DA:514,0
DA:516,0
DA:517,0
DA:525,0
DA:526,0
DA:527,0
DA:536,0
DA:537,0
DA:539,0
DA:542,0
DA:547,0
DA:548,0
DA:550,0
DA:551,0
DA:565,0
DA:567,0
DA:568,0
DA:573,0
DA:580,0
DA:588,0
DA:596,0
DA:597,0
DA:599,0
DA:600,0
DA:608,0
DA:609,0
DA:610,0
DA:613,0
DA:614,0
DA:616,0
DA:617,0
DA:620,0
DA:621,0
DA:622,0
DA:623,0
DA:624,0
DA:625,0
DA:626,0
DA:627,0
DA:629,0
DA:631,0
DA:632,0
DA:639,0
DA:640,0
DA:645,0
DA:646,0
DA:650,121
DA:651,121
DA:655,0
DA:656,0
DA:657,0
DA:658,0
DA:662,2
LF:165
LH:42
BRDA:79,0,0,0
BRDA:79,0,1,19
BRDA:206,1,0,0
BRDA:215,2,0,0
BRDA:215,2,1,0
BRDA:226,3,0,0
BRDA:226,3,1,0
BRDA:234,4,0,0
BRDA:234,4,1,0
BRDA:234,5,0,0
BRDA:234,5,1,0
BRDA:235,6,0,0
BRDA:235,6,1,0
BRDA:235,7,0,0
BRDA:235,7,1,0
BRDA:267,8,0,0
BRDA:278,9,0,0
BRDA:278,9,1,0
BRDA:279,10,0,0
BRDA:279,10,1,0
BRDA:280,11,0,0
BRDA:280,11,1,0
BRDA:280,12,0,0
BRDA:280,12,1,0
BRDA:282,13,0,0
BRDA:282,13,1,0
BRDA:283,14,0,0
BRDA:283,14,1,0
BRDA:286,15,0,0
BRDA:286,15,1,0
BRDA:294,16,0,0
BRDA:294,16,1,0
BRDA:323,17,0,0
BRDA:377,18,0,0
BRDA:377,18,1,0
BRDA:400,19,0,0
BRDA:452,20,0,0
BRDA:452,20,1,0
BRDA:508,21,0,0
BRDA:508,21,1,0
BRDA:509,22,0,0
BRDA:509,22,1,0
BRDA:510,23,0,0
BRDA:510,23,1,0
BRDA:526,24,0,0
BRDA:526,24,1,0
BRDA:526,25,0,0
BRDA:526,25,1,0
BRDA:564,26,0,0
BRDA:589,27,0,0
BRDA:589,27,1,0
BRDA:590,28,0,0
BRDA:590,28,1,0
BRDA:591,29,0,0
BRDA:591,29,1,0
BRDA:592,30,0,0
BRDA:592,30,1,0
BRDA:593,31,0,0
BRDA:593,31,1,0
BRDA:608,32,0,0
BRDA:608,32,1,0
BRDA:616,33,0,0
BRDA:616,33,1,0
BRDA:639,34,0,0
BRDA:639,34,1,0
BRDA:639,35,0,0
BRDA:639,35,1,0
BRDA:645,36,0,0
BRDA:645,36,1,0
BRDA:645,37,0,0
BRDA:645,37,1,0
BRDA:645,37,2,0
BRDA:651,38,0,87
BRDA:651,38,1,34
BRDA:657,39,0,0
BRDA:657,39,1,0
BRF:76
BRH:3
end_of_record
TN:
SF:utils/CacheManager.js
FN:12,(anonymous_0)
FN:26,(anonymous_1)
FN:34,(anonymous_2)
FN:58,(anonymous_3)
FN:76,(anonymous_4)
FN:90,(anonymous_5)
FN:110,(anonymous_6)
FN:129,(anonymous_7)
FN:146,(anonymous_8)
FN:157,(anonymous_9)
FN:165,(anonymous_10)
FN:181,(anonymous_11)
FN:198,(anonymous_12)
FN:199,(anonymous_13)
FN:205,(anonymous_14)
FN:212,(anonymous_15)
FN:227,(anonymous_16)
FN:245,(anonymous_17)
FN:257,(anonymous_18)
FN:271,(anonymous_19)
FN:286,(anonymous_20)
FN:307,(anonymous_21)
FN:316,(anonymous_22)
FN:329,(anonymous_23)
FN:336,(anonymous_24)
FN:343,(anonymous_25)
FN:350,(anonymous_26)
FN:360,(anonymous_27)
FN:368,(anonymous_28)
FN:386,(anonymous_29)
FN:397,(anonymous_30)
FNF:31
FNH:1
FNDA:38,(anonymous_0)
FNDA:0,(anonymous_1)
FNDA:0,(anonymous_2)
FNDA:0,(anonymous_3)
FNDA:0,(anonymous_4)
FNDA:0,(anonymous_5)
FNDA:0,(anonymous_6)
FNDA:0,(anonymous_7)
FNDA:0,(anonymous_8)
FNDA:0,(anonymous_9)
FNDA:0,(anonymous_10)
FNDA:0,(anonymous_11)
FNDA:0,(anonymous_12)
FNDA:0,(anonymous_13)
FNDA:0,(anonymous_14)
FNDA:0,(anonymous_15)
FNDA:0,(anonymous_16)
FNDA:0,(anonymous_17)
FNDA:0,(anonymous_18)
FNDA:0,(anonymous_19)
FNDA:0,(anonymous_20)
FNDA:0,(anonymous_21)
FNDA:0,(anonymous_22)
FNDA:0,(anonymous_23)
FNDA:0,(anonymous_24)
FNDA:0,(anonymous_25)
FNDA:0,(anonymous_26)
FNDA:0,(anonymous_27)
FNDA:0,(anonymous_28)
FNDA:0,(anonymous_29)
FNDA:0,(anonymous_30)
DA:13,38
DA:14,38
DA:15,38
DA:16,38
DA:17,38
DA:26,38
DA:27,0
DA:35,0
DA:36,0
DA:38,0
DA:39,0
DA:40,0
DA:44,0
DA:45,0
DA:46,0
DA:47,0
DA:48,0
DA:51,0
DA:52,0
DA:59,0
DA:60,0
DA:61,0
DA:63,0
DA:71,0
DA:72,0
DA:76,0
DA:77,0
DA:80,0
DA:81,0
DA:82,0
DA:84,0
DA:91,0
DA:94,0
DA:95,0
DA:96,0
DA:99,0
DA:100,0
DA:101,0
DA:104,0
DA:111,0
DA:112,0
DA:114,0
DA:115,0
DA:118,0
DA:119,0
DA:120,0
DA:123,0
DA:130,0
DA:132,0
DA:133,0
DA:137,0
DA:138,0
DA:140,0
DA:147,0
DA:148,0
DA:150,0
DA:151,0
DA:152,0
DA:153,0
DA:157,0
DA:159,0
DA:167,0
DA:168,0
DA:171,0
DA:172,0
DA:173,0
DA:175,0
DA:182,0
DA:183,0
DA:185,0
DA:199,0
DA:206,0
DA:213,0
DA:221,0
DA:228,0
DA:229,0
DA:231,0
DA:232,0
DA:236,0
DA:239,0
DA:240,0
DA:244,0
DA:245,0
DA:246,0
DA:249,0
DA:251,0
DA:258,0
DA:259,0
DA:261,0
DA:262,0
DA:265,0
DA:272,0
DA:273,0
DA:275,0
DA:276,0
DA:279,0
DA:280,0
DA:287,0
DA:289,0
DA:290,0
DA:291,0
DA:292,0
DA:301,0
DA:308,0
DA:309,0
DA:310,0
DA:311,0
DA:314,0
DA:315,0
DA:316,0
DA:317,0
DA:320,0
DA:330,0
DA:337,0
DA:344,0
DA:351,0
DA:352,0
DA:354,0
DA:355,0
DA:356,0
DA:360,0
DA:362,0
DA:369,0
DA:371,0
DA:372,0
DA:373,0
DA:376,0
DA:387,0
DA:388,0
DA:390,0
DA:399,0
DA:400,0
DA:404,0
DA:405,0
DA:409,0
DA:410,0
DA:414,2
LF:137
LH:7
BRDA:12,0,0,0
BRDA:12,1,0,0
BRDA:38,2,0,0
BRDA:38,2,1,0
BRDA:44,3,0,0
BRDA:44,3,1,0
BRDA:58,4,0,0
BRDA:60,5,0,0
BRDA:60,5,1,0
BRDA:71,6,0,0
BRDA:71,6,1,0
BRDA:94,7,0,0
BRDA:94,7,1,0
BRDA:100,8,0,0
BRDA:100,8,1,0
BRDA:114,9,0,0
BRDA:114,9,1,0
BRDA:118,10,0,0
BRDA:118,10,1,0
BRDA:129,11,0,0
BRDA:132,12,0,0
BRDA:132,12,1,0
BRDA:152,13,0,0
BRDA:152,13,1,0
BRDA:183,14,0,0
BRDA:183,14,1,0
BRDA:231,15,0,0
BRDA:231,15,1,0
BRDA:231,16,0,0
BRDA:231,16,1,0
BRDA:239,17,0,0
BRDA:239,17,1,0
BRDA:261,18,0,0
BRDA:261,18,1,0
BRDA:261,19,0,0
BRDA:261,19,1,0
BRDA:275,20,0,0
BRDA:275,20,1,0
BRDA:275,21,0,0
BRDA:275,21,1,0
BRDA:290,22,0,0
BRDA:290,22,1,0
BRDA:309,23,0,0
BRDA:309,23,1,0
BRDA:315,24,0,0
BRDA:315,24,1,0
BRDA:355,25,0,0
BRDA:355,25,1,0
BRDA:399,26,0,0
BRDA:399,26,1,0
BRF:50
BRH:0
end_of_record
TN:
SF:utils/DataTransformer.js
FN:12,(anonymous_0)
FN:20,(anonymous_1)
FN:52,(anonymous_2)
FN:57,(anonymous_3)
FN:78,(anonymous_4)
FN:83,(anonymous_5)
FN:109,(anonymous_6)
FN:141,(anonymous_7)
FN:157,(anonymous_8)
FN:172,(anonymous_9)
FN:194,(anonymous_10)
FN:214,(anonymous_11)
FN:230,(anonymous_12)
FN:238,(anonymous_13)
FN:251,(anonymous_14)
FN:266,(anonymous_15)
FN:277,(anonymous_16)
FN:289,(anonymous_17)
FN:313,(anonymous_18)
FN:319,(anonymous_19)
FN:336,(anonymous_20)
FN:353,(anonymous_21)
FN:360,(anonymous_22)
FN:366,(anonymous_23)
FN:381,(anonymous_24)
FN:389,(anonymous_25)
FN:390,(anonymous_26)
FN:396,(anonymous_27)
FN:405,(anonymous_28)
FN:417,(anonymous_29)
FN:426,(anonymous_30)
FN:433,(anonymous_31)
FN:444,(anonymous_32)
FN:462,(anonymous_33)
FN:470,(anonymous_34)
FN:500,(anonymous_35)
FN:507,(anonymous_36)
FNF:37
FNH:2
FNDA:57,(anonymous_0)
FNDA:57,(anonymous_1)
FNDA:0,(anonymous_2)
FNDA:0,(anonymous_3)
FNDA:0,(anonymous_4)
FNDA:0,(anonymous_5)
FNDA:0,(anonymous_6)
FNDA:0,(anonymous_7)
FNDA:0,(anonymous_8)
FNDA:0,(anonymous_9)
FNDA:0,(anonymous_10)
FNDA:0,(anonymous_11)
FNDA:0,(anonymous_12)
FNDA:0,(anonymous_13)
FNDA:0,(anonymous_14)
FNDA:0,(anonymous_15)
FNDA:0,(anonymous_16)
FNDA:0,(anonymous_17)
FNDA:0,(anonymous_18)
FNDA:0,(anonymous_19)
FNDA:0,(anonymous_20)
FNDA:0,(anonymous_21)
FNDA:0,(anonymous_22)
FNDA:0,(anonymous_23)
FNDA:0,(anonymous_24)
FNDA:0,(anonymous_25)
FNDA:0,(anonymous_26)
FNDA:0,(anonymous_27)
FNDA:0,(anonymous_28)
FNDA:0,(anonymous_29)
FNDA:0,(anonymous_30)
FNDA:0,(anonymous_31)
FNDA:0,(anonymous_32)
FNDA:0,(anonymous_33)
FNDA:0,(anonymous_34)
FNDA:0,(anonymous_35)
FNDA:0,(anonymous_36)
DA:13,57
DA:14,57
DA:21,57
DA:53,0
DA:54,0
DA:57,0
DA:58,0
DA:67,0
DA:68,0
DA:69,0
DA:71,0
DA:79,0
DA:80,0
DA:83,0
DA:84,0
DA:98,0
DA:99,0
DA:100,0
DA:102,0
DA:110,0
DA:111,0
DA:121,0
DA:129,0
DA:130,0
DA:131,0
DA:132,0
DA:135,0
DA:142,0
DA:143,0
DA:144,0
DA:147,0
DA:148,0
DA:151,0
DA:158,0
DA:159,0
DA:162,0
DA:173,0
DA:174,0
DA:177,0
DA:178,0
DA:179,0
DA:182,0
DA:184,0
DA:185,0
DA:188,0
DA:195,0
DA:196,0
DA:199,0
DA:200,0
DA:201,0
DA:204,0
DA:205,0
DA:208,0
DA:215,0
DA:216,0
DA:219,0
DA:220,0
DA:221,0
DA:224,0
DA:231,0
DA:232,0
DA:239,0
DA:241,0
DA:242,0
DA:245,0
DA:252,0
DA:253,0
DA:256,0
DA:257,0
DA:258,0
DA:260,0
DA:267,0
DA:268,0
DA:271,0
DA:278,0
DA:279,0
DA:282,0
DA:283,0
DA:290,0
DA:293,0
DA:294,0
DA:298,0
DA:299,0
DA:303,0
DA:304,0
DA:308,0
DA:309,0
DA:310,0
DA:313,0
DA:320,0
DA:321,0
DA:324,0
DA:326,0
DA:327,0
DA:328,0
DA:329,0
DA:330,0
DA:337,0
DA:338,0
DA:341,0
DA:342,0
DA:343,0
DA:344,0
DA:345,0
DA:347,0
DA:354,0
DA:355,0
DA:357,0
DA:358,0
DA:360,0
DA:361,0
DA:362,0
DA:366,0
DA:367,0
DA:368,0
DA:372,0
DA:373,0
DA:375,0
DA:382,0
DA:383,0
DA:390,0
DA:397,0
DA:400,0
DA:405,0
DA:406,0
DA:407,0
DA:411,0
DA:418,0
DA:419,0
DA:420,0
DA:423,0
DA:426,0
DA:427,0
DA:428,0
DA:433,0
DA:434,0
DA:435,0
DA:436,0
DA:437,0
DA:438,0
DA:444,0
DA:445,0
DA:446,0
DA:447,0
DA:448,0
DA:453,0
DA:463,0
DA:464,0
DA:467,0
DA:468,0
DA:470,0
DA:471,0
DA:472,0
DA:473,0
DA:474,0
DA:475,0
DA:478,0
DA:482,0
DA:484,0
DA:488,0
DA:501,0
DA:508,0
DA:516,2
LF:163
LH:4
BRDA:53,0,0,0
BRDA:53,0,1,0
BRDA:79,1,0,0
BRDA:79,1,1,0
BRDA:110,2,0,0
BRDA:110,2,1,0
BRDA:110,3,0,0
BRDA:110,3,1,0
BRDA:129,4,0,0
BRDA:129,4,1,0
BRDA:129,5,0,0
BRDA:129,5,1,0
BRDA:142,6,0,0
BRDA:142,6,1,0
BRDA:144,7,0,0
BRDA:144,7,1,0
BRDA:147,8,0,0
BRDA:147,8,1,0
BRDA:148,9,0,0
BRDA:148,9,1,0
BRDA:158,10,0,0
BRDA:158,10,1,0
BRDA:173,11,0,0
BRDA:173,11,1,0
BRDA:177,12,0,0
BRDA:177,12,1,0
BRDA:179,13,0,0
BRDA:179,13,1,0
BRDA:182,14,0,0
BRDA:182,14,1,0
BRDA:184,15,0,0
BRDA:184,15,1,0
BRDA:185,16,0,0
BRDA:185,16,1,0
BRDA:195,17,0,0
BRDA:195,17,1,0
BRDA:195,18,0,0
BRDA:195,18,1,0
BRDA:199,19,0,0
BRDA:199,19,1,0
BRDA:201,20,0,0
BRDA:201,20,1,0
BRDA:204,21,0,0
BRDA:204,21,1,0
BRDA:205,22,0,0
BRDA:205,22,1,0
BRDA:214,23,0,0
BRDA:215,24,0,0
BRDA:215,24,1,0
BRDA:215,25,0,0
BRDA:215,25,1,0
BRDA:219,26,0,0
BRDA:219,26,1,0
BRDA:221,27,0,0
BRDA:221,27,1,0
BRDA:241,28,0,0
BRDA:241,28,1,0
BRDA:241,29,0,0
BRDA:241,29,1,0
BRDA:252,30,0,0
BRDA:252,30,1,0
BRDA:252,31,0,0
BRDA:252,31,1,0
BRDA:252,31,2,0
BRDA:260,32,0,0
BRDA:260,32,1,0
BRDA:267,33,0,0
BRDA:267,33,1,0
BRDA:267,34,0,0
BRDA:267,34,1,0
BRDA:267,34,2,0
BRDA:278,35,0,0
BRDA:278,35,1,0
BRDA:278,36,0,0
BRDA:278,36,1,0
BRDA:283,37,0,0
BRDA:283,37,1,0
BRDA:293,38,0,0
BRDA:293,38,1,0
BRDA:298,39,0,0
BRDA:298,39,1,0
BRDA:303,40,0,0
BRDA:303,40,1,0
BRDA:308,41,0,0
BRDA:308,41,1,0
BRDA:313,42,0,0
BRDA:313,42,1,0
BRDA:320,43,0,0
BRDA:320,43,1,0
BRDA:320,44,0,0
BRDA:320,44,1,0
BRDA:326,45,0,0
BRDA:326,45,1,0
BRDA:327,46,0,0
BRDA:327,46,1,0
BRDA:328,47,0,0
BRDA:328,47,1,0
BRDA:329,48,0,0
BRDA:329,48,1,0
BRDA:341,49,0,0
BRDA:341,49,1,0
BRDA:342,50,0,0
BRDA:342,50,1,0
BRDA:343,51,0,0
BRDA:343,51,1,0
BRDA:343,52,0,0
BRDA:343,52,1,0
BRDA:344,53,0,0
BRDA:344,53,1,0
BRDA:344,54,0,0
BRDA:344,54,1,0
BRDA:345,55,0,0
BRDA:345,55,1,0
BRDA:347,56,0,0
BRDA:347,56,1,0
BRDA:361,57,0,0
BRDA:361,57,1,0
BRDA:367,58,0,0
BRDA:367,58,1,0
BRDA:383,59,0,0
BRDA:383,59,1,0
BRDA:383,59,2,0
BRDA:406,60,0,0
BRDA:406,60,1,0
BRDA:417,61,0,0
BRDA:419,62,0,0
BRDA:419,62,1,0
BRDA:427,63,0,0
BRDA:427,63,1,0
BRDA:435,64,0,0
BRDA:435,64,1,0
BRDA:435,65,0,0
BRDA:435,65,1,0
BRDA:437,66,0,0
BRDA:437,66,1,0
BRDA:444,67,0,0
BRDA:444,67,1,0
BRDA:446,68,0,0
BRDA:446,68,1,0
BRDA:447,69,0,0
BRDA:447,69,1,0
BRDA:447,70,0,0
BRDA:447,70,1,0
BRDA:462,71,0,0
BRDA:463,72,0,0
BRDA:463,72,1,0
BRDA:473,73,0,0
BRDA:473,73,1,0
BRDA:478,74,0,0
BRDA:478,74,1,0
BRDA:511,75,0,0
BRDA:511,75,1,0
BRF:152
BRH:0
end_of_record
TN:
SF:utils/Logger.js
FN:15,(anonymous_0)
FN:23,(anonymous_1)
FN:31,(anonymous_2)
FN:61,(anonymous_3)
FN:99,(anonymous_4)
FN:106,(anonymous_5)
FN:113,(anonymous_6)
FN:120,(anonymous_7)
FN:138,(anonymous_8)
FN:156,(anonymous_9)
FN:167,(anonymous_10)
FN:182,(anonymous_11)
FN:194,(anonymous_12)
FN:213,(anonymous_13)
FN:224,(anonymous_14)
FN:236,(anonymous_15)
FN:251,(anonymous_16)
FN:264,(anonymous_17)
FN:276,(anonymous_18)
FN:280,(anonymous_19)
FN:293,(anonymous_20)
FN:306,(anonymous_21)
FN:323,(anonymous_22)
FN:337,(anonymous_23)
FN:349,(anonymous_24)
FN:360,(anonymous_25)
FN:363,(anonymous_26)
FN:373,(anonymous_27)
FN:380,(anonymous_28)
FN:387,(anonymous_29)
FN:394,(anonymous_30)
FNF:31
FNH:9
FNDA:211,(anonymous_0)
FNDA:211,(anonymous_1)
FNDA:187,(anonymous_2)
FNDA:128,(anonymous_3)
FNDA:123,(anonymous_4)
FNDA:59,(anonymous_5)
FNDA:0,(anonymous_6)
FNDA:5,(anonymous_7)
FNDA:0,(anonymous_8)
FNDA:0,(anonymous_9)
FNDA:0,(anonymous_10)
FNDA:0,(anonymous_11)
FNDA:0,(anonymous_12)
FNDA:0,(anonymous_13)
FNDA:0,(anonymous_14)
FNDA:0,(anonymous_15)
FNDA:187,(anonymous_16)
FNDA:187,(anonymous_17)
FNDA:0,(anonymous_18)
FNDA:0,(anonymous_19)
FNDA:0,(anonymous_20)
FNDA:0,(anonymous_21)
FNDA:0,(anonymous_22)
FNDA:0,(anonymous_23)
FNDA:0,(anonymous_24)
FNDA:0,(anonymous_25)
FNDA:0,(anonymous_26)
FNDA:0,(anonymous_27)
FNDA:0,(anonymous_28)
FNDA:0,(anonymous_29)
FNDA:0,(anonymous_30)
DA:11,3
DA:12,3
DA:16,211
DA:17,211
DA:24,211
DA:25,211
DA:27,211
DA:32,187
DA:40,187
DA:41,187
DA:44,187
DA:48,211
DA:56,211
DA:57,211
DA:62,128
DA:65,128
DA:66,128
DA:69,128
DA:76,211
DA:78,0
DA:85,0
DA:93,211
DA:100,123
DA:107,59
DA:114,0
DA:121,5
DA:123,5
DA:124,5
DA:132,5
DA:139,0
DA:141,0
DA:142,0
DA:150,0
DA:157,0
DA:168,0
DA:170,0
DA:183,0
DA:195,0
DA:196,0
DA:203,0
DA:204,0
DA:206,0
DA:214,0
DA:225,0
DA:237,0
DA:239,0
DA:252,187
DA:265,187
DA:266,187
DA:277,0
DA:278,0
DA:280,0
DA:281,0
DA:287,0
DA:294,0
DA:307,0
DA:309,0
DA:324,0
DA:338,0
DA:350,0
DA:361,0
DA:363,0
DA:364,0
DA:367,0
DA:374,0
DA:381,0
DA:388,0
DA:395,0
DA:399,3
LF:69
LH:30
BRDA:15,0,0,0
BRDA:24,1,0,211
BRDA:24,1,1,211
BRDA:40,2,0,187
BRDA:40,2,1,0
BRDA:56,3,0,211
BRDA:56,3,1,0
BRDA:65,4,0,128
BRDA:65,4,1,0
BRDA:76,5,0,0
BRDA:76,5,1,211
BRDA:99,6,0,71
BRDA:106,7,0,38
BRDA:113,8,0,0
BRDA:120,9,0,0
BRDA:120,10,0,0
BRDA:123,11,0,5
BRDA:123,11,1,0
BRDA:138,12,0,0
BRDA:138,13,0,0
BRDA:141,14,0,0
BRDA:141,14,1,0
BRDA:156,15,0,0
BRDA:167,16,0,0
BRDA:168,17,0,0
BRDA:168,17,1,0
BRDA:182,18,0,0
BRDA:194,19,0,0
BRDA:203,20,0,0
BRDA:203,20,1,0
BRDA:203,21,0,0
BRDA:203,21,1,0
BRDA:213,22,0,0
BRDA:224,23,0,0
BRDA:236,24,0,0
BRDA:237,25,0,0
BRDA:237,25,1,0
BRDA:257,26,0,187
BRDA:257,26,1,0
BRDA:293,27,0,0
BRDA:306,28,0,0
BRDA:307,29,0,0
BRDA:307,29,1,0
BRDA:323,30,0,0
BRDA:337,31,0,0
BRDA:349,32,0,0
BRDA:363,33,0,0
BRDA:363,33,1,0
BRF:48
BRH:10
end_of_record
TN:
SF:utils/PriceCalculator.js
FN:13,(anonymous_0)
FN:21,(anonymous_1)
FN:37,(anonymous_2)
FN:55,(anonymous_3)
FN:82,(anonymous_4)
FN:117,(anonymous_5)
FN:151,(anonymous_6)
FN:214,(anonymous_7)
FN:223,(anonymous_8)
FN:234,(anonymous_9)
FN:239,(anonymous_10)
FN:246,(anonymous_11)
FN:247,(anonymous_12)
FN:247,(anonymous_13)
FN:249,(anonymous_14)
FN:250,(anonymous_15)
FN:263,(anonymous_16)
FN:268,(anonymous_17)
FN:289,(anonymous_18)
FN:295,(anonymous_19)
FN:295,(anonymous_20)
FN:299,(anonymous_21)
FN:308,(anonymous_22)
FN:314,(anonymous_23)
FN:314,(anonymous_24)
FN:318,(anonymous_25)
FN:327,(anonymous_26)
FN:333,(anonymous_27)
FN:349,(anonymous_28)
FN:382,(anonymous_29)
FN:401,(anonymous_30)
FN:444,(anonymous_31)
FN:469,(anonymous_32)
FN:473,(anonymous_33)
FN:485,(anonymous_34)
FN:508,(anonymous_35)
FN:518,(anonymous_36)
FN:537,(anonymous_37)
FN:561,(anonymous_38)
FN:580,(anonymous_39)
FN:591,(anonymous_40)
FNF:41
FNH:1
FNDA:19,(anonymous_0)
FNDA:0,(anonymous_1)
FNDA:0,(anonymous_2)
FNDA:0,(anonymous_3)
FNDA:0,(anonymous_4)
FNDA:0,(anonymous_5)
FNDA:0,(anonymous_6)
FNDA:0,(anonymous_7)
FNDA:0,(anonymous_8)
FNDA:0,(anonymous_9)
FNDA:0,(anonymous_10)
FNDA:0,(anonymous_11)
FNDA:0,(anonymous_12)
FNDA:0,(anonymous_13)
FNDA:0,(anonymous_14)
FNDA:0,(anonymous_15)
FNDA:0,(anonymous_16)
FNDA:0,(anonymous_17)
FNDA:0,(anonymous_18)
FNDA:0,(anonymous_19)
FNDA:0,(anonymous_20)
FNDA:0,(anonymous_21)
FNDA:0,(anonymous_22)
FNDA:0,(anonymous_23)
FNDA:0,(anonymous_24)
FNDA:0,(anonymous_25)
FNDA:0,(anonymous_26)
FNDA:0,(anonymous_27)
FNDA:0,(anonymous_28)
FNDA:0,(anonymous_29)
FNDA:0,(anonymous_30)
FNDA:0,(anonymous_31)
FNDA:0,(anonymous_32)
FNDA:0,(anonymous_33)
FNDA:0,(anonymous_34)
FNDA:0,(anonymous_35)
FNDA:0,(anonymous_36)
FNDA:0,(anonymous_37)
FNDA:0,(anonymous_38)
FNDA:0,(anonymous_39)
FNDA:0,(anonymous_40)
DA:14,19
DA:15,19
DA:22,0
DA:23,0
DA:26,0
DA:27,0
DA:28,0
DA:31,0
DA:38,0
DA:39,0
DA:42,0
DA:43,0
DA:44,0
DA:46,0
DA:48,0
DA:49,0
DA:56,0
DA:57,0
DA:60,0
DA:61,0
DA:63,0
DA:64,0
DA:68,0
DA:69,0
DA:71,0
DA:83,0
DA:84,0
DA:88,0
DA:95,0
DA:96,0
DA:98,0
DA:104,0
DA:105,0
DA:107,0
DA:118,0
DA:119,0
DA:120,0
DA:123,0
DA:124,0
DA:126,0
DA:127,0
DA:128,0
DA:129,0
DA:130,0
DA:131,0
DA:133,0
DA:137,0
DA:138,0
DA:141,0
DA:152,0
DA:153,0
DA:154,0
DA:155,0
DA:157,0
DA:158,0
DA:159,0
DA:162,0
DA:163,0
DA:164,0
DA:165,0
DA:166,0
DA:167,0
DA:168,0
DA:169,0
DA:173,0
DA:174,0
DA:175,0
DA:176,0
DA:177,0
DA:178,0
DA:179,0
DA:180,0
DA:184,0
DA:185,0
DA:186,0
DA:187,0
DA:188,0
DA:189,0
DA:193,0
DA:194,0
DA:195,0
DA:196,0
DA:200,0
DA:202,0
DA:215,0
DA:216,0
DA:219,0
DA:220,0
DA:221,0
DA:223,0
DA:224,0
DA:225,0
DA:228,0
DA:235,0
DA:236,0
DA:239,0
DA:240,0
DA:242,0
DA:243,0
DA:246,0
DA:247,0
DA:249,0
DA:250,0
DA:252,0
DA:254,0
DA:255,0
DA:257,0
DA:264,0
DA:265,0
DA:268,0
DA:270,0
DA:271,0
DA:274,0
DA:275,0
DA:277,0
DA:279,0
DA:290,0
DA:291,0
DA:294,0
DA:295,0
DA:297,0
DA:299,0
DA:300,0
DA:302,0
DA:309,0
DA:310,0
DA:313,0
DA:314,0
DA:316,0
DA:318,0
DA:319,0
DA:321,0
DA:328,0
DA:329,0
DA:332,0
DA:333,0
DA:335,0
DA:337,0
DA:338,0
DA:339,0
DA:341,0
DA:342,0
DA:343,0
DA:350,0
DA:351,0
DA:352,0
DA:353,0
DA:355,0
DA:358,0
DA:361,0
DA:362,0
DA:363,0
DA:364,0
DA:368,0
DA:369,0
DA:372,0
DA:373,0
DA:376,0
DA:383,0
DA:384,0
DA:387,0
DA:388,0
DA:390,0
DA:402,0
DA:403,0
DA:406,0
DA:407,0
DA:408,0
DA:409,0
DA:413,0
DA:414,0
DA:415,0
DA:416,0
DA:417,0
DA:421,0
DA:422,0
DA:423,0
DA:424,0
DA:427,0
DA:429,0
DA:445,0
DA:446,0
DA:447,0
DA:449,0
DA:450,0
DA:451,0
DA:452,0
DA:453,0
DA:454,0
DA:455,0
DA:456,0
DA:457,0
DA:458,0
DA:460,0
DA:470,0
DA:472,0
DA:473,0
DA:475,0
DA:476,0
DA:479,0
DA:486,0
DA:487,0
DA:490,0
DA:493,0
DA:495,0
DA:496,0
DA:498,0
DA:499,0
DA:501,0
DA:502,0
DA:504,0
DA:508,0
DA:509,0
DA:512,0
DA:519,0
DA:522,0
DA:525,0
DA:528,0
DA:529,0
DA:531,0
DA:538,0
DA:541,0
DA:544,0
DA:545,0
DA:549,0
DA:550,0
DA:553,0
DA:554,0
DA:555,0
DA:562,0
DA:565,0
DA:566,0
DA:567,0
DA:568,0
DA:572,0
DA:574,0
DA:581,0
DA:582,0
DA:583,0
DA:584,0
DA:585,0
DA:592,0
DA:596,2
LF:243
LH:3
BRDA:22,0,0,0
BRDA:22,0,1,0
BRDA:22,1,0,0
BRDA:22,1,1,0
BRDA:22,1,2,0
BRDA:31,2,0,0
BRDA:31,2,1,0
BRDA:38,3,0,0
BRDA:38,3,1,0
BRDA:38,4,0,0
BRDA:38,4,1,0
BRDA:38,4,2,0
BRDA:46,5,0,0
BRDA:46,5,1,0
BRDA:56,6,0,0
BRDA:56,6,1,0
BRDA:60,7,0,0
BRDA:60,7,1,0
BRDA:63,8,0,0
BRDA:63,8,1,0
BRDA:63,9,0,0
BRDA:63,9,1,0
BRDA:82,10,0,0
BRDA:83,11,0,0
BRDA:83,11,1,0
BRDA:83,12,0,0
BRDA:83,12,1,0
BRDA:95,13,0,0
BRDA:95,13,1,0
BRDA:98,14,0,0
BRDA:98,14,1,0
BRDA:110,15,0,0
BRDA:110,15,1,0
BRDA:110,16,0,0
BRDA:110,16,1,0
BRDA:126,17,0,0
BRDA:126,17,1,0
BRDA:129,18,0,0
BRDA:129,18,1,0
BRDA:137,19,0,0
BRDA:137,19,1,0
BRDA:162,20,0,0
BRDA:162,20,1,0
BRDA:166,21,0,0
BRDA:166,21,1,0
BRDA:173,22,0,0
BRDA:173,22,1,0
BRDA:173,23,0,0
BRDA:173,23,1,0
BRDA:177,24,0,0
BRDA:177,24,1,0
BRDA:177,25,0,0
BRDA:177,25,1,0
BRDA:184,26,0,0
BRDA:184,26,1,0
BRDA:187,27,0,0
BRDA:187,27,1,0
BRDA:193,28,0,0
BRDA:193,28,1,0
BRDA:194,29,0,0
BRDA:194,29,1,0
BRDA:214,30,0,0
BRDA:215,31,0,0
BRDA:215,31,1,0
BRDA:215,32,0,0
BRDA:215,32,1,0
BRDA:224,33,0,0
BRDA:224,33,1,0
BRDA:234,34,0,0
BRDA:235,35,0,0
BRDA:235,35,1,0
BRDA:235,36,0,0
BRDA:235,36,1,0
BRDA:239,37,0,0
BRDA:239,37,1,0
BRDA:249,38,0,0
BRDA:249,38,1,0
BRDA:250,39,0,0
BRDA:250,39,1,0
BRDA:252,40,0,0
BRDA:252,40,1,0
BRDA:263,41,0,0
BRDA:263,42,0,0
BRDA:263,43,0,0
BRDA:264,44,0,0
BRDA:264,44,1,0
BRDA:264,45,0,0
BRDA:264,45,1,0
BRDA:268,46,0,0
BRDA:268,46,1,0
BRDA:270,47,0,0
BRDA:270,47,1,0
BRDA:289,48,0,0
BRDA:290,49,0,0
BRDA:290,49,1,0
BRDA:290,50,0,0
BRDA:290,50,1,0
BRDA:295,51,0,0
BRDA:295,51,1,0
BRDA:297,52,0,0
BRDA:297,52,1,0
BRDA:308,53,0,0
BRDA:309,54,0,0
BRDA:309,54,1,0
BRDA:309,55,0,0
BRDA:309,55,1,0
BRDA:314,56,0,0
BRDA:314,56,1,0
BRDA:316,57,0,0
BRDA:316,57,1,0
BRDA:327,58,0,0
BRDA:328,59,0,0
BRDA:328,59,1,0
BRDA:328,60,0,0
BRDA:328,60,1,0
BRDA:333,61,0,0
BRDA:333,61,1,0
BRDA:335,62,0,0
BRDA:335,62,1,0
BRDA:341,63,0,0
BRDA:341,63,1,0
BRDA:342,64,0,0
BRDA:342,64,1,0
BRDA:349,65,0,0
BRDA:361,66,0,0
BRDA:361,66,1,0
BRDA:363,67,0,0
BRDA:363,67,1,0
BRDA:368,68,0,0
BRDA:368,68,1,0
BRDA:372,69,0,0
BRDA:372,69,1,0
BRDA:383,70,0,0
BRDA:383,70,1,0
BRDA:383,71,0,0
BRDA:383,71,1,0
BRDA:383,71,2,0
BRDA:388,72,0,0
BRDA:388,72,1,0
BRDA:406,73,0,0
BRDA:406,73,1,0
BRDA:413,74,0,0
BRDA:413,74,1,0
BRDA:413,75,0,0
BRDA:413,75,1,0
BRDA:413,75,2,0
BRDA:421,76,0,0
BRDA:421,76,1,0
BRDA:427,77,0,0
BRDA:427,77,1,0
BRDA:433,78,0,0
BRDA:433,78,1,0
BRDA:434,79,0,0
BRDA:434,79,1,0
BRDA:434,80,0,0
BRDA:434,80,1,0
BRDA:436,81,0,0
BRDA:436,81,1,0
BRDA:449,82,0,0
BRDA:449,82,1,0
BRDA:449,83,0,0
BRDA:449,83,1,0
BRDA:451,84,0,0
BRDA:451,84,1,0
BRDA:451,85,0,0
BRDA:451,85,1,0
BRDA:453,86,0,0
BRDA:453,86,1,0
BRDA:453,87,0,0
BRDA:453,87,1,0
BRDA:455,88,0,0
BRDA:455,88,1,0
BRDA:457,89,0,0
BRDA:457,89,1,0
BRDA:457,90,0,0
BRDA:457,90,1,0
BRDA:470,91,0,0
BRDA:470,91,1,0
BRDA:486,92,0,0
BRDA:486,92,1,0
BRDA:486,93,0,0
BRDA:486,93,1,0
BRDA:493,94,0,0
BRDA:493,94,1,0
BRDA:493,94,2,0
BRDA:493,94,3,0
BRDA:512,95,0,0
BRDA:512,95,1,0
BRDA:512,96,0,0
BRDA:512,96,1,0
BRDA:528,97,0,0
BRDA:528,97,1,0
BRDA:544,98,0,0
BRDA:544,98,1,0
BRDA:549,99,0,0
BRDA:549,99,1,0
BRDA:553,100,0,0
BRDA:553,100,1,0
BRDA:554,101,0,0
BRDA:554,101,1,0
BRDA:565,102,0,0
BRDA:565,102,1,0
BRDA:567,103,0,0
BRDA:567,103,1,0
BRDA:581,104,0,0
BRDA:581,104,1,0
BRDA:582,105,0,0
BRDA:582,105,1,0
BRDA:583,106,0,0
BRDA:583,106,1,0
BRDA:584,107,0,0
BRDA:584,107,1,0
BRF:212
BRH:0
end_of_record
TN:
SF:utils/RateLimiter.js
FN:12,(anonymous_0)
FN:14,(anonymous_1)
FN:22,(anonymous_2)
FN:45,(anonymous_3)
FN:75,(anonymous_4)
FN:119,(anonymous_5)
FN:174,(anonymous_6)
FN:199,(anonymous_7)
FN:200,(anonymous_8)
FN:235,(anonymous_9)
FN:245,(anonymous_10)
FN:277,(anonymous_11)
FN:288,(anonymous_12)
FN:295,(anonymous_13)
FN:306,(anonymous_14)
FN:314,(anonymous_15)
FN:332,(anonymous_16)
FNF:17
FNH:1
FNDA:19,(anonymous_0)
FNDA:0,(anonymous_1)
FNDA:0,(anonymous_2)
FNDA:0,(anonymous_3)
FNDA:0,(anonymous_4)
FNDA:0,(anonymous_5)
FNDA:0,(anonymous_6)
FNDA:0,(anonymous_7)
FNDA:0,(anonymous_8)
FNDA:0,(anonymous_9)
FNDA:0,(anonymous_10)
FNDA:0,(anonymous_11)
FNDA:0,(anonymous_12)
FNDA:0,(anonymous_13)
FNDA:0,(anonymous_14)
FNDA:0,(anonymous_15)
FNDA:0,(anonymous_16)
DA:13,19
DA:14,19
DA:15,0
DA:28,0
DA:30,0
DA:31,0
DA:34,0
DA:35,0
DA:36,0
DA:41,0
DA:45,0
DA:46,0
DA:49,0
DA:51,0
DA:53,0
DA:54,0
DA:58,0
DA:59,0
DA:60,0
DA:62,0
DA:80,0
DA:82,0
DA:85,0
DA:86,0
DA:87,0
DA:91,0
DA:95,0
DA:96,0
DA:97,0
DA:98,0
DA:101,0
DA:103,0
DA:104,0
DA:107,0
DA:124,0
DA:126,0
DA:127,0
DA:128,0
DA:131,0
DA:132,0
DA:133,0
DA:137,0
DA:141,0
DA:142,0
DA:143,0
DA:144,0
DA:145,0
DA:150,0
DA:152,0
DA:154,0
DA:155,0
DA:156,0
DA:159,0
DA:160,0
DA:162,0
DA:180,0
DA:182,0
DA:185,0
DA:186,0
DA:187,0
DA:193,0
DA:196,0
DA:199,0
DA:200,0
DA:203,0
DA:207,0
DA:208,0
DA:209,0
DA:210,0
DA:211,0
DA:213,0
DA:217,0
DA:219,0
DA:220,0
DA:223,0
DA:236,0
DA:237,0
DA:238,0
DA:246,0
DA:251,0
DA:252,0
DA:253,0
DA:254,0
DA:262,0
DA:263,0
DA:271,0
DA:278,0
DA:279,0
DA:280,0
DA:282,0
DA:289,0
DA:296,0
DA:297,0
DA:299,0
DA:301,0
DA:302,0
DA:306,0
DA:308,0
DA:315,0
DA:317,0
DA:318,0
DA:319,0
DA:322,0
DA:333,0
DA:334,0
DA:336,0
DA:340,2
LF:107
LH:3
BRDA:22,0,0,0
BRDA:24,1,0,0
BRDA:25,2,0,0
BRDA:26,3,0,0
BRDA:27,4,0,0
BRDA:35,5,0,0
BRDA:35,5,1,0
BRDA:51,6,0,0
BRDA:51,6,1,0
BRDA:60,7,0,0
BRDA:60,7,1,0
BRDA:75,8,0,0
BRDA:77,9,0,0
BRDA:78,10,0,0
BRDA:79,11,0,0
BRDA:86,12,0,0
BRDA:86,12,1,0
BRDA:103,13,0,0
BRDA:103,13,1,0
BRDA:112,14,0,0
BRDA:112,14,1,0
BRDA:119,15,0,0
BRDA:121,16,0,0
BRDA:122,17,0,0
BRDA:123,18,0,0
BRDA:132,19,0,0
BRDA:132,19,1,0
BRDA:143,20,0,0
BRDA:143,20,1,0
BRDA:152,21,0,0
BRDA:152,21,1,0
BRDA:154,22,0,0
BRDA:154,22,1,0
BRDA:174,23,0,0
BRDA:176,24,0,0
BRDA:177,25,0,0
BRDA:178,26,0,0
BRDA:179,27,0,0
BRDA:186,28,0,0
BRDA:186,28,1,0
BRDA:203,29,0,0
BRDA:203,29,1,0
BRDA:207,30,0,0
BRDA:207,30,1,0
BRDA:208,31,0,0
BRDA:208,31,1,0
BRDA:210,32,0,0
BRDA:210,32,1,0
BRDA:219,33,0,0
BRDA:219,33,1,0
BRDA:237,34,0,0
BRDA:237,34,1,0
BRDA:251,35,0,0
BRDA:251,35,1,0
BRDA:253,36,0,0
BRDA:253,36,1,0
BRDA:255,37,0,0
BRDA:255,37,1,0
BRDA:255,37,2,0
BRDA:264,38,0,0
BRDA:264,38,1,0
BRDA:264,38,2,0
BRDA:278,39,0,0
BRDA:278,39,1,0
BRDA:301,40,0,0
BRDA:301,40,1,0
BRDA:301,41,0,0
BRDA:301,41,1,0
BRDA:333,42,0,0
BRDA:333,42,1,0
BRF:70
BRH:0
end_of_record
